[0.540s] Invoking command in '/home/euntaek/ws_mobile/build/mobile_robot': CMAKE_PREFIX_PATH=${CMAKE_PREFIX_PATH}:/home/euntaek/ws_mobile/install/serial_communication_pkg:/home/euntaek/ws_mobile/install/lidar_perception_pkg:/home/euntaek/ws_mobile/install/decision_making_pkg:/home/euntaek/ws_mobile/install/gps_path:/home/euntaek/ws_mobile/install/debug_pkg:/home/euntaek/ws_mobile/install/camera_perception_pkg:/opt/ros/humble /usr/bin/cmake /home/euntaek/ws_mobile/src/mobile_robot -DAMENT_CMAKE_SYMLINK_INSTALL=1 -DCMAKE_INSTALL_PREFIX=/home/euntaek/ws_mobile/install/mobile_robot
[0.676s] -- The C compiler identification is GNU 11.4.0
[0.676s] -- The CXX compiler identification is GNU 11.4.0
[0.676s] -- Detecting C compiler ABI info
[0.676s] -- Detecting C compiler ABI info - done
[0.676s] -- Check for working C compiler: /usr/bin/cc - skipped
[0.676s] -- Detecting C compile features
[0.676s] -- Detecting C compile features - done
[0.676s] -- Detecting CXX compiler ABI info
[0.710s] -- Detecting CXX compiler ABI info - done
[0.714s] -- Check for working CXX compiler: /usr/bin/c++ - skipped
[0.714s] -- Detecting CXX compile features
[0.714s] -- Detecting CXX compile features - done
[0.716s] -- Found ament_cmake: 1.3.12 (/opt/ros/humble/share/ament_cmake/cmake)
[0.806s] -- Found Python3: /usr/bin/python3 (found version "3.10.12") found components: Interpreter 
[0.843s] -- Override CMake install command with custom implementation using symlinks instead of copying resources
[0.864s] -- Found ament_lint_auto: 0.12.14 (/opt/ros/humble/share/ament_lint_auto/cmake)
[0.911s] -- Added test 'flake8' to check Python code syntax and style conventions
[0.912s] -- Added test 'lint_cmake' to check CMake code style
[0.912s] -- Added test 'pep257' to check Python code against some of the docstring style conventions in PEP 257
[0.913s] -- Added test 'xmllint' to check XML markup files
[0.914s] -- Configuring done
[0.916s] -- Generating done
[0.917s] -- Build files have been written to: /home/euntaek/ws_mobile/build/mobile_robot
[0.923s] Invoked command in '/home/euntaek/ws_mobile/build/mobile_robot' returned '0': CMAKE_PREFIX_PATH=${CMAKE_PREFIX_PATH}:/home/euntaek/ws_mobile/install/serial_communication_pkg:/home/euntaek/ws_mobile/install/lidar_perception_pkg:/home/euntaek/ws_mobile/install/decision_making_pkg:/home/euntaek/ws_mobile/install/gps_path:/home/euntaek/ws_mobile/install/debug_pkg:/home/euntaek/ws_mobile/install/camera_perception_pkg:/opt/ros/humble /usr/bin/cmake /home/euntaek/ws_mobile/src/mobile_robot -DAMENT_CMAKE_SYMLINK_INSTALL=1 -DCMAKE_INSTALL_PREFIX=/home/euntaek/ws_mobile/install/mobile_robot
[0.924s] Invoking command in '/home/euntaek/ws_mobile/build/mobile_robot': CMAKE_PREFIX_PATH=${CMAKE_PREFIX_PATH}:/home/euntaek/ws_mobile/install/serial_communication_pkg:/home/euntaek/ws_mobile/install/lidar_perception_pkg:/home/euntaek/ws_mobile/install/decision_making_pkg:/home/euntaek/ws_mobile/install/gps_path:/home/euntaek/ws_mobile/install/debug_pkg:/home/euntaek/ws_mobile/install/camera_perception_pkg:/opt/ros/humble /usr/bin/cmake --build /home/euntaek/ws_mobile/build/mobile_robot -- -j24 -l24
[0.952s] Invoked command in '/home/euntaek/ws_mobile/build/mobile_robot' returned '0': CMAKE_PREFIX_PATH=${CMAKE_PREFIX_PATH}:/home/euntaek/ws_mobile/install/serial_communication_pkg:/home/euntaek/ws_mobile/install/lidar_perception_pkg:/home/euntaek/ws_mobile/install/decision_making_pkg:/home/euntaek/ws_mobile/install/gps_path:/home/euntaek/ws_mobile/install/debug_pkg:/home/euntaek/ws_mobile/install/camera_perception_pkg:/opt/ros/humble /usr/bin/cmake --build /home/euntaek/ws_mobile/build/mobile_robot -- -j24 -l24
[0.953s] Invoking command in '/home/euntaek/ws_mobile/build/mobile_robot': CMAKE_PREFIX_PATH=${CMAKE_PREFIX_PATH}:/home/euntaek/ws_mobile/install/serial_communication_pkg:/home/euntaek/ws_mobile/install/lidar_perception_pkg:/home/euntaek/ws_mobile/install/decision_making_pkg:/home/euntaek/ws_mobile/install/gps_path:/home/euntaek/ws_mobile/install/debug_pkg:/home/euntaek/ws_mobile/install/camera_perception_pkg:/opt/ros/humble /usr/bin/cmake --install /home/euntaek/ws_mobile/build/mobile_robot
[0.958s] -- Install configuration: ""
[0.958s] -- Execute custom install script
[0.958s] -- Symlinking: /home/euntaek/ws_mobile/install/mobile_robot/share/mobile_robot/launch/__pycache__/gazebo_model.launch.cpython-310.pyc
[0.965s] -- Symlinking: /home/euntaek/ws_mobile/install/mobile_robot/share/mobile_robot/launch/gazebo_model.launch.py
[0.970s] -- Symlinking: /home/euntaek/ws_mobile/install/mobile_robot/share/mobile_robot/model/robot.gazebo
[0.975s] -- Symlinking: /home/euntaek/ws_mobile/install/mobile_robot/share/mobile_robot/model/robot.xacro
[0.981s] -- Symlinking: /home/euntaek/ws_mobile/install/mobile_robot/share/mobile_robot/parameters/bridge_parameters.yaml
[0.986s] -- Symlinking: /home/euntaek/ws_mobile/install/mobile_robot/share/mobile_robot/worlds/lane_markers.sdf
[0.991s] -- Symlinking: /home/euntaek/ws_mobile/install/mobile_robot/share/mobile_robot/worlds/my_world.sdf
[0.996s] -- Symlinking: /home/euntaek/ws_mobile/install/mobile_robot/share/mobile_robot/scripts/odom_to_navsat.py
[1.001s] -- Symlinking: /home/euntaek/ws_mobile/install/mobile_robot/share/mobile_robot/scripts/posev_to_model_pose.py
[1.008s] -- Symlinking: /home/euntaek/ws_mobile/install/mobile_robot/share/mobile_robot/scripts/steering_pot_emulator.py
[1.013s] -- Symlinking: /home/euntaek/ws_mobile/install/mobile_robot/share/mobile_robot/scripts/twist_to_ackermann_fixed.py
[1.018s] -- Symlinking: /home/euntaek/ws_mobile/install/mobile_robot/share/mobile_robot/scripts/vehicle_interface.py
[1.023s] -- Symlinking: /home/euntaek/ws_mobile/install/mobile_robot/share/mobile_robot/scripts/worldpose_to_navsat.py
[1.028s] -- Symlinking: /home/euntaek/ws_mobile/install/mobile_robot/lib/mobile_robot/vehicle_interface.py
[1.033s] -- Symlinking: /home/euntaek/ws_mobile/install/mobile_robot/lib/mobile_robot/steering_pot_emulator.py
[1.038s] -- Symlinking: /home/euntaek/ws_mobile/install/mobile_robot/lib/mobile_robot/twist_to_ackermann_fixed.py
[1.043s] -- Symlinking: /home/euntaek/ws_mobile/install/mobile_robot/lib/mobile_robot/posev_to_model_pose.py
[1.049s] -- Symlinking: /home/euntaek/ws_mobile/install/mobile_robot/lib/mobile_robot/worldpose_to_navsat.py
[1.054s] -- Symlinking: /home/euntaek/ws_mobile/install/mobile_robot/share/ament_index/resource_index/package_run_dependencies/mobile_robot
[1.059s] -- Symlinking: /home/euntaek/ws_mobile/install/mobile_robot/share/ament_index/resource_index/parent_prefix_path/mobile_robot
[1.065s] -- Symlinking: /home/euntaek/ws_mobile/install/mobile_robot/share/mobile_robot/environment/ament_prefix_path.sh
[1.069s] -- Symlinking: /home/euntaek/ws_mobile/install/mobile_robot/share/mobile_robot/environment/ament_prefix_path.dsv
[1.074s] -- Symlinking: /home/euntaek/ws_mobile/install/mobile_robot/share/mobile_robot/environment/path.sh
[1.080s] -- Symlinking: /home/euntaek/ws_mobile/install/mobile_robot/share/mobile_robot/environment/path.dsv
[1.085s] -- Symlinking: /home/euntaek/ws_mobile/install/mobile_robot/share/mobile_robot/local_setup.bash
[1.091s] -- Symlinking: /home/euntaek/ws_mobile/install/mobile_robot/share/mobile_robot/local_setup.sh
[1.097s] -- Symlinking: /home/euntaek/ws_mobile/install/mobile_robot/share/mobile_robot/local_setup.zsh
[1.102s] -- Symlinking: /home/euntaek/ws_mobile/install/mobile_robot/share/mobile_robot/local_setup.dsv
[1.109s] -- Symlinking: /home/euntaek/ws_mobile/install/mobile_robot/share/mobile_robot/package.dsv
[1.115s] -- Symlinking: /home/euntaek/ws_mobile/install/mobile_robot/share/ament_index/resource_index/packages/mobile_robot
[1.120s] -- Symlinking: /home/euntaek/ws_mobile/install/mobile_robot/share/mobile_robot/cmake/mobile_robotConfig.cmake
[1.125s] -- Symlinking: /home/euntaek/ws_mobile/install/mobile_robot/share/mobile_robot/cmake/mobile_robotConfig-version.cmake
[1.131s] -- Symlinking: /home/euntaek/ws_mobile/install/mobile_robot/share/mobile_robot/package.xml
[1.138s] Invoked command in '/home/euntaek/ws_mobile/build/mobile_robot' returned '0': CMAKE_PREFIX_PATH=${CMAKE_PREFIX_PATH}:/home/euntaek/ws_mobile/install/serial_communication_pkg:/home/euntaek/ws_mobile/install/lidar_perception_pkg:/home/euntaek/ws_mobile/install/decision_making_pkg:/home/euntaek/ws_mobile/install/gps_path:/home/euntaek/ws_mobile/install/debug_pkg:/home/euntaek/ws_mobile/install/camera_perception_pkg:/opt/ros/humble /usr/bin/cmake --install /home/euntaek/ws_mobile/build/mobile_robot
