[0.944s] Invoking command in '/home/euntaek/ws_mobile/src/debug_pkg': PYTHONPATH=/home/euntaek/ws_mobile/build/debug_pkg/prefix_override:/usr/lib/python3/dist-packages/colcon_core/task/python/colcon_distutils_commands:/home/euntaek/ws_mobile/install/debug_pkg/lib/python3.10/site-packages:${PYTHONPATH} /usr/bin/python3 -W ignore:setup.py install is deprecated -W ignore:easy_install command is deprecated setup.py egg_info --egg-base ../../build/debug_pkg build --build-base /home/euntaek/ws_mobile/build/debug_pkg/build install --record /home/euntaek/ws_mobile/build/debug_pkg/install.log --single-version-externally-managed install_data
[1.074s] running egg_info
[1.074s] writing ../../build/debug_pkg/debug_pkg.egg-info/PKG-INFO
[1.074s] writing dependency_links to ../../build/debug_pkg/debug_pkg.egg-info/dependency_links.txt
[1.074s] writing entry points to ../../build/debug_pkg/debug_pkg.egg-info/entry_points.txt
[1.074s] writing requirements to ../../build/debug_pkg/debug_pkg.egg-info/requires.txt
[1.074s] writing top-level names to ../../build/debug_pkg/debug_pkg.egg-info/top_level.txt
[1.075s] reading manifest file '../../build/debug_pkg/debug_pkg.egg-info/SOURCES.txt'
[1.076s] writing manifest file '../../build/debug_pkg/debug_pkg.egg-info/SOURCES.txt'
[1.076s] running build
[1.076s] running build_py
[1.076s] running install
[1.076s] running install_lib
[1.077s] running install_data
[1.077s] running install_egg_info
[1.078s] removing '/home/euntaek/ws_mobile/install/debug_pkg/lib/python3.10/site-packages/debug_pkg-0.0.0-py3.10.egg-info' (and everything under it)
[1.079s] Copying ../../build/debug_pkg/debug_pkg.egg-info to /home/euntaek/ws_mobile/install/debug_pkg/lib/python3.10/site-packages/debug_pkg-0.0.0-py3.10.egg-info
[1.079s] running install_scripts
[1.090s] Installing gps_path_visualizer_node script to /home/euntaek/ws_mobile/install/debug_pkg/lib/debug_pkg
[1.090s] Installing path_visualizer_node script to /home/euntaek/ws_mobile/install/debug_pkg/lib/debug_pkg
[1.090s] Installing yolo_visualizer_node script to /home/euntaek/ws_mobile/install/debug_pkg/lib/debug_pkg
[1.091s] writing list of installed files to '/home/euntaek/ws_mobile/build/debug_pkg/install.log'
[1.113s] Invoked command in '/home/euntaek/ws_mobile/src/debug_pkg' returned '0': PYTHONPATH=/home/euntaek/ws_mobile/build/debug_pkg/prefix_override:/usr/lib/python3/dist-packages/colcon_core/task/python/colcon_distutils_commands:/home/euntaek/ws_mobile/install/debug_pkg/lib/python3.10/site-packages:${PYTHONPATH} /usr/bin/python3 -W ignore:setup.py install is deprecated -W ignore:easy_install command is deprecated setup.py egg_info --egg-base ../../build/debug_pkg build --build-base /home/euntaek/ws_mobile/build/debug_pkg/build install --record /home/euntaek/ws_mobile/build/debug_pkg/install.log --single-version-externally-managed install_data
