[0.870s] Invoking command in '/home/euntaek/ws_mobile/build/gps_path': PYTHONPATH=/home/euntaek/ws_mobile/build/gps_path/prefix_override:/usr/lib/python3/dist-packages/colcon_core/task/python/colcon_distutils_commands:/home/euntaek/ws_mobile/install/gps_path/lib/python3.10/site-packages:${PYTHONPATH} /usr/bin/python3 -W ignore:setup.py install is deprecated -W ignore:easy_install command is deprecated setup.py develop --editable --build-directory /home/euntaek/ws_mobile/build/gps_path/build --no-deps symlink_data
[1.009s] running develop
[1.083s] running egg_info
[1.083s] creating gps_path.egg-info
[1.083s] writing gps_path.egg-info/PKG-INFO
[1.084s] writing dependency_links to gps_path.egg-info/dependency_links.txt
[1.084s] writing entry points to gps_path.egg-info/entry_points.txt
[1.084s] writing requirements to gps_path.egg-info/requires.txt
[1.084s] writing top-level names to gps_path.egg-info/top_level.txt
[1.084s] writing manifest file 'gps_path.egg-info/SOURCES.txt'
[1.085s] reading manifest file 'gps_path.egg-info/SOURCES.txt'
[1.085s] writing manifest file 'gps_path.egg-info/SOURCES.txt'
[1.086s] running build_ext
[1.086s] Creating /home/euntaek/ws_mobile/install/gps_path/lib/python3.10/site-packages/gps-path.egg-link (link to .)
[1.086s] Installing gps_centerline_node script to /home/euntaek/ws_mobile/install/gps_path/lib/gps_path
[1.086s] 
[1.087s] Installed /home/euntaek/ws_mobile/build/gps_path
[1.087s] running symlink_data
[1.087s] creating /home/euntaek/ws_mobile/install/gps_path/share/ament_index
[1.087s] creating /home/euntaek/ws_mobile/install/gps_path/share/ament_index/resource_index
[1.087s] creating /home/euntaek/ws_mobile/install/gps_path/share/ament_index/resource_index/packages
[1.087s] symbolically linking /home/euntaek/ws_mobile/build/gps_path/resource/gps_path -> /home/euntaek/ws_mobile/install/gps_path/share/ament_index/resource_index/packages
[1.087s] symbolically linking /home/euntaek/ws_mobile/build/gps_path/package.xml -> /home/euntaek/ws_mobile/install/gps_path/share/gps_path
[1.087s] creating /home/euntaek/ws_mobile/install/gps_path/share/gps_path/launch
[1.087s] symbolically linking /home/euntaek/ws_mobile/build/gps_path/launch/gps_centerline.launch.py -> /home/euntaek/ws_mobile/install/gps_path/share/gps_path/launch
[1.087s] creating /home/euntaek/ws_mobile/install/gps_path/share/gps_path/data
[1.087s] symbolically linking /home/euntaek/ws_mobile/build/gps_path/data/left_lane.csv -> /home/euntaek/ws_mobile/install/gps_path/share/gps_path/data
[1.087s] symbolically linking /home/euntaek/ws_mobile/build/gps_path/data/right_lane.csv -> /home/euntaek/ws_mobile/install/gps_path/share/gps_path/data
[1.113s] Invoked command in '/home/euntaek/ws_mobile/build/gps_path' returned '0': PYTHONPATH=/home/euntaek/ws_mobile/build/gps_path/prefix_override:/usr/lib/python3/dist-packages/colcon_core/task/python/colcon_distutils_commands:/home/euntaek/ws_mobile/install/gps_path/lib/python3.10/site-packages:${PYTHONPATH} /usr/bin/python3 -W ignore:setup.py install is deprecated -W ignore:easy_install command is deprecated setup.py develop --editable --build-directory /home/euntaek/ws_mobile/build/gps_path/build --no-deps symlink_data
