[0.539s] Invoking command in '/home/euntaek/ws_mobile/build/my_robot_description': CMAKE_PREFIX_PATH=${CMAKE_PREFIX_PATH}:/home/euntaek/ws_mobile/install/serial_communication_pkg:/home/euntaek/ws_mobile/install/lidar_perception_pkg:/home/euntaek/ws_mobile/install/decision_making_pkg:/home/euntaek/ws_mobile/install/gps_path:/home/euntaek/ws_mobile/install/debug_pkg:/home/euntaek/ws_mobile/install/camera_perception_pkg:/opt/ros/humble /usr/bin/cmake /home/euntaek/ws_mobile/src/my_robot_description -DAMENT_CMAKE_SYMLINK_INSTALL=1 -DCMAKE_INSTALL_PREFIX=/home/euntaek/ws_mobile/install/my_robot_description
[0.675s] -- The C compiler identification is GNU 11.4.0
[0.675s] -- The CXX compiler identification is GNU 11.4.0
[0.675s] -- Detecting C compiler ABI info
[0.675s] -- Detecting C compiler ABI info - done
[0.675s] -- Check for working C compiler: /usr/bin/cc - skipped
[0.675s] -- Detecting C compile features
[0.675s] -- Detecting C compile features - done
[0.675s] -- Detecting CXX compiler ABI info
[0.707s] -- Detecting CXX compiler ABI info - done
[0.711s] -- Check for working CXX compiler: /usr/bin/c++ - skipped
[0.712s] -- Detecting CXX compile features
[0.712s] -- Detecting CXX compile features - done
[0.714s] -- Found ament_cmake: 1.3.12 (/opt/ros/humble/share/ament_cmake/cmake)
[0.804s] -- Found Python3: /usr/bin/python3 (found version "3.10.12") found components: Interpreter 
[0.842s] -- Override CMake install command with custom implementation using symlinks instead of copying resources
[0.862s] -- Found ament_lint_auto: 0.12.14 (/opt/ros/humble/share/ament_lint_auto/cmake)
[0.909s] -- Added test 'flake8' to check Python code syntax and style conventions
[0.909s] -- Added test 'lint_cmake' to check CMake code style
[0.910s] -- Added test 'pep257' to check Python code against some of the docstring style conventions in PEP 257
[0.911s] -- Added test 'xmllint' to check XML markup files
[0.912s] -- Configuring done
[0.914s] -- Generating done
[0.914s] -- Build files have been written to: /home/euntaek/ws_mobile/build/my_robot_description
[0.918s] Invoked command in '/home/euntaek/ws_mobile/build/my_robot_description' returned '0': CMAKE_PREFIX_PATH=${CMAKE_PREFIX_PATH}:/home/euntaek/ws_mobile/install/serial_communication_pkg:/home/euntaek/ws_mobile/install/lidar_perception_pkg:/home/euntaek/ws_mobile/install/decision_making_pkg:/home/euntaek/ws_mobile/install/gps_path:/home/euntaek/ws_mobile/install/debug_pkg:/home/euntaek/ws_mobile/install/camera_perception_pkg:/opt/ros/humble /usr/bin/cmake /home/euntaek/ws_mobile/src/my_robot_description -DAMENT_CMAKE_SYMLINK_INSTALL=1 -DCMAKE_INSTALL_PREFIX=/home/euntaek/ws_mobile/install/my_robot_description
[0.920s] Invoking command in '/home/euntaek/ws_mobile/build/my_robot_description': CMAKE_PREFIX_PATH=${CMAKE_PREFIX_PATH}:/home/euntaek/ws_mobile/install/serial_communication_pkg:/home/euntaek/ws_mobile/install/lidar_perception_pkg:/home/euntaek/ws_mobile/install/decision_making_pkg:/home/euntaek/ws_mobile/install/gps_path:/home/euntaek/ws_mobile/install/debug_pkg:/home/euntaek/ws_mobile/install/camera_perception_pkg:/opt/ros/humble /usr/bin/cmake --build /home/euntaek/ws_mobile/build/my_robot_description -- -j24 -l24
[0.944s] Invoked command in '/home/euntaek/ws_mobile/build/my_robot_description' returned '0': CMAKE_PREFIX_PATH=${CMAKE_PREFIX_PATH}:/home/euntaek/ws_mobile/install/serial_communication_pkg:/home/euntaek/ws_mobile/install/lidar_perception_pkg:/home/euntaek/ws_mobile/install/decision_making_pkg:/home/euntaek/ws_mobile/install/gps_path:/home/euntaek/ws_mobile/install/debug_pkg:/home/euntaek/ws_mobile/install/camera_perception_pkg:/opt/ros/humble /usr/bin/cmake --build /home/euntaek/ws_mobile/build/my_robot_description -- -j24 -l24
[0.950s] Invoking command in '/home/euntaek/ws_mobile/build/my_robot_description': CMAKE_PREFIX_PATH=${CMAKE_PREFIX_PATH}:/home/euntaek/ws_mobile/install/serial_communication_pkg:/home/euntaek/ws_mobile/install/lidar_perception_pkg:/home/euntaek/ws_mobile/install/decision_making_pkg:/home/euntaek/ws_mobile/install/gps_path:/home/euntaek/ws_mobile/install/debug_pkg:/home/euntaek/ws_mobile/install/camera_perception_pkg:/opt/ros/humble /usr/bin/cmake --install /home/euntaek/ws_mobile/build/my_robot_description
[0.954s] -- Install configuration: ""
[0.955s] -- Execute custom install script
[0.955s] -- Symlinking: /home/euntaek/ws_mobile/install/my_robot_description/share/ament_index/resource_index/package_run_dependencies/my_robot_description
[0.960s] -- Symlinking: /home/euntaek/ws_mobile/install/my_robot_description/share/ament_index/resource_index/parent_prefix_path/my_robot_description
[0.965s] -- Symlinking: /home/euntaek/ws_mobile/install/my_robot_description/share/my_robot_description/environment/ament_prefix_path.sh
[0.970s] -- Symlinking: /home/euntaek/ws_mobile/install/my_robot_description/share/my_robot_description/environment/ament_prefix_path.dsv
[0.977s] -- Symlinking: /home/euntaek/ws_mobile/install/my_robot_description/share/my_robot_description/environment/path.sh
[0.982s] -- Symlinking: /home/euntaek/ws_mobile/install/my_robot_description/share/my_robot_description/environment/path.dsv
[0.988s] -- Symlinking: /home/euntaek/ws_mobile/install/my_robot_description/share/my_robot_description/local_setup.bash
[0.994s] -- Symlinking: /home/euntaek/ws_mobile/install/my_robot_description/share/my_robot_description/local_setup.sh
[0.999s] -- Symlinking: /home/euntaek/ws_mobile/install/my_robot_description/share/my_robot_description/local_setup.zsh
[1.004s] -- Symlinking: /home/euntaek/ws_mobile/install/my_robot_description/share/my_robot_description/local_setup.dsv
[1.010s] -- Symlinking: /home/euntaek/ws_mobile/install/my_robot_description/share/my_robot_description/package.dsv
[1.015s] -- Symlinking: /home/euntaek/ws_mobile/install/my_robot_description/share/ament_index/resource_index/packages/my_robot_description
[1.022s] -- Symlinking: /home/euntaek/ws_mobile/install/my_robot_description/share/my_robot_description/cmake/my_robot_descriptionConfig.cmake
[1.027s] -- Symlinking: /home/euntaek/ws_mobile/install/my_robot_description/share/my_robot_description/cmake/my_robot_descriptionConfig-version.cmake
[1.032s] -- Symlinking: /home/euntaek/ws_mobile/install/my_robot_description/share/my_robot_description/package.xml
[1.037s] -- Symlinking: /home/euntaek/ws_mobile/install/my_robot_description/share/my_robot_description/launch/display.launch.py
[1.042s] -- Symlinking: /home/euntaek/ws_mobile/install/my_robot_description/share/my_robot_description/urdf/my_car.urdf
[1.051s] Invoked command in '/home/euntaek/ws_mobile/build/my_robot_description' returned '0': CMAKE_PREFIX_PATH=${CMAKE_PREFIX_PATH}:/home/euntaek/ws_mobile/install/serial_communication_pkg:/home/euntaek/ws_mobile/install/lidar_perception_pkg:/home/euntaek/ws_mobile/install/decision_making_pkg:/home/euntaek/ws_mobile/install/gps_path:/home/euntaek/ws_mobile/install/debug_pkg:/home/euntaek/ws_mobile/install/camera_perception_pkg:/opt/ros/humble /usr/bin/cmake --install /home/euntaek/ws_mobile/build/my_robot_description
