[0.302s] Invoking command in '/home/euntaek/ws_mobile/build/decision_making_pkg': CMAKE_PREFIX_PATH=/home/euntaek/ws_mobile/install/interfaces_pkg:/home/euntaek/ws_mobile/install/urdf_test_pkg:/home/euntaek/ws_mobile/install/my_robot_description:/home/euntaek/ws_mobile/install/mobile_robot PYTHONPATH=/home/euntaek/ws_mobile/build/decision_making_pkg/prefix_override:/usr/lib/python3/dist-packages/colcon_core/task/python/colcon_distutils_commands:/home/euntaek/ws_mobile/install/decision_making_pkg/lib/python3.10/site-packages:${PYTHONPATH} /usr/bin/python3 -W ignore:setup.py install is deprecated -W ignore:easy_install command is deprecated setup.py develop --editable --build-directory /home/euntaek/ws_mobile/build/decision_making_pkg/build --no-deps symlink_data
[0.433s] running develop
[0.505s] running egg_info
[0.505s] creating decision_making_pkg.egg-info
[0.505s] writing decision_making_pkg.egg-info/PKG-INFO
[0.505s] writing dependency_links to decision_making_pkg.egg-info/dependency_links.txt
[0.505s] writing entry points to decision_making_pkg.egg-info/entry_points.txt
[0.505s] writing requirements to decision_making_pkg.egg-info/requires.txt
[0.505s] writing top-level names to decision_making_pkg.egg-info/top_level.txt
[0.506s] writing manifest file 'decision_making_pkg.egg-info/SOURCES.txt'
[0.506s] reading manifest file 'decision_making_pkg.egg-info/SOURCES.txt'
[0.507s] writing manifest file 'decision_making_pkg.egg-info/SOURCES.txt'
[0.507s] running build_ext
[0.507s] Creating /home/euntaek/ws_mobile/install/decision_making_pkg/lib/python3.10/site-packages/decision-making-pkg.egg-link (link to .)
[0.508s] Installing motion_planner script to /home/euntaek/ws_mobile/install/decision_making_pkg/lib/decision_making_pkg
[0.508s] Installing path_planner script to /home/euntaek/ws_mobile/install/decision_making_pkg/lib/decision_making_pkg
[0.508s] 
[0.508s] Installed /home/euntaek/ws_mobile/build/decision_making_pkg
[0.508s] running symlink_data
[0.508s] creating /home/euntaek/ws_mobile/install/decision_making_pkg/share/ament_index
[0.508s] creating /home/euntaek/ws_mobile/install/decision_making_pkg/share/ament_index/resource_index
[0.508s] creating /home/euntaek/ws_mobile/install/decision_making_pkg/share/ament_index/resource_index/packages
[0.508s] symbolically linking /home/euntaek/ws_mobile/build/decision_making_pkg/resource/decision_making_pkg -> /home/euntaek/ws_mobile/install/decision_making_pkg/share/ament_index/resource_index/packages
[0.508s] symbolically linking /home/euntaek/ws_mobile/build/decision_making_pkg/package.xml -> /home/euntaek/ws_mobile/install/decision_making_pkg/share/decision_making_pkg
[0.522s] Invoked command in '/home/euntaek/ws_mobile/build/decision_making_pkg' returned '0': CMAKE_PREFIX_PATH=/home/euntaek/ws_mobile/install/interfaces_pkg:/home/euntaek/ws_mobile/install/urdf_test_pkg:/home/euntaek/ws_mobile/install/my_robot_description:/home/euntaek/ws_mobile/install/mobile_robot PYTHONPATH=/home/euntaek/ws_mobile/build/decision_making_pkg/prefix_override:/usr/lib/python3/dist-packages/colcon_core/task/python/colcon_distutils_commands:/home/euntaek/ws_mobile/install/decision_making_pkg/lib/python3.10/site-packages:${PYTHONPATH} /usr/bin/python3 -W ignore:setup.py install is deprecated -W ignore:easy_install command is deprecated setup.py develop --editable --build-directory /home/euntaek/ws_mobile/build/decision_making_pkg/build --no-deps symlink_data
