[0.871s] Invoking command in '/home/euntaek/ws_mobile/build/camera_perception_pkg': PYTHONPATH=/home/euntaek/ws_mobile/build/camera_perception_pkg/prefix_override:/usr/lib/python3/dist-packages/colcon_core/task/python/colcon_distutils_commands:/home/euntaek/ws_mobile/install/camera_perception_pkg/lib/python3.10/site-packages:${PYTHONPATH} /usr/bin/python3 -W ignore:setup.py install is deprecated -W ignore:easy_install command is deprecated setup.py develop --editable --build-directory /home/euntaek/ws_mobile/build/camera_perception_pkg/build --no-deps symlink_data
[1.012s] running develop
[1.090s] running egg_info
[1.090s] creating camera_perception_pkg.egg-info
[1.090s] writing camera_perception_pkg.egg-info/PKG-INFO
[1.090s] writing dependency_links to camera_perception_pkg.egg-info/dependency_links.txt
[1.090s] writing entry points to camera_perception_pkg.egg-info/entry_points.txt
[1.091s] writing requirements to camera_perception_pkg.egg-info/requires.txt
[1.091s] writing top-level names to camera_perception_pkg.egg-info/top_level.txt
[1.091s] writing manifest file 'camera_perception_pkg.egg-info/SOURCES.txt'
[1.091s] reading manifest file 'camera_perception_pkg.egg-info/SOURCES.txt'
[1.092s] writing manifest file 'camera_perception_pkg.egg-info/SOURCES.txt'
[1.092s] running build_ext
[1.092s] Creating /home/euntaek/ws_mobile/install/camera_perception_pkg/lib/python3.10/site-packages/camera-perception-pkg.egg-link (link to .)
[1.093s] Installing image_publisher_node script to /home/euntaek/ws_mobile/install/camera_perception_pkg/lib/camera_perception_pkg
[1.093s] Installing lane_info_extractor_node script to /home/euntaek/ws_mobile/install/camera_perception_pkg/lib/camera_perception_pkg
[1.093s] Installing traffic_light_detector_node script to /home/euntaek/ws_mobile/install/camera_perception_pkg/lib/camera_perception_pkg
[1.093s] Installing yolov8_node script to /home/euntaek/ws_mobile/install/camera_perception_pkg/lib/camera_perception_pkg
[1.093s] 
[1.093s] Installed /home/euntaek/ws_mobile/build/camera_perception_pkg
[1.093s] running symlink_data
[1.093s] creating /home/euntaek/ws_mobile/install/camera_perception_pkg/share/ament_index
[1.093s] creating /home/euntaek/ws_mobile/install/camera_perception_pkg/share/ament_index/resource_index
[1.093s] creating /home/euntaek/ws_mobile/install/camera_perception_pkg/share/ament_index/resource_index/packages
[1.093s] symbolically linking /home/euntaek/ws_mobile/build/camera_perception_pkg/resource/camera_perception_pkg -> /home/euntaek/ws_mobile/install/camera_perception_pkg/share/ament_index/resource_index/packages
[1.093s] symbolically linking /home/euntaek/ws_mobile/build/camera_perception_pkg/package.xml -> /home/euntaek/ws_mobile/install/camera_perception_pkg/share/camera_perception_pkg
[1.113s] Invoked command in '/home/euntaek/ws_mobile/build/camera_perception_pkg' returned '0': PYTHONPATH=/home/euntaek/ws_mobile/build/camera_perception_pkg/prefix_override:/usr/lib/python3/dist-packages/colcon_core/task/python/colcon_distutils_commands:/home/euntaek/ws_mobile/install/camera_perception_pkg/lib/python3.10/site-packages:${PYTHONPATH} /usr/bin/python3 -W ignore:setup.py install is deprecated -W ignore:easy_install command is deprecated setup.py develop --editable --build-directory /home/euntaek/ws_mobile/build/camera_perception_pkg/build --no-deps symlink_data
