[0.866s] Invoking command in '/home/euntaek/ws_mobile/build/lidar_perception_pkg': PYTHONPATH=/home/euntaek/ws_mobile/build/lidar_perception_pkg/prefix_override:/usr/lib/python3/dist-packages/colcon_core/task/python/colcon_distutils_commands:/home/euntaek/ws_mobile/install/lidar_perception_pkg/lib/python3.10/site-packages:${PYTHONPATH} /usr/bin/python3 -W ignore:setup.py install is deprecated -W ignore:easy_install command is deprecated setup.py develop --editable --build-directory /home/euntaek/ws_mobile/build/lidar_perception_pkg/build --no-deps symlink_data
[1.003s] running develop
[1.079s] running egg_info
[1.079s] creating lidar_perception_pkg.egg-info
[1.079s] writing lidar_perception_pkg.egg-info/PKG-INFO
[1.079s] writing dependency_links to lidar_perception_pkg.egg-info/dependency_links.txt
[1.079s] writing entry points to lidar_perception_pkg.egg-info/entry_points.txt
[1.080s] writing requirements to lidar_perception_pkg.egg-info/requires.txt
[1.080s] writing top-level names to lidar_perception_pkg.egg-info/top_level.txt
[1.080s] writing manifest file 'lidar_perception_pkg.egg-info/SOURCES.txt'
[1.081s] reading manifest file 'lidar_perception_pkg.egg-info/SOURCES.txt'
[1.081s] writing manifest file 'lidar_perception_pkg.egg-info/SOURCES.txt'
[1.082s] running build_ext
[1.082s] Creating /home/euntaek/ws_mobile/install/lidar_perception_pkg/lib/python3.10/site-packages/lidar-perception-pkg.egg-link (link to .)
[1.083s] Installing lidar_obstacle_detector_node script to /home/euntaek/ws_mobile/install/lidar_perception_pkg/lib/lidar_perception_pkg
[1.083s] Installing lidar_processor_node script to /home/euntaek/ws_mobile/install/lidar_perception_pkg/lib/lidar_perception_pkg
[1.083s] Installing lidar_publisher_node script to /home/euntaek/ws_mobile/install/lidar_perception_pkg/lib/lidar_perception_pkg
[1.083s] 
[1.083s] Installed /home/euntaek/ws_mobile/build/lidar_perception_pkg
[1.083s] running symlink_data
[1.083s] creating /home/euntaek/ws_mobile/install/lidar_perception_pkg/share/ament_index
[1.083s] creating /home/euntaek/ws_mobile/install/lidar_perception_pkg/share/ament_index/resource_index
[1.083s] creating /home/euntaek/ws_mobile/install/lidar_perception_pkg/share/ament_index/resource_index/packages
[1.083s] symbolically linking /home/euntaek/ws_mobile/build/lidar_perception_pkg/resource/lidar_perception_pkg -> /home/euntaek/ws_mobile/install/lidar_perception_pkg/share/ament_index/resource_index/packages
[1.083s] symbolically linking /home/euntaek/ws_mobile/build/lidar_perception_pkg/package.xml -> /home/euntaek/ws_mobile/install/lidar_perception_pkg/share/lidar_perception_pkg
[1.116s] Invoked command in '/home/euntaek/ws_mobile/build/lidar_perception_pkg' returned '0': PYTHONPATH=/home/euntaek/ws_mobile/build/lidar_perception_pkg/prefix_override:/usr/lib/python3/dist-packages/colcon_core/task/python/colcon_distutils_commands:/home/euntaek/ws_mobile/install/lidar_perception_pkg/lib/python3.10/site-packages:${PYTHONPATH} /usr/bin/python3 -W ignore:setup.py install is deprecated -W ignore:easy_install command is deprecated setup.py develop --editable --build-directory /home/euntaek/ws_mobile/build/lidar_perception_pkg/build --no-deps symlink_data
