[0.933s] Invoking command in '/home/euntaek/ws_mobile/src/debug_pkg': PYTHONPATH=/home/euntaek/ws_mobile/build/debug_pkg/prefix_override:/usr/lib/python3/dist-packages/colcon_core/task/python/colcon_distutils_commands:/home/euntaek/ws_mobile/install/debug_pkg/lib/python3.10/site-packages:${PYTHONPATH} /usr/bin/python3 -W ignore:setup.py install is deprecated -W ignore:easy_install command is deprecated setup.py egg_info --egg-base ../../build/debug_pkg build --build-base /home/euntaek/ws_mobile/build/debug_pkg/build install --record /home/euntaek/ws_mobile/build/debug_pkg/install.log --single-version-externally-managed install_data
[1.060s] running egg_info
[1.060s] writing ../../build/debug_pkg/debug_pkg.egg-info/PKG-INFO
[1.060s] writing dependency_links to ../../build/debug_pkg/debug_pkg.egg-info/dependency_links.txt
[1.060s] writing entry points to ../../build/debug_pkg/debug_pkg.egg-info/entry_points.txt
[1.061s] writing requirements to ../../build/debug_pkg/debug_pkg.egg-info/requires.txt
[1.061s] writing top-level names to ../../build/debug_pkg/debug_pkg.egg-info/top_level.txt
[1.061s] reading manifest file '../../build/debug_pkg/debug_pkg.egg-info/SOURCES.txt'
[1.062s] writing manifest file '../../build/debug_pkg/debug_pkg.egg-info/SOURCES.txt'
[1.062s] running build
[1.062s] running build_py
[1.062s] copying debug_pkg/gps_path_visualizer_node.py -> /home/euntaek/ws_mobile/build/debug_pkg/build/lib/debug_pkg
[1.062s] copying debug_pkg/yolo_visualizer_node.py -> /home/euntaek/ws_mobile/build/debug_pkg/build/lib/debug_pkg
[1.063s] running install
[1.063s] running install_lib
[1.063s] copying /home/euntaek/ws_mobile/build/debug_pkg/build/lib/debug_pkg/gps_path_visualizer_node.py -> /home/euntaek/ws_mobile/install/debug_pkg/lib/python3.10/site-packages/debug_pkg
[1.063s] copying /home/euntaek/ws_mobile/build/debug_pkg/build/lib/debug_pkg/yolo_visualizer_node.py -> /home/euntaek/ws_mobile/install/debug_pkg/lib/python3.10/site-packages/debug_pkg
[1.063s] byte-compiling /home/euntaek/ws_mobile/install/debug_pkg/lib/python3.10/site-packages/debug_pkg/gps_path_visualizer_node.py to gps_path_visualizer_node.cpython-310.pyc
[1.064s] byte-compiling /home/euntaek/ws_mobile/install/debug_pkg/lib/python3.10/site-packages/debug_pkg/yolo_visualizer_node.py to yolo_visualizer_node.cpython-310.pyc
[1.066s] running install_data
[1.066s] running install_egg_info
[1.067s] removing '/home/euntaek/ws_mobile/install/debug_pkg/lib/python3.10/site-packages/debug_pkg-0.0.0-py3.10.egg-info' (and everything under it)
[1.067s] Copying ../../build/debug_pkg/debug_pkg.egg-info to /home/euntaek/ws_mobile/install/debug_pkg/lib/python3.10/site-packages/debug_pkg-0.0.0-py3.10.egg-info
[1.067s] running install_scripts
[1.078s] Installing gps_path_visualizer_node script to /home/euntaek/ws_mobile/install/debug_pkg/lib/debug_pkg
[1.078s] Installing path_visualizer_node script to /home/euntaek/ws_mobile/install/debug_pkg/lib/debug_pkg
[1.078s] Installing yolo_visualizer_node script to /home/euntaek/ws_mobile/install/debug_pkg/lib/debug_pkg
[1.079s] writing list of installed files to '/home/euntaek/ws_mobile/build/debug_pkg/install.log'
[1.109s] Invoked command in '/home/euntaek/ws_mobile/src/debug_pkg' returned '0': PYTHONPATH=/home/euntaek/ws_mobile/build/debug_pkg/prefix_override:/usr/lib/python3/dist-packages/colcon_core/task/python/colcon_distutils_commands:/home/euntaek/ws_mobile/install/debug_pkg/lib/python3.10/site-packages:${PYTHONPATH} /usr/bin/python3 -W ignore:setup.py install is deprecated -W ignore:easy_install command is deprecated setup.py egg_info --egg-base ../../build/debug_pkg build --build-base /home/euntaek/ws_mobile/build/debug_pkg/build install --record /home/euntaek/ws_mobile/build/debug_pkg/install.log --single-version-externally-managed install_data
