[0.417s] Invoking command in '/home/euntaek/ws_mobile/build/my_robot_description': CMAKE_PREFIX_PATH=${CMAKE_PREFIX_PATH}:/home/euntaek/ws_mobile/install/serial_communication_pkg:/home/euntaek/ws_mobile/install/lidar_perception_pkg:/home/euntaek/ws_mobile/install/decision_making_pkg:/home/euntaek/ws_mobile/install/debug_pkg:/home/euntaek/ws_mobile/install/gps_path:/home/euntaek/ws_mobile/install/camera_perception_pkg:/opt/ros/humble /usr/bin/cmake /home/euntaek/ws_mobile/src/my_robot_description -DAMENT_CMAKE_SYMLINK_INSTALL=1 -DCMAKE_INSTALL_PREFIX=/home/euntaek/ws_mobile/install/my_robot_description
[0.564s] -- The C compiler identification is GNU 11.4.0
[0.564s] -- The CXX compiler identification is GNU 11.4.0
[0.564s] -- Detecting C compiler ABI info
[0.564s] -- Detecting C compiler ABI info - done
[0.564s] -- Check for working C compiler: /usr/bin/cc - skipped
[0.564s] -- Detecting C compile features
[0.564s] -- Detecting C compile features - done
[0.564s] -- Detecting CXX compiler ABI info
[0.595s] -- Detecting CXX compiler ABI info - done
[0.599s] -- Check for working CXX compiler: /usr/bin/c++ - skipped
[0.599s] -- Detecting CXX compile features
[0.600s] -- Detecting CXX compile features - done
[0.601s] -- Found ament_cmake: 1.3.12 (/opt/ros/humble/share/ament_cmake/cmake)
[0.693s] -- Found Python3: /usr/bin/python3 (found version "3.10.12") found components: Interpreter 
[0.731s] -- Override CMake install command with custom implementation using symlinks instead of copying resources
[0.750s] -- Found ament_lint_auto: 0.12.14 (/opt/ros/humble/share/ament_lint_auto/cmake)
[0.797s] -- Added test 'flake8' to check Python code syntax and style conventions
[0.797s] -- Added test 'lint_cmake' to check CMake code style
[0.797s] -- Added test 'pep257' to check Python code against some of the docstring style conventions in PEP 257
[0.798s] -- Added test 'xmllint' to check XML markup files
[0.799s] -- Configuring done
[0.801s] -- Generating done
[0.802s] -- Build files have been written to: /home/euntaek/ws_mobile/build/my_robot_description
[0.806s] Invoked command in '/home/euntaek/ws_mobile/build/my_robot_description' returned '0': CMAKE_PREFIX_PATH=${CMAKE_PREFIX_PATH}:/home/euntaek/ws_mobile/install/serial_communication_pkg:/home/euntaek/ws_mobile/install/lidar_perception_pkg:/home/euntaek/ws_mobile/install/decision_making_pkg:/home/euntaek/ws_mobile/install/debug_pkg:/home/euntaek/ws_mobile/install/gps_path:/home/euntaek/ws_mobile/install/camera_perception_pkg:/opt/ros/humble /usr/bin/cmake /home/euntaek/ws_mobile/src/my_robot_description -DAMENT_CMAKE_SYMLINK_INSTALL=1 -DCMAKE_INSTALL_PREFIX=/home/euntaek/ws_mobile/install/my_robot_description
[0.807s] Invoking command in '/home/euntaek/ws_mobile/build/my_robot_description': CMAKE_PREFIX_PATH=${CMAKE_PREFIX_PATH}:/home/euntaek/ws_mobile/install/serial_communication_pkg:/home/euntaek/ws_mobile/install/lidar_perception_pkg:/home/euntaek/ws_mobile/install/decision_making_pkg:/home/euntaek/ws_mobile/install/debug_pkg:/home/euntaek/ws_mobile/install/gps_path:/home/euntaek/ws_mobile/install/camera_perception_pkg:/opt/ros/humble /usr/bin/cmake --build /home/euntaek/ws_mobile/build/my_robot_description -- -j24 -l24
[0.831s] Invoked command in '/home/euntaek/ws_mobile/build/my_robot_description' returned '0': CMAKE_PREFIX_PATH=${CMAKE_PREFIX_PATH}:/home/euntaek/ws_mobile/install/serial_communication_pkg:/home/euntaek/ws_mobile/install/lidar_perception_pkg:/home/euntaek/ws_mobile/install/decision_making_pkg:/home/euntaek/ws_mobile/install/debug_pkg:/home/euntaek/ws_mobile/install/gps_path:/home/euntaek/ws_mobile/install/camera_perception_pkg:/opt/ros/humble /usr/bin/cmake --build /home/euntaek/ws_mobile/build/my_robot_description -- -j24 -l24
[0.837s] Invoking command in '/home/euntaek/ws_mobile/build/my_robot_description': CMAKE_PREFIX_PATH=${CMAKE_PREFIX_PATH}:/home/euntaek/ws_mobile/install/serial_communication_pkg:/home/euntaek/ws_mobile/install/lidar_perception_pkg:/home/euntaek/ws_mobile/install/decision_making_pkg:/home/euntaek/ws_mobile/install/debug_pkg:/home/euntaek/ws_mobile/install/gps_path:/home/euntaek/ws_mobile/install/camera_perception_pkg:/opt/ros/humble /usr/bin/cmake --install /home/euntaek/ws_mobile/build/my_robot_description
[0.841s] -- Install configuration: ""
[0.842s] -- Execute custom install script
[0.842s] -- Symlinking: /home/euntaek/ws_mobile/install/my_robot_description/share/ament_index/resource_index/package_run_dependencies/my_robot_description
[0.848s] -- Symlinking: /home/euntaek/ws_mobile/install/my_robot_description/share/ament_index/resource_index/parent_prefix_path/my_robot_description
[0.854s] -- Symlinking: /home/euntaek/ws_mobile/install/my_robot_description/share/my_robot_description/environment/ament_prefix_path.sh
[0.859s] -- Symlinking: /home/euntaek/ws_mobile/install/my_robot_description/share/my_robot_description/environment/ament_prefix_path.dsv
[0.866s] -- Symlinking: /home/euntaek/ws_mobile/install/my_robot_description/share/my_robot_description/environment/path.sh
[0.871s] -- Symlinking: /home/euntaek/ws_mobile/install/my_robot_description/share/my_robot_description/environment/path.dsv
[0.877s] -- Symlinking: /home/euntaek/ws_mobile/install/my_robot_description/share/my_robot_description/local_setup.bash
[0.884s] -- Symlinking: /home/euntaek/ws_mobile/install/my_robot_description/share/my_robot_description/local_setup.sh
[0.890s] -- Symlinking: /home/euntaek/ws_mobile/install/my_robot_description/share/my_robot_description/local_setup.zsh
[0.895s] -- Symlinking: /home/euntaek/ws_mobile/install/my_robot_description/share/my_robot_description/local_setup.dsv
[0.901s] -- Symlinking: /home/euntaek/ws_mobile/install/my_robot_description/share/my_robot_description/package.dsv
[0.906s] -- Symlinking: /home/euntaek/ws_mobile/install/my_robot_description/share/ament_index/resource_index/packages/my_robot_description
[0.912s] -- Symlinking: /home/euntaek/ws_mobile/install/my_robot_description/share/my_robot_description/cmake/my_robot_descriptionConfig.cmake
[0.917s] -- Symlinking: /home/euntaek/ws_mobile/install/my_robot_description/share/my_robot_description/cmake/my_robot_descriptionConfig-version.cmake
[0.922s] -- Symlinking: /home/euntaek/ws_mobile/install/my_robot_description/share/my_robot_description/package.xml
[0.928s] -- Symlinking: /home/euntaek/ws_mobile/install/my_robot_description/share/my_robot_description/launch/display.launch.py
[0.933s] -- Symlinking: /home/euntaek/ws_mobile/install/my_robot_description/share/my_robot_description/urdf/my_car.urdf
[0.940s] Invoked command in '/home/euntaek/ws_mobile/build/my_robot_description' returned '0': CMAKE_PREFIX_PATH=${CMAKE_PREFIX_PATH}:/home/euntaek/ws_mobile/install/serial_communication_pkg:/home/euntaek/ws_mobile/install/lidar_perception_pkg:/home/euntaek/ws_mobile/install/decision_making_pkg:/home/euntaek/ws_mobile/install/debug_pkg:/home/euntaek/ws_mobile/install/gps_path:/home/euntaek/ws_mobile/install/camera_perception_pkg:/opt/ros/humble /usr/bin/cmake --install /home/euntaek/ws_mobile/build/my_robot_description
