[0.023s] Invoking command in '/home/euntaek/ws_mobile/build/interfaces_pkg': CMAKE_PREFIX_PATH=${CMAKE_PREFIX_PATH}:/home/euntaek/ws_mobile/install/serial_communication_pkg:/home/euntaek/ws_mobile/install/lidar_perception_pkg:/home/euntaek/ws_mobile/install/decision_making_pkg:/home/euntaek/ws_mobile/install/gps_path:/home/euntaek/ws_mobile/install/debug_pkg:/home/euntaek/ws_mobile/install/camera_perception_pkg:/opt/ros/humble /usr/bin/cmake /home/euntaek/ws_mobile/src/interfaces_pkg -DAMENT_CMAKE_SYMLINK_INSTALL=1 -DCMAKE_INSTALL_PREFIX=/home/euntaek/ws_mobile/install/interfaces_pkg
[0.688s] -- The C compiler identification is GNU 11.4.0
[0.688s] -- The CXX compiler identification is GNU 11.4.0
[0.688s] -- Detecting C compiler ABI info
[0.688s] -- Detecting C compiler ABI info - done
[0.688s] -- Check for working C compiler: /usr/bin/cc - skipped
[0.688s] -- Detecting C compile features
[0.688s] -- Detecting C compile features - done
[0.688s] -- Detecting CXX compiler ABI info
[0.689s] -- Detecting CXX compiler ABI info - done
[0.689s] -- Check for working CXX compiler: /usr/bin/c++ - skipped
[0.689s] -- Detecting CXX compile features
[0.689s] -- Detecting CXX compile features - done
[0.689s] -- Found ament_cmake: 1.3.12 (/opt/ros/humble/share/ament_cmake/cmake)
[0.689s] -- Found Python3: /usr/bin/python3 (found version "3.10.12") found components: Interpreter 
[0.689s] -- Override CMake install command with custom implementation using symlinks instead of copying resources
[0.689s] -- Found rosidl_default_generators: 1.2.0 (/opt/ros/humble/share/rosidl_default_generators/cmake)
[0.689s] -- Using all available rosidl_typesupport_c: rosidl_typesupport_fastrtps_c;rosidl_typesupport_introspection_c
[0.689s] -- Found rosidl_adapter: 3.1.7 (/opt/ros/humble/share/rosidl_adapter/cmake)
[0.689s] -- Using all available rosidl_typesupport_cpp: rosidl_typesupport_fastrtps_cpp;rosidl_typesupport_introspection_cpp
[0.689s] -- Found std_msgs: 4.9.0 (/opt/ros/humble/share/std_msgs/cmake)
[0.689s] -- Found geometry_msgs: 4.9.0 (/opt/ros/humble/share/geometry_msgs/cmake)
[0.689s] -- Found ament_cmake_ros: 0.10.0 (/opt/ros/humble/share/ament_cmake_ros/cmake)
[0.758s] -- Using all available rosidl_typesupport_c: rosidl_typesupport_fastrtps_c;rosidl_typesupport_introspection_c
[0.959s] -- Using all available rosidl_typesupport_cpp: rosidl_typesupport_fastrtps_cpp;rosidl_typesupport_introspection_cpp
[0.974s] -- Found PythonInterp: /usr/bin/python3 (found suitable version "3.10.12", minimum required is "3.6") 
[0.975s] -- Found python_cmake_module: 0.10.0 (/opt/ros/humble/share/python_cmake_module/cmake)
[0.992s] -- Found PythonLibs: /usr/lib/x86_64-linux-gnu/libpython3.10.so (found suitable version "3.10.12", minimum required is "3.5") 
[0.992s] -- Using PYTHON_EXECUTABLE: /usr/bin/python3
[0.992s] -- Using PYTHON_INCLUDE_DIRS: /usr/include/python3.10
[0.992s] -- Using PYTHON_LIBRARIES: /usr/lib/x86_64-linux-gnu/libpython3.10.so
[1.006s] -- Found PythonExtra: .so  
[1.050s] -- Configuring done
[1.084s] -- Generating done
[1.092s] -- Build files have been written to: /home/euntaek/ws_mobile/build/interfaces_pkg
[1.099s] Invoked command in '/home/euntaek/ws_mobile/build/interfaces_pkg' returned '0': CMAKE_PREFIX_PATH=${CMAKE_PREFIX_PATH}:/home/euntaek/ws_mobile/install/serial_communication_pkg:/home/euntaek/ws_mobile/install/lidar_perception_pkg:/home/euntaek/ws_mobile/install/decision_making_pkg:/home/euntaek/ws_mobile/install/gps_path:/home/euntaek/ws_mobile/install/debug_pkg:/home/euntaek/ws_mobile/install/camera_perception_pkg:/opt/ros/humble /usr/bin/cmake /home/euntaek/ws_mobile/src/interfaces_pkg -DAMENT_CMAKE_SYMLINK_INSTALL=1 -DCMAKE_INSTALL_PREFIX=/home/euntaek/ws_mobile/install/interfaces_pkg
[1.100s] Invoking command in '/home/euntaek/ws_mobile/build/interfaces_pkg': CMAKE_PREFIX_PATH=${CMAKE_PREFIX_PATH}:/home/euntaek/ws_mobile/install/serial_communication_pkg:/home/euntaek/ws_mobile/install/lidar_perception_pkg:/home/euntaek/ws_mobile/install/decision_making_pkg:/home/euntaek/ws_mobile/install/gps_path:/home/euntaek/ws_mobile/install/debug_pkg:/home/euntaek/ws_mobile/install/camera_perception_pkg:/opt/ros/humble /usr/bin/cmake --build /home/euntaek/ws_mobile/build/interfaces_pkg -- -j24 -l24
[1.128s] [  0%] [34m[1mGenerating C code for ROS interfaces[0m
[1.135s] [  0%] [34m[1mGenerating C++ code for ROS interfaces[0m
[1.138s] [  0%] Built target ament_cmake_python_symlink_interfaces_pkg
[1.268s] running egg_info
[1.268s] creating interfaces_pkg.egg-info
[1.268s] writing interfaces_pkg.egg-info/PKG-INFO
[1.268s] writing dependency_links to interfaces_pkg.egg-info/dependency_links.txt
[1.268s] writing top-level names to interfaces_pkg.egg-info/top_level.txt
[1.268s] writing manifest file 'interfaces_pkg.egg-info/SOURCES.txt'
[1.269s] reading manifest file 'interfaces_pkg.egg-info/SOURCES.txt'
[1.270s] writing manifest file 'interfaces_pkg.egg-info/SOURCES.txt'
[1.283s] [  0%] Built target ament_cmake_python_build_interfaces_pkg_egg
[1.740s] [  0%] Built target interfaces_pkg__cpp
[1.749s] [  1%] [34m[1mGenerating C++ type support for eProsima Fast-RTPS[0m
[1.749s] [  1%] [34m[1mGenerating C++ introspection for ROS interfaces[0m
[1.749s] [  2%] [34m[1mGenerating C++ type support dispatch for ROS interfaces[0m
[1.783s] [  4%] [32mBuilding C object CMakeFiles/interfaces_pkg__rosidl_generator_c.dir/rosidl_generator_c/interfaces_pkg/msg/detail/bounding_box3_d__functions.c.o[0m
[1.784s] [  3%] [32mBuilding C object CMakeFiles/interfaces_pkg__rosidl_generator_c.dir/rosidl_generator_c/interfaces_pkg/msg/detail/pose2_d__functions.c.o[0m
[1.784s] [  4%] [32mBuilding C object CMakeFiles/interfaces_pkg__rosidl_generator_c.dir/rosidl_generator_c/interfaces_pkg/msg/detail/vector2__functions.c.o[0m
[1.784s] [  4%] [32mBuilding C object CMakeFiles/interfaces_pkg__rosidl_generator_c.dir/rosidl_generator_c/interfaces_pkg/msg/detail/mask__functions.c.o[0m
[1.785s] [  4%] [32mBuilding C object CMakeFiles/interfaces_pkg__rosidl_generator_c.dir/rosidl_generator_c/interfaces_pkg/msg/detail/key_point3_d__functions.c.o[0m
[1.785s] [  5%] [32mBuilding C object CMakeFiles/interfaces_pkg__rosidl_generator_c.dir/rosidl_generator_c/interfaces_pkg/msg/detail/key_point2_d_array__functions.c.o[0m
[1.785s] [  6%] [32mBuilding C object CMakeFiles/interfaces_pkg__rosidl_generator_c.dir/rosidl_generator_c/interfaces_pkg/msg/detail/key_point3_d_array__functions.c.o[0m
[1.785s] [  9%] [32mBuilding C object CMakeFiles/interfaces_pkg__rosidl_generator_c.dir/rosidl_generator_c/interfaces_pkg/msg/detail/key_point2_d__functions.c.o[0m
[1.785s] [  9%] [32mBuilding C object CMakeFiles/interfaces_pkg__rosidl_generator_c.dir/rosidl_generator_c/interfaces_pkg/msg/detail/detection_array__functions.c.o[0m
[1.785s] [  9%] [32mBuilding C object CMakeFiles/interfaces_pkg__rosidl_generator_c.dir/rosidl_generator_c/interfaces_pkg/msg/detail/point2_d__functions.c.o[0m
[1.785s] [  9%] [32mBuilding C object CMakeFiles/interfaces_pkg__rosidl_generator_c.dir/rosidl_generator_c/interfaces_pkg/msg/detail/detection__functions.c.o[0m
[1.785s] [ 10%] [32mBuilding C object CMakeFiles/interfaces_pkg__rosidl_generator_c.dir/rosidl_generator_c/interfaces_pkg/msg/detail/lane_info__functions.c.o[0m
[1.787s] [ 11%] [32mBuilding C object CMakeFiles/interfaces_pkg__rosidl_generator_c.dir/rosidl_generator_c/interfaces_pkg/msg/detail/motion_command__functions.c.o[0m
[1.787s] [ 13%] [32mBuilding C object CMakeFiles/interfaces_pkg__rosidl_generator_c.dir/rosidl_generator_c/interfaces_pkg/msg/detail/bounding_box2_d__functions.c.o[0m
[1.787s] [ 13%] [32mBuilding C object CMakeFiles/interfaces_pkg__rosidl_generator_c.dir/rosidl_generator_c/interfaces_pkg/msg/detail/path_planning_result__functions.c.o[0m
[1.787s] [ 13%] [32mBuilding C object CMakeFiles/interfaces_pkg__rosidl_generator_c.dir/rosidl_generator_c/interfaces_pkg/msg/detail/target_point__functions.c.o[0m
[1.833s] [ 14%] [32m[1mLinking C shared library libinterfaces_pkg__rosidl_generator_c.so[0m
[1.861s] [ 14%] Built target interfaces_pkg__rosidl_generator_c
[1.868s] [ 16%] [34m[1mGenerating C type support dispatch for ROS interfaces[0m
[1.868s] [ 16%] [34m[1mGenerating C type support for eProsima Fast-RTPS[0m
[1.869s] [ 17%] [34m[1mGenerating C introspection for ROS interfaces[0m
[2.169s] [ 18%] [32mBuilding CXX object CMakeFiles/interfaces_pkg__rosidl_typesupport_cpp.dir/rosidl_typesupport_cpp/interfaces_pkg/msg/bounding_box2_d__type_support.cpp.o[0m
[2.169s] [ 19%] [32mBuilding CXX object CMakeFiles/interfaces_pkg__rosidl_typesupport_cpp.dir/rosidl_typesupport_cpp/interfaces_pkg/msg/point2_d__type_support.cpp.o[0m
[2.169s] [ 19%] [32mBuilding CXX object CMakeFiles/interfaces_pkg__rosidl_typesupport_cpp.dir/rosidl_typesupport_cpp/interfaces_pkg/msg/bounding_box3_d__type_support.cpp.o[0m
[2.169s] [ 20%] [32mBuilding CXX object CMakeFiles/interfaces_pkg__rosidl_typesupport_cpp.dir/rosidl_typesupport_cpp/interfaces_pkg/msg/pose2_d__type_support.cpp.o[0m
[2.169s] [ 21%] [32mBuilding CXX object CMakeFiles/interfaces_pkg__rosidl_typesupport_cpp.dir/rosidl_typesupport_cpp/interfaces_pkg/msg/mask__type_support.cpp.o[0m
[2.169s] [ 22%] [32mBuilding CXX object CMakeFiles/interfaces_pkg__rosidl_typesupport_cpp.dir/rosidl_typesupport_cpp/interfaces_pkg/msg/key_point2_d__type_support.cpp.o[0m
[2.170s] [ 22%] [32mBuilding CXX object CMakeFiles/interfaces_pkg__rosidl_typesupport_cpp.dir/rosidl_typesupport_cpp/interfaces_pkg/msg/vector2__type_support.cpp.o[0m
[2.170s] [ 22%] [32mBuilding CXX object CMakeFiles/interfaces_pkg__rosidl_typesupport_cpp.dir/rosidl_typesupport_cpp/interfaces_pkg/msg/key_point2_d_array__type_support.cpp.o[0m
[2.171s] [ 23%] [32mBuilding CXX object CMakeFiles/interfaces_pkg__rosidl_typesupport_cpp.dir/rosidl_typesupport_cpp/interfaces_pkg/msg/key_point3_d__type_support.cpp.o[0m
[2.171s] [ 24%] [32mBuilding CXX object CMakeFiles/interfaces_pkg__rosidl_typesupport_cpp.dir/rosidl_typesupport_cpp/interfaces_pkg/msg/key_point3_d_array__type_support.cpp.o[0m
[2.171s] [ 24%] [32mBuilding CXX object CMakeFiles/interfaces_pkg__rosidl_typesupport_cpp.dir/rosidl_typesupport_cpp/interfaces_pkg/msg/motion_command__type_support.cpp.o[0m
[2.171s] [ 24%] [32mBuilding CXX object CMakeFiles/interfaces_pkg__rosidl_typesupport_cpp.dir/rosidl_typesupport_cpp/interfaces_pkg/msg/detection__type_support.cpp.o[0m
[2.171s] [ 26%] [32mBuilding CXX object CMakeFiles/interfaces_pkg__rosidl_typesupport_cpp.dir/rosidl_typesupport_cpp/interfaces_pkg/msg/detection_array__type_support.cpp.o[0m
[2.171s] [ 26%] [32mBuilding CXX object CMakeFiles/interfaces_pkg__rosidl_typesupport_cpp.dir/rosidl_typesupport_cpp/interfaces_pkg/msg/lane_info__type_support.cpp.o[0m
[2.171s] [ 27%] [32mBuilding CXX object CMakeFiles/interfaces_pkg__rosidl_typesupport_cpp.dir/rosidl_typesupport_cpp/interfaces_pkg/msg/path_planning_result__type_support.cpp.o[0m
[2.172s] [ 28%] [32mBuilding CXX object CMakeFiles/interfaces_pkg__rosidl_typesupport_cpp.dir/rosidl_typesupport_cpp/interfaces_pkg/msg/target_point__type_support.cpp.o[0m
[2.319s] [ 29%] [32mBuilding CXX object CMakeFiles/interfaces_pkg__rosidl_typesupport_introspection_cpp.dir/rosidl_typesupport_introspection_cpp/interfaces_pkg/msg/detail/point2_d__type_support.cpp.o[0m
[2.328s] [ 30%] [32mBuilding CXX object CMakeFiles/interfaces_pkg__rosidl_typesupport_introspection_cpp.dir/rosidl_typesupport_introspection_cpp/interfaces_pkg/msg/detail/vector2__type_support.cpp.o[0m
[2.330s] [ 30%] [32mBuilding CXX object CMakeFiles/interfaces_pkg__rosidl_typesupport_introspection_cpp.dir/rosidl_typesupport_introspection_cpp/interfaces_pkg/msg/detail/pose2_d__type_support.cpp.o[0m
[2.336s] [ 31%] [32mBuilding CXX object CMakeFiles/interfaces_pkg__rosidl_typesupport_introspection_cpp.dir/rosidl_typesupport_introspection_cpp/interfaces_pkg/msg/detail/bounding_box2_d__type_support.cpp.o[0m
[2.360s] [ 32%] [32mBuilding CXX object CMakeFiles/interfaces_pkg__rosidl_typesupport_introspection_cpp.dir/rosidl_typesupport_introspection_cpp/interfaces_pkg/msg/detail/bounding_box3_d__type_support.cpp.o[0m
[2.385s] [ 32%] [32mBuilding CXX object CMakeFiles/interfaces_pkg__rosidl_typesupport_introspection_cpp.dir/rosidl_typesupport_introspection_cpp/interfaces_pkg/msg/detail/mask__type_support.cpp.o[0m
[2.386s] [ 33%] [32mBuilding CXX object CMakeFiles/interfaces_pkg__rosidl_typesupport_introspection_cpp.dir/rosidl_typesupport_introspection_cpp/interfaces_pkg/msg/detail/key_point2_d__type_support.cpp.o[0m
[2.386s] [ 34%] [32mBuilding CXX object CMakeFiles/interfaces_pkg__rosidl_typesupport_introspection_cpp.dir/rosidl_typesupport_introspection_cpp/interfaces_pkg/msg/detail/key_point2_d_array__type_support.cpp.o[0m
[2.389s] [ 34%] [32mBuilding CXX object CMakeFiles/interfaces_pkg__rosidl_typesupport_introspection_cpp.dir/rosidl_typesupport_introspection_cpp/interfaces_pkg/msg/detail/key_point3_d__type_support.cpp.o[0m
[2.389s] [ 36%] [32mBuilding CXX object CMakeFiles/interfaces_pkg__rosidl_typesupport_introspection_cpp.dir/rosidl_typesupport_introspection_cpp/interfaces_pkg/msg/detail/key_point3_d_array__type_support.cpp.o[0m
[2.389s] [ 36%] [32mBuilding CXX object CMakeFiles/interfaces_pkg__rosidl_typesupport_introspection_cpp.dir/rosidl_typesupport_introspection_cpp/interfaces_pkg/msg/detail/detection__type_support.cpp.o[0m
[2.389s] [ 36%] [32mBuilding CXX object CMakeFiles/interfaces_pkg__rosidl_typesupport_introspection_cpp.dir/rosidl_typesupport_introspection_cpp/interfaces_pkg/msg/detail/detection_array__type_support.cpp.o[0m
[2.389s] [ 38%] [32mBuilding CXX object CMakeFiles/interfaces_pkg__rosidl_typesupport_introspection_cpp.dir/rosidl_typesupport_introspection_cpp/interfaces_pkg/msg/detail/motion_command__type_support.cpp.o[0m
[2.389s] [ 38%] [32mBuilding CXX object CMakeFiles/interfaces_pkg__rosidl_typesupport_introspection_cpp.dir/rosidl_typesupport_introspection_cpp/interfaces_pkg/msg/detail/lane_info__type_support.cpp.o[0m
[2.389s] [ 38%] [32m[1mLinking CXX shared library libinterfaces_pkg__rosidl_typesupport_cpp.so[0m
[2.390s] [ 38%] [32mBuilding CXX object CMakeFiles/interfaces_pkg__rosidl_typesupport_introspection_cpp.dir/rosidl_typesupport_introspection_cpp/interfaces_pkg/msg/detail/target_point__type_support.cpp.o[0m
[2.395s] [ 39%] [32mBuilding CXX object CMakeFiles/interfaces_pkg__rosidl_typesupport_introspection_cpp.dir/rosidl_typesupport_introspection_cpp/interfaces_pkg/msg/detail/path_planning_result__type_support.cpp.o[0m
[2.404s] [ 39%] [32mBuilding CXX object CMakeFiles/interfaces_pkg__rosidl_typesupport_c.dir/rosidl_typesupport_c/interfaces_pkg/msg/point2_d__type_support.cpp.o[0m
[2.407s] [ 40%] [32mBuilding CXX object CMakeFiles/interfaces_pkg__rosidl_typesupport_c.dir/rosidl_typesupport_c/interfaces_pkg/msg/vector2__type_support.cpp.o[0m
[2.419s] [ 41%] [32mBuilding CXX object CMakeFiles/interfaces_pkg__rosidl_typesupport_c.dir/rosidl_typesupport_c/interfaces_pkg/msg/pose2_d__type_support.cpp.o[0m
[2.423s] [ 41%] [32mBuilding CXX object CMakeFiles/interfaces_pkg__rosidl_typesupport_c.dir/rosidl_typesupport_c/interfaces_pkg/msg/bounding_box2_d__type_support.cpp.o[0m
[2.430s] [ 41%] Built target interfaces_pkg__rosidl_typesupport_cpp
[2.434s] [ 42%] [32mBuilding CXX object CMakeFiles/interfaces_pkg__rosidl_typesupport_c.dir/rosidl_typesupport_c/interfaces_pkg/msg/bounding_box3_d__type_support.cpp.o[0m
[2.441s] [ 43%] [32mBuilding CXX object CMakeFiles/interfaces_pkg__rosidl_typesupport_c.dir/rosidl_typesupport_c/interfaces_pkg/msg/mask__type_support.cpp.o[0m
[2.442s] [ 43%] [32mBuilding CXX object CMakeFiles/interfaces_pkg__rosidl_typesupport_c.dir/rosidl_typesupport_c/interfaces_pkg/msg/key_point2_d__type_support.cpp.o[0m
[2.442s] [ 44%] [32mBuilding CXX object CMakeFiles/interfaces_pkg__rosidl_typesupport_fastrtps_cpp.dir/rosidl_typesupport_fastrtps_cpp/interfaces_pkg/msg/detail/dds_fastrtps/point2_d__type_support.cpp.o[0m
[2.452s] [ 45%] [32mBuilding CXX object CMakeFiles/interfaces_pkg__rosidl_typesupport_c.dir/rosidl_typesupport_c/interfaces_pkg/msg/key_point2_d_array__type_support.cpp.o[0m
[2.452s] [ 45%] [32mBuilding CXX object CMakeFiles/interfaces_pkg__rosidl_typesupport_fastrtps_cpp.dir/rosidl_typesupport_fastrtps_cpp/interfaces_pkg/msg/detail/dds_fastrtps/vector2__type_support.cpp.o[0m
[2.465s] [ 46%] [32mBuilding CXX object CMakeFiles/interfaces_pkg__rosidl_typesupport_c.dir/rosidl_typesupport_c/interfaces_pkg/msg/key_point3_d__type_support.cpp.o[0m
[2.478s] [ 47%] [32mBuilding CXX object CMakeFiles/interfaces_pkg__rosidl_typesupport_fastrtps_cpp.dir/rosidl_typesupport_fastrtps_cpp/interfaces_pkg/msg/detail/dds_fastrtps/pose2_d__type_support.cpp.o[0m
[2.478s] [ 48%] [32mBuilding CXX object CMakeFiles/interfaces_pkg__rosidl_typesupport_fastrtps_cpp.dir/rosidl_typesupport_fastrtps_cpp/interfaces_pkg/msg/detail/dds_fastrtps/bounding_box2_d__type_support.cpp.o[0m
[2.496s] [ 48%] [32mBuilding CXX object CMakeFiles/interfaces_pkg__rosidl_typesupport_c.dir/rosidl_typesupport_c/interfaces_pkg/msg/key_point3_d_array__type_support.cpp.o[0m
[2.499s] [ 49%] [32mBuilding CXX object CMakeFiles/interfaces_pkg__rosidl_typesupport_c.dir/rosidl_typesupport_c/interfaces_pkg/msg/detection__type_support.cpp.o[0m
[2.527s] [ 49%] [32mBuilding CXX object CMakeFiles/interfaces_pkg__rosidl_typesupport_fastrtps_cpp.dir/rosidl_typesupport_fastrtps_cpp/interfaces_pkg/msg/detail/dds_fastrtps/bounding_box3_d__type_support.cpp.o[0m
[2.534s] [ 50%] [32mBuilding CXX object CMakeFiles/interfaces_pkg__rosidl_typesupport_c.dir/rosidl_typesupport_c/interfaces_pkg/msg/detection_array__type_support.cpp.o[0m
[2.569s] [ 50%] [32mBuilding CXX object CMakeFiles/interfaces_pkg__rosidl_typesupport_c.dir/rosidl_typesupport_c/interfaces_pkg/msg/lane_info__type_support.cpp.o[0m
[2.599s] [ 51%] [32mBuilding CXX object CMakeFiles/interfaces_pkg__rosidl_typesupport_c.dir/rosidl_typesupport_c/interfaces_pkg/msg/motion_command__type_support.cpp.o[0m
[2.623s] [ 52%] [32mBuilding CXX object CMakeFiles/interfaces_pkg__rosidl_typesupport_fastrtps_cpp.dir/rosidl_typesupport_fastrtps_cpp/interfaces_pkg/msg/detail/dds_fastrtps/mask__type_support.cpp.o[0m
[2.627s] [ 53%] [32mBuilding CXX object CMakeFiles/interfaces_pkg__rosidl_typesupport_c.dir/rosidl_typesupport_c/interfaces_pkg/msg/target_point__type_support.cpp.o[0m
[2.628s] [ 54%] [32mBuilding CXX object CMakeFiles/interfaces_pkg__rosidl_typesupport_fastrtps_cpp.dir/rosidl_typesupport_fastrtps_cpp/interfaces_pkg/msg/detail/dds_fastrtps/key_point2_d__type_support.cpp.o[0m
[2.631s] [ 54%] [32mBuilding CXX object CMakeFiles/interfaces_pkg__rosidl_typesupport_fastrtps_cpp.dir/rosidl_typesupport_fastrtps_cpp/interfaces_pkg/msg/detail/dds_fastrtps/key_point2_d_array__type_support.cpp.o[0m
[2.648s] [ 55%] [32mBuilding CXX object CMakeFiles/interfaces_pkg__rosidl_typesupport_fastrtps_cpp.dir/rosidl_typesupport_fastrtps_cpp/interfaces_pkg/msg/detail/dds_fastrtps/key_point3_d__type_support.cpp.o[0m
[2.656s] [ 55%] [32mBuilding CXX object CMakeFiles/interfaces_pkg__rosidl_typesupport_c.dir/rosidl_typesupport_c/interfaces_pkg/msg/path_planning_result__type_support.cpp.o[0m
[2.662s] [ 56%] [32mBuilding CXX object CMakeFiles/interfaces_pkg__rosidl_typesupport_fastrtps_cpp.dir/rosidl_typesupport_fastrtps_cpp/interfaces_pkg/msg/detail/dds_fastrtps/key_point3_d_array__type_support.cpp.o[0m
[2.685s] [ 56%] [32mBuilding CXX object CMakeFiles/interfaces_pkg__rosidl_typesupport_fastrtps_cpp.dir/rosidl_typesupport_fastrtps_cpp/interfaces_pkg/msg/detail/dds_fastrtps/detection__type_support.cpp.o[0m
[2.687s] [ 57%] [32m[1mLinking CXX shared library libinterfaces_pkg__rosidl_typesupport_c.so[0m
[2.691s] [ 58%] [32mBuilding CXX object CMakeFiles/interfaces_pkg__rosidl_typesupport_fastrtps_cpp.dir/rosidl_typesupport_fastrtps_cpp/interfaces_pkg/msg/detail/dds_fastrtps/detection_array__type_support.cpp.o[0m
[2.696s] [ 59%] [32mBuilding CXX object CMakeFiles/interfaces_pkg__rosidl_typesupport_fastrtps_cpp.dir/rosidl_typesupport_fastrtps_cpp/interfaces_pkg/msg/detail/dds_fastrtps/lane_info__type_support.cpp.o[0m
[2.697s] [ 59%] [32mBuilding CXX object CMakeFiles/interfaces_pkg__rosidl_typesupport_fastrtps_cpp.dir/rosidl_typesupport_fastrtps_cpp/interfaces_pkg/msg/detail/dds_fastrtps/motion_command__type_support.cpp.o[0m
[2.708s] [ 60%] [32mBuilding CXX object CMakeFiles/interfaces_pkg__rosidl_typesupport_fastrtps_cpp.dir/rosidl_typesupport_fastrtps_cpp/interfaces_pkg/msg/detail/dds_fastrtps/target_point__type_support.cpp.o[0m
[2.714s] [ 61%] [32mBuilding C object CMakeFiles/interfaces_pkg__rosidl_typesupport_introspection_c.dir/rosidl_typesupport_introspection_c/interfaces_pkg/msg/detail/point2_d__type_support.c.o[0m
[2.722s] [ 61%] [32mBuilding C object CMakeFiles/interfaces_pkg__rosidl_typesupport_introspection_c.dir/rosidl_typesupport_introspection_c/interfaces_pkg/msg/detail/vector2__type_support.c.o[0m
[2.722s] [ 62%] [32mBuilding C object CMakeFiles/interfaces_pkg__rosidl_typesupport_introspection_c.dir/rosidl_typesupport_introspection_c/interfaces_pkg/msg/detail/pose2_d__type_support.c.o[0m
[2.725s] [ 63%] [32mBuilding CXX object CMakeFiles/interfaces_pkg__rosidl_typesupport_fastrtps_c.dir/rosidl_typesupport_fastrtps_c/interfaces_pkg/msg/detail/point2_d__type_support_c.cpp.o[0m
[2.725s] [ 63%] [32mBuilding CXX object CMakeFiles/interfaces_pkg__rosidl_typesupport_fastrtps_cpp.dir/rosidl_typesupport_fastrtps_cpp/interfaces_pkg/msg/detail/dds_fastrtps/path_planning_result__type_support.cpp.o[0m
[2.733s] [ 63%] Built target interfaces_pkg__rosidl_typesupport_c
[2.734s] [ 63%] [32mBuilding C object CMakeFiles/interfaces_pkg__rosidl_typesupport_introspection_c.dir/rosidl_typesupport_introspection_c/interfaces_pkg/msg/detail/bounding_box3_d__type_support.c.o[0m
[2.735s] [ 64%] [32mBuilding C object CMakeFiles/interfaces_pkg__rosidl_typesupport_introspection_c.dir/rosidl_typesupport_introspection_c/interfaces_pkg/msg/detail/bounding_box2_d__type_support.c.o[0m
[2.740s] [ 65%] [32mBuilding C object CMakeFiles/interfaces_pkg__rosidl_typesupport_introspection_c.dir/rosidl_typesupport_introspection_c/interfaces_pkg/msg/detail/mask__type_support.c.o[0m
[2.750s] [ 66%] [32mBuilding CXX object CMakeFiles/interfaces_pkg__rosidl_typesupport_fastrtps_c.dir/rosidl_typesupport_fastrtps_c/interfaces_pkg/msg/detail/vector2__type_support_c.cpp.o[0m
[2.753s] [ 67%] [32mBuilding CXX object CMakeFiles/interfaces_pkg__rosidl_typesupport_fastrtps_c.dir/rosidl_typesupport_fastrtps_c/interfaces_pkg/msg/detail/pose2_d__type_support_c.cpp.o[0m
[2.754s] [ 68%] [32mBuilding C object CMakeFiles/interfaces_pkg__rosidl_typesupport_introspection_c.dir/rosidl_typesupport_introspection_c/interfaces_pkg/msg/detail/key_point2_d__type_support.c.o[0m
[2.761s] [ 68%] [32mBuilding C object CMakeFiles/interfaces_pkg__rosidl_typesupport_introspection_c.dir/rosidl_typesupport_introspection_c/interfaces_pkg/msg/detail/key_point2_d_array__type_support.c.o[0m
[2.762s] [ 69%] [32mBuilding C object CMakeFiles/interfaces_pkg__rosidl_typesupport_introspection_c.dir/rosidl_typesupport_introspection_c/interfaces_pkg/msg/detail/key_point3_d__type_support.c.o[0m
[2.766s] [ 69%] [32mBuilding CXX object CMakeFiles/interfaces_pkg__rosidl_typesupport_fastrtps_c.dir/rosidl_typesupport_fastrtps_c/interfaces_pkg/msg/detail/bounding_box2_d__type_support_c.cpp.o[0m
[2.776s] [ 70%] [32mBuilding C object CMakeFiles/interfaces_pkg__rosidl_typesupport_introspection_c.dir/rosidl_typesupport_introspection_c/interfaces_pkg/msg/detail/key_point3_d_array__type_support.c.o[0m
[2.776s] [ 70%] [32mBuilding C object CMakeFiles/interfaces_pkg__rosidl_typesupport_introspection_c.dir/rosidl_typesupport_introspection_c/interfaces_pkg/msg/detail/detection__type_support.c.o[0m
[2.783s] [ 71%] [32mBuilding C object CMakeFiles/interfaces_pkg__rosidl_typesupport_introspection_c.dir/rosidl_typesupport_introspection_c/interfaces_pkg/msg/detail/detection_array__type_support.c.o[0m
[2.787s] [ 72%] [32mBuilding C object CMakeFiles/interfaces_pkg__rosidl_typesupport_introspection_c.dir/rosidl_typesupport_introspection_c/interfaces_pkg/msg/detail/lane_info__type_support.c.o[0m
[2.795s] [ 73%] [32mBuilding CXX object CMakeFiles/interfaces_pkg__rosidl_typesupport_fastrtps_c.dir/rosidl_typesupport_fastrtps_c/interfaces_pkg/msg/detail/bounding_box3_d__type_support_c.cpp.o[0m
[2.796s] [ 74%] [32mBuilding CXX object CMakeFiles/interfaces_pkg__rosidl_typesupport_fastrtps_c.dir/rosidl_typesupport_fastrtps_c/interfaces_pkg/msg/detail/mask__type_support_c.cpp.o[0m
[2.800s] [ 74%] [32mBuilding CXX object CMakeFiles/interfaces_pkg__rosidl_typesupport_fastrtps_c.dir/rosidl_typesupport_fastrtps_c/interfaces_pkg/msg/detail/key_point2_d__type_support_c.cpp.o[0m
[2.808s] [ 75%] [32mBuilding CXX object CMakeFiles/interfaces_pkg__rosidl_typesupport_fastrtps_c.dir/rosidl_typesupport_fastrtps_c/interfaces_pkg/msg/detail/key_point2_d_array__type_support_c.cpp.o[0m
[2.809s] [ 75%] [32mBuilding C object CMakeFiles/interfaces_pkg__rosidl_typesupport_introspection_c.dir/rosidl_typesupport_introspection_c/interfaces_pkg/msg/detail/motion_command__type_support.c.o[0m
[2.817s] [ 77%] [32mBuilding C object CMakeFiles/interfaces_pkg__rosidl_typesupport_introspection_c.dir/rosidl_typesupport_introspection_c/interfaces_pkg/msg/detail/path_planning_result__type_support.c.o[0m
[2.817s] [ 77%] [32mBuilding C object CMakeFiles/interfaces_pkg__rosidl_typesupport_introspection_c.dir/rosidl_typesupport_introspection_c/interfaces_pkg/msg/detail/target_point__type_support.c.o[0m
[2.845s] [ 78%] [32mBuilding CXX object CMakeFiles/interfaces_pkg__rosidl_typesupport_fastrtps_c.dir/rosidl_typesupport_fastrtps_c/interfaces_pkg/msg/detail/key_point3_d_array__type_support_c.cpp.o[0m
[2.845s] [ 79%] [32m[1mLinking CXX shared library libinterfaces_pkg__rosidl_typesupport_introspection_cpp.so[0m
[2.845s] [ 79%] [32mBuilding CXX object CMakeFiles/interfaces_pkg__rosidl_typesupport_fastrtps_c.dir/rosidl_typesupport_fastrtps_c/interfaces_pkg/msg/detail/key_point3_d__type_support_c.cpp.o[0m
[2.847s] [ 80%] [32mBuilding CXX object CMakeFiles/interfaces_pkg__rosidl_typesupport_fastrtps_c.dir/rosidl_typesupport_fastrtps_c/interfaces_pkg/msg/detail/detection__type_support_c.cpp.o[0m
[2.855s] [ 80%] [32m[1mLinking C shared library libinterfaces_pkg__rosidl_typesupport_introspection_c.so[0m
[2.893s] [ 80%] Built target interfaces_pkg__rosidl_typesupport_introspection_c
[2.903s] [ 81%] [32mBuilding CXX object CMakeFiles/interfaces_pkg__rosidl_typesupport_fastrtps_c.dir/rosidl_typesupport_fastrtps_c/interfaces_pkg/msg/detail/detection_array__type_support_c.cpp.o[0m
[2.940s] [ 81%] [32mBuilding CXX object CMakeFiles/interfaces_pkg__rosidl_typesupport_fastrtps_c.dir/rosidl_typesupport_fastrtps_c/interfaces_pkg/msg/detail/lane_info__type_support_c.cpp.o[0m
[2.941s] [ 81%] Built target interfaces_pkg__rosidl_typesupport_introspection_cpp
[2.953s] [ 82%] [32mBuilding CXX object CMakeFiles/interfaces_pkg__rosidl_typesupport_fastrtps_c.dir/rosidl_typesupport_fastrtps_c/interfaces_pkg/msg/detail/motion_command__type_support_c.cpp.o[0m
[2.965s] [ 83%] [32mBuilding CXX object CMakeFiles/interfaces_pkg__rosidl_typesupport_fastrtps_c.dir/rosidl_typesupport_fastrtps_c/interfaces_pkg/msg/detail/target_point__type_support_c.cpp.o[0m
[2.968s] [ 83%] [32mBuilding CXX object CMakeFiles/interfaces_pkg__rosidl_typesupport_fastrtps_c.dir/rosidl_typesupport_fastrtps_c/interfaces_pkg/msg/detail/path_planning_result__type_support_c.cpp.o[0m
[3.084s] [ 83%] [32m[1mLinking CXX shared library libinterfaces_pkg__rosidl_typesupport_fastrtps_cpp.so[0m
[3.141s] [ 83%] Built target interfaces_pkg__rosidl_typesupport_fastrtps_cpp
[3.160s] [ 84%] [32m[1mLinking CXX shared library libinterfaces_pkg__rosidl_typesupport_fastrtps_c.so[0m
[3.207s] [ 84%] Built target interfaces_pkg__rosidl_typesupport_fastrtps_c
[3.220s] [ 84%] Built target interfaces_pkg
[3.233s] [ 85%] [34m[1mGenerating Python code for ROS interfaces[0m
[4.198s] [ 85%] Built target interfaces_pkg__py
[4.212s] [ 85%] [32mBuilding C object CMakeFiles/interfaces_pkg__rosidl_generator_py.dir/rosidl_generator_py/interfaces_pkg/msg/_point2_d_s.c.o[0m
[4.212s] [ 87%] [32mBuilding C object CMakeFiles/interfaces_pkg__rosidl_generator_py.dir/rosidl_generator_py/interfaces_pkg/msg/_pose2_d_s.c.o[0m
[4.212s] [ 87%] [32mBuilding C object CMakeFiles/interfaces_pkg__rosidl_generator_py.dir/rosidl_generator_py/interfaces_pkg/msg/_vector2_s.c.o[0m
[4.212s] [ 88%] [32mBuilding C object CMakeFiles/interfaces_pkg__rosidl_generator_py.dir/rosidl_generator_py/interfaces_pkg/msg/_bounding_box3_d_s.c.o[0m
[4.212s] [ 88%] [32mBuilding C object CMakeFiles/interfaces_pkg__rosidl_generator_py.dir/rosidl_generator_py/interfaces_pkg/msg/_bounding_box2_d_s.c.o[0m
[4.213s] [ 89%] [32mBuilding C object CMakeFiles/interfaces_pkg__rosidl_generator_py.dir/rosidl_generator_py/interfaces_pkg/msg/_key_point2_d_s.c.o[0m
[4.213s] [ 89%] [32mBuilding C object CMakeFiles/interfaces_pkg__rosidl_generator_py.dir/rosidl_generator_py/interfaces_pkg/msg/_key_point2_d_array_s.c.o[0m
[4.213s] [ 90%] [32mBuilding C object CMakeFiles/interfaces_pkg__rosidl_generator_py.dir/rosidl_generator_py/interfaces_pkg/msg/_key_point3_d_s.c.o[0m
[4.214s] [ 92%] [32mBuilding C object CMakeFiles/interfaces_pkg__rosidl_generator_py.dir/rosidl_generator_py/interfaces_pkg/msg/_detection_s.c.o[0m
[4.214s] [ 92%] [32mBuilding C object CMakeFiles/interfaces_pkg__rosidl_generator_py.dir/rosidl_generator_py/interfaces_pkg/msg/_mask_s.c.o[0m
[4.215s] [ 93%] [32mBuilding C object CMakeFiles/interfaces_pkg__rosidl_generator_py.dir/rosidl_generator_py/interfaces_pkg/msg/_detection_array_s.c.o[0m
[4.215s] [ 93%] [32mBuilding C object CMakeFiles/interfaces_pkg__rosidl_generator_py.dir/rosidl_generator_py/interfaces_pkg/msg/_key_point3_d_array_s.c.o[0m
[4.215s] [ 93%] [32mBuilding C object CMakeFiles/interfaces_pkg__rosidl_generator_py.dir/rosidl_generator_py/interfaces_pkg/msg/_lane_info_s.c.o[0m
[4.215s] [ 94%] [32mBuilding C object CMakeFiles/interfaces_pkg__rosidl_generator_py.dir/rosidl_generator_py/interfaces_pkg/msg/_motion_command_s.c.o[0m
[4.216s] [ 94%] [32mBuilding C object CMakeFiles/interfaces_pkg__rosidl_generator_py.dir/rosidl_generator_py/interfaces_pkg/msg/_path_planning_result_s.c.o[0m
[4.216s] [ 95%] [32mBuilding C object CMakeFiles/interfaces_pkg__rosidl_generator_py.dir/rosidl_generator_py/interfaces_pkg/msg/_target_point_s.c.o[0m
[4.294s] [ 96%] [32m[1mLinking C shared library rosidl_generator_py/interfaces_pkg/libinterfaces_pkg__rosidl_generator_py.so[0m
[4.322s] [ 96%] Built target interfaces_pkg__rosidl_generator_py
[4.334s] [ 97%] [32mBuilding C object CMakeFiles/interfaces_pkg__rosidl_typesupport_introspection_c__pyext.dir/rosidl_generator_py/interfaces_pkg/_interfaces_pkg_s.ep.rosidl_typesupport_introspection_c.c.o[0m
[4.335s] [ 99%] [32mBuilding C object CMakeFiles/interfaces_pkg__rosidl_typesupport_c__pyext.dir/rosidl_generator_py/interfaces_pkg/_interfaces_pkg_s.ep.rosidl_typesupport_c.c.o[0m
[4.335s] [ 99%] [32mBuilding C object CMakeFiles/interfaces_pkg__rosidl_typesupport_fastrtps_c__pyext.dir/rosidl_generator_py/interfaces_pkg/_interfaces_pkg_s.ep.rosidl_typesupport_fastrtps_c.c.o[0m
[4.412s] [100%] [32m[1mLinking C shared library rosidl_generator_py/interfaces_pkg/interfaces_pkg_s__rosidl_typesupport_introspection_c.cpython-310-x86_64-linux-gnu.so[0m
[4.413s] [100%] [32m[1mLinking C shared library rosidl_generator_py/interfaces_pkg/interfaces_pkg_s__rosidl_typesupport_fastrtps_c.cpython-310-x86_64-linux-gnu.so[0m
[4.413s] [100%] [32m[1mLinking C shared library rosidl_generator_py/interfaces_pkg/interfaces_pkg_s__rosidl_typesupport_c.cpython-310-x86_64-linux-gnu.so[0m
[4.438s] [100%] Built target interfaces_pkg__rosidl_typesupport_fastrtps_c__pyext
[4.438s] [100%] Built target interfaces_pkg__rosidl_typesupport_c__pyext
[4.438s] [100%] Built target interfaces_pkg__rosidl_typesupport_introspection_c__pyext
[4.447s] Invoked command in '/home/euntaek/ws_mobile/build/interfaces_pkg' returned '0': CMAKE_PREFIX_PATH=${CMAKE_PREFIX_PATH}:/home/euntaek/ws_mobile/install/serial_communication_pkg:/home/euntaek/ws_mobile/install/lidar_perception_pkg:/home/euntaek/ws_mobile/install/decision_making_pkg:/home/euntaek/ws_mobile/install/gps_path:/home/euntaek/ws_mobile/install/debug_pkg:/home/euntaek/ws_mobile/install/camera_perception_pkg:/opt/ros/humble /usr/bin/cmake --build /home/euntaek/ws_mobile/build/interfaces_pkg -- -j24 -l24
[4.448s] Invoking command in '/home/euntaek/ws_mobile/build/interfaces_pkg': CMAKE_PREFIX_PATH=${CMAKE_PREFIX_PATH}:/home/euntaek/ws_mobile/install/serial_communication_pkg:/home/euntaek/ws_mobile/install/lidar_perception_pkg:/home/euntaek/ws_mobile/install/decision_making_pkg:/home/euntaek/ws_mobile/install/gps_path:/home/euntaek/ws_mobile/install/debug_pkg:/home/euntaek/ws_mobile/install/camera_perception_pkg:/opt/ros/humble /usr/bin/cmake --install /home/euntaek/ws_mobile/build/interfaces_pkg
[4.452s] -- Install configuration: ""
[4.452s] -- Execute custom install script
[4.453s] -- Symlinking: /home/euntaek/ws_mobile/install/interfaces_pkg/share/ament_index/resource_index/rosidl_interfaces/interfaces_pkg
[4.458s] -- Symlinking: /home/euntaek/ws_mobile/install/interfaces_pkg/include/interfaces_pkg/interfaces_pkg/msg/bounding_box2_d.h
[4.464s] -- Symlinking: /home/euntaek/ws_mobile/install/interfaces_pkg/include/interfaces_pkg/interfaces_pkg/msg/bounding_box3_d.h
[4.469s] -- Symlinking: /home/euntaek/ws_mobile/install/interfaces_pkg/include/interfaces_pkg/interfaces_pkg/msg/detail/bounding_box2_d__functions.h
[4.474s] -- Symlinking: /home/euntaek/ws_mobile/install/interfaces_pkg/include/interfaces_pkg/interfaces_pkg/msg/detail/bounding_box2_d__struct.h
[4.480s] -- Symlinking: /home/euntaek/ws_mobile/install/interfaces_pkg/include/interfaces_pkg/interfaces_pkg/msg/detail/bounding_box2_d__type_support.h
[4.485s] -- Symlinking: /home/euntaek/ws_mobile/install/interfaces_pkg/include/interfaces_pkg/interfaces_pkg/msg/detail/bounding_box3_d__functions.h
[4.490s] -- Symlinking: /home/euntaek/ws_mobile/install/interfaces_pkg/include/interfaces_pkg/interfaces_pkg/msg/detail/bounding_box3_d__struct.h
[4.495s] -- Symlinking: /home/euntaek/ws_mobile/install/interfaces_pkg/include/interfaces_pkg/interfaces_pkg/msg/detail/bounding_box3_d__type_support.h
[4.500s] -- Symlinking: /home/euntaek/ws_mobile/install/interfaces_pkg/include/interfaces_pkg/interfaces_pkg/msg/detail/detection__functions.h
[4.505s] -- Symlinking: /home/euntaek/ws_mobile/install/interfaces_pkg/include/interfaces_pkg/interfaces_pkg/msg/detail/detection__struct.h
[4.511s] -- Symlinking: /home/euntaek/ws_mobile/install/interfaces_pkg/include/interfaces_pkg/interfaces_pkg/msg/detail/detection__type_support.h
[4.516s] -- Symlinking: /home/euntaek/ws_mobile/install/interfaces_pkg/include/interfaces_pkg/interfaces_pkg/msg/detail/detection_array__functions.h
[4.521s] -- Symlinking: /home/euntaek/ws_mobile/install/interfaces_pkg/include/interfaces_pkg/interfaces_pkg/msg/detail/detection_array__struct.h
[4.526s] -- Symlinking: /home/euntaek/ws_mobile/install/interfaces_pkg/include/interfaces_pkg/interfaces_pkg/msg/detail/detection_array__type_support.h
[4.532s] -- Symlinking: /home/euntaek/ws_mobile/install/interfaces_pkg/include/interfaces_pkg/interfaces_pkg/msg/detail/key_point2_d__functions.h
[4.538s] -- Symlinking: /home/euntaek/ws_mobile/install/interfaces_pkg/include/interfaces_pkg/interfaces_pkg/msg/detail/key_point2_d__struct.h
[4.543s] -- Symlinking: /home/euntaek/ws_mobile/install/interfaces_pkg/include/interfaces_pkg/interfaces_pkg/msg/detail/key_point2_d__type_support.h
[4.548s] -- Symlinking: /home/euntaek/ws_mobile/install/interfaces_pkg/include/interfaces_pkg/interfaces_pkg/msg/detail/key_point2_d_array__functions.h
[4.554s] -- Symlinking: /home/euntaek/ws_mobile/install/interfaces_pkg/include/interfaces_pkg/interfaces_pkg/msg/detail/key_point2_d_array__struct.h
[4.559s] -- Symlinking: /home/euntaek/ws_mobile/install/interfaces_pkg/include/interfaces_pkg/interfaces_pkg/msg/detail/key_point2_d_array__type_support.h
[4.564s] -- Symlinking: /home/euntaek/ws_mobile/install/interfaces_pkg/include/interfaces_pkg/interfaces_pkg/msg/detail/key_point3_d__functions.h
[4.570s] -- Symlinking: /home/euntaek/ws_mobile/install/interfaces_pkg/include/interfaces_pkg/interfaces_pkg/msg/detail/key_point3_d__struct.h
[4.575s] -- Symlinking: /home/euntaek/ws_mobile/install/interfaces_pkg/include/interfaces_pkg/interfaces_pkg/msg/detail/key_point3_d__type_support.h
[4.580s] -- Symlinking: /home/euntaek/ws_mobile/install/interfaces_pkg/include/interfaces_pkg/interfaces_pkg/msg/detail/key_point3_d_array__functions.h
[4.585s] -- Symlinking: /home/euntaek/ws_mobile/install/interfaces_pkg/include/interfaces_pkg/interfaces_pkg/msg/detail/key_point3_d_array__struct.h
[4.590s] -- Symlinking: /home/euntaek/ws_mobile/install/interfaces_pkg/include/interfaces_pkg/interfaces_pkg/msg/detail/key_point3_d_array__type_support.h
[4.596s] -- Symlinking: /home/euntaek/ws_mobile/install/interfaces_pkg/include/interfaces_pkg/interfaces_pkg/msg/detail/lane_info__functions.h
[4.601s] -- Symlinking: /home/euntaek/ws_mobile/install/interfaces_pkg/include/interfaces_pkg/interfaces_pkg/msg/detail/lane_info__struct.h
[4.607s] -- Symlinking: /home/euntaek/ws_mobile/install/interfaces_pkg/include/interfaces_pkg/interfaces_pkg/msg/detail/lane_info__type_support.h
[4.612s] -- Symlinking: /home/euntaek/ws_mobile/install/interfaces_pkg/include/interfaces_pkg/interfaces_pkg/msg/detail/mask__functions.h
[4.617s] -- Symlinking: /home/euntaek/ws_mobile/install/interfaces_pkg/include/interfaces_pkg/interfaces_pkg/msg/detail/mask__struct.h
[4.623s] -- Symlinking: /home/euntaek/ws_mobile/install/interfaces_pkg/include/interfaces_pkg/interfaces_pkg/msg/detail/mask__type_support.h
[4.628s] -- Symlinking: /home/euntaek/ws_mobile/install/interfaces_pkg/include/interfaces_pkg/interfaces_pkg/msg/detail/motion_command__functions.h
[4.633s] -- Symlinking: /home/euntaek/ws_mobile/install/interfaces_pkg/include/interfaces_pkg/interfaces_pkg/msg/detail/motion_command__struct.h
[4.638s] -- Symlinking: /home/euntaek/ws_mobile/install/interfaces_pkg/include/interfaces_pkg/interfaces_pkg/msg/detail/motion_command__type_support.h
[4.643s] -- Symlinking: /home/euntaek/ws_mobile/install/interfaces_pkg/include/interfaces_pkg/interfaces_pkg/msg/detail/path_planning_result__functions.h
[4.649s] -- Symlinking: /home/euntaek/ws_mobile/install/interfaces_pkg/include/interfaces_pkg/interfaces_pkg/msg/detail/path_planning_result__struct.h
[4.654s] -- Symlinking: /home/euntaek/ws_mobile/install/interfaces_pkg/include/interfaces_pkg/interfaces_pkg/msg/detail/path_planning_result__type_support.h
[4.659s] -- Symlinking: /home/euntaek/ws_mobile/install/interfaces_pkg/include/interfaces_pkg/interfaces_pkg/msg/detail/point2_d__functions.h
[4.664s] -- Symlinking: /home/euntaek/ws_mobile/install/interfaces_pkg/include/interfaces_pkg/interfaces_pkg/msg/detail/point2_d__struct.h
[4.669s] -- Symlinking: /home/euntaek/ws_mobile/install/interfaces_pkg/include/interfaces_pkg/interfaces_pkg/msg/detail/point2_d__type_support.h
[4.674s] -- Symlinking: /home/euntaek/ws_mobile/install/interfaces_pkg/include/interfaces_pkg/interfaces_pkg/msg/detail/pose2_d__functions.h
[4.679s] -- Symlinking: /home/euntaek/ws_mobile/install/interfaces_pkg/include/interfaces_pkg/interfaces_pkg/msg/detail/pose2_d__struct.h
[4.684s] -- Symlinking: /home/euntaek/ws_mobile/install/interfaces_pkg/include/interfaces_pkg/interfaces_pkg/msg/detail/pose2_d__type_support.h
[4.690s] -- Symlinking: /home/euntaek/ws_mobile/install/interfaces_pkg/include/interfaces_pkg/interfaces_pkg/msg/detail/target_point__functions.h
[4.696s] -- Symlinking: /home/euntaek/ws_mobile/install/interfaces_pkg/include/interfaces_pkg/interfaces_pkg/msg/detail/target_point__struct.h
[4.701s] -- Symlinking: /home/euntaek/ws_mobile/install/interfaces_pkg/include/interfaces_pkg/interfaces_pkg/msg/detail/target_point__type_support.h
[4.706s] -- Symlinking: /home/euntaek/ws_mobile/install/interfaces_pkg/include/interfaces_pkg/interfaces_pkg/msg/detail/vector2__functions.h
[4.712s] -- Symlinking: /home/euntaek/ws_mobile/install/interfaces_pkg/include/interfaces_pkg/interfaces_pkg/msg/detail/vector2__struct.h
[4.716s] -- Symlinking: /home/euntaek/ws_mobile/install/interfaces_pkg/include/interfaces_pkg/interfaces_pkg/msg/detail/vector2__type_support.h
[4.721s] -- Symlinking: /home/euntaek/ws_mobile/install/interfaces_pkg/include/interfaces_pkg/interfaces_pkg/msg/detection.h
[4.726s] -- Symlinking: /home/euntaek/ws_mobile/install/interfaces_pkg/include/interfaces_pkg/interfaces_pkg/msg/detection_array.h
[4.731s] -- Symlinking: /home/euntaek/ws_mobile/install/interfaces_pkg/include/interfaces_pkg/interfaces_pkg/msg/key_point2_d.h
[4.736s] -- Symlinking: /home/euntaek/ws_mobile/install/interfaces_pkg/include/interfaces_pkg/interfaces_pkg/msg/key_point2_d_array.h
[4.741s] -- Symlinking: /home/euntaek/ws_mobile/install/interfaces_pkg/include/interfaces_pkg/interfaces_pkg/msg/key_point3_d.h
[4.746s] -- Symlinking: /home/euntaek/ws_mobile/install/interfaces_pkg/include/interfaces_pkg/interfaces_pkg/msg/key_point3_d_array.h
[4.751s] -- Symlinking: /home/euntaek/ws_mobile/install/interfaces_pkg/include/interfaces_pkg/interfaces_pkg/msg/lane_info.h
[4.756s] -- Symlinking: /home/euntaek/ws_mobile/install/interfaces_pkg/include/interfaces_pkg/interfaces_pkg/msg/mask.h
[4.761s] -- Symlinking: /home/euntaek/ws_mobile/install/interfaces_pkg/include/interfaces_pkg/interfaces_pkg/msg/motion_command.h
[4.766s] -- Symlinking: /home/euntaek/ws_mobile/install/interfaces_pkg/include/interfaces_pkg/interfaces_pkg/msg/path_planning_result.h
[4.771s] -- Symlinking: /home/euntaek/ws_mobile/install/interfaces_pkg/include/interfaces_pkg/interfaces_pkg/msg/point2_d.h
[4.776s] -- Symlinking: /home/euntaek/ws_mobile/install/interfaces_pkg/include/interfaces_pkg/interfaces_pkg/msg/pose2_d.h
[4.781s] -- Symlinking: /home/euntaek/ws_mobile/install/interfaces_pkg/include/interfaces_pkg/interfaces_pkg/msg/rosidl_generator_c__visibility_control.h
[4.786s] -- Symlinking: /home/euntaek/ws_mobile/install/interfaces_pkg/include/interfaces_pkg/interfaces_pkg/msg/target_point.h
[4.791s] -- Symlinking: /home/euntaek/ws_mobile/install/interfaces_pkg/include/interfaces_pkg/interfaces_pkg/msg/vector2.h
[4.796s] -- Symlinking: /home/euntaek/ws_mobile/install/interfaces_pkg/share/interfaces_pkg/environment/library_path.sh
[4.801s] -- Symlinking: /home/euntaek/ws_mobile/install/interfaces_pkg/share/interfaces_pkg/environment/library_path.dsv
[4.806s] -- Symlinking: /home/euntaek/ws_mobile/install/interfaces_pkg/include/interfaces_pkg/interfaces_pkg/msg/detail/bounding_box2_d__rosidl_typesupport_fastrtps_c.h
[4.811s] -- Symlinking: /home/euntaek/ws_mobile/install/interfaces_pkg/include/interfaces_pkg/interfaces_pkg/msg/detail/bounding_box3_d__rosidl_typesupport_fastrtps_c.h
[4.817s] -- Symlinking: /home/euntaek/ws_mobile/install/interfaces_pkg/include/interfaces_pkg/interfaces_pkg/msg/detail/detection__rosidl_typesupport_fastrtps_c.h
[4.821s] -- Symlinking: /home/euntaek/ws_mobile/install/interfaces_pkg/include/interfaces_pkg/interfaces_pkg/msg/detail/detection_array__rosidl_typesupport_fastrtps_c.h
[4.826s] -- Symlinking: /home/euntaek/ws_mobile/install/interfaces_pkg/include/interfaces_pkg/interfaces_pkg/msg/detail/key_point2_d__rosidl_typesupport_fastrtps_c.h
[4.831s] -- Symlinking: /home/euntaek/ws_mobile/install/interfaces_pkg/include/interfaces_pkg/interfaces_pkg/msg/detail/key_point2_d_array__rosidl_typesupport_fastrtps_c.h
[4.836s] -- Symlinking: /home/euntaek/ws_mobile/install/interfaces_pkg/include/interfaces_pkg/interfaces_pkg/msg/detail/key_point3_d__rosidl_typesupport_fastrtps_c.h
[4.840s] -- Symlinking: /home/euntaek/ws_mobile/install/interfaces_pkg/include/interfaces_pkg/interfaces_pkg/msg/detail/key_point3_d_array__rosidl_typesupport_fastrtps_c.h
[4.845s] -- Symlinking: /home/euntaek/ws_mobile/install/interfaces_pkg/include/interfaces_pkg/interfaces_pkg/msg/detail/lane_info__rosidl_typesupport_fastrtps_c.h
[4.850s] -- Symlinking: /home/euntaek/ws_mobile/install/interfaces_pkg/include/interfaces_pkg/interfaces_pkg/msg/detail/mask__rosidl_typesupport_fastrtps_c.h
[4.855s] -- Symlinking: /home/euntaek/ws_mobile/install/interfaces_pkg/include/interfaces_pkg/interfaces_pkg/msg/detail/motion_command__rosidl_typesupport_fastrtps_c.h
[4.860s] -- Symlinking: /home/euntaek/ws_mobile/install/interfaces_pkg/include/interfaces_pkg/interfaces_pkg/msg/detail/path_planning_result__rosidl_typesupport_fastrtps_c.h
[4.865s] -- Symlinking: /home/euntaek/ws_mobile/install/interfaces_pkg/include/interfaces_pkg/interfaces_pkg/msg/detail/point2_d__rosidl_typesupport_fastrtps_c.h
[4.872s] -- Symlinking: /home/euntaek/ws_mobile/install/interfaces_pkg/include/interfaces_pkg/interfaces_pkg/msg/detail/pose2_d__rosidl_typesupport_fastrtps_c.h
[4.875s] -- Symlinking: /home/euntaek/ws_mobile/install/interfaces_pkg/include/interfaces_pkg/interfaces_pkg/msg/detail/target_point__rosidl_typesupport_fastrtps_c.h
[4.880s] -- Symlinking: /home/euntaek/ws_mobile/install/interfaces_pkg/include/interfaces_pkg/interfaces_pkg/msg/detail/vector2__rosidl_typesupport_fastrtps_c.h
[4.885s] -- Symlinking: /home/euntaek/ws_mobile/install/interfaces_pkg/include/interfaces_pkg/interfaces_pkg/msg/rosidl_typesupport_fastrtps_c__visibility_control.h
[4.891s] -- Symlinking: /home/euntaek/ws_mobile/install/interfaces_pkg/include/interfaces_pkg/interfaces_pkg/msg/detail/bounding_box2_d__rosidl_typesupport_introspection_c.h
[4.895s] -- Symlinking: /home/euntaek/ws_mobile/install/interfaces_pkg/include/interfaces_pkg/interfaces_pkg/msg/detail/bounding_box3_d__rosidl_typesupport_introspection_c.h
[4.900s] -- Symlinking: /home/euntaek/ws_mobile/install/interfaces_pkg/include/interfaces_pkg/interfaces_pkg/msg/detail/detection__rosidl_typesupport_introspection_c.h
[4.906s] -- Symlinking: /home/euntaek/ws_mobile/install/interfaces_pkg/include/interfaces_pkg/interfaces_pkg/msg/detail/detection_array__rosidl_typesupport_introspection_c.h
[4.911s] -- Symlinking: /home/euntaek/ws_mobile/install/interfaces_pkg/include/interfaces_pkg/interfaces_pkg/msg/detail/key_point2_d__rosidl_typesupport_introspection_c.h
[4.917s] -- Symlinking: /home/euntaek/ws_mobile/install/interfaces_pkg/include/interfaces_pkg/interfaces_pkg/msg/detail/key_point2_d_array__rosidl_typesupport_introspection_c.h
[4.921s] -- Symlinking: /home/euntaek/ws_mobile/install/interfaces_pkg/include/interfaces_pkg/interfaces_pkg/msg/detail/key_point3_d__rosidl_typesupport_introspection_c.h
[4.927s] -- Symlinking: /home/euntaek/ws_mobile/install/interfaces_pkg/include/interfaces_pkg/interfaces_pkg/msg/detail/key_point3_d_array__rosidl_typesupport_introspection_c.h
[4.932s] -- Symlinking: /home/euntaek/ws_mobile/install/interfaces_pkg/include/interfaces_pkg/interfaces_pkg/msg/detail/lane_info__rosidl_typesupport_introspection_c.h
[4.937s] -- Symlinking: /home/euntaek/ws_mobile/install/interfaces_pkg/include/interfaces_pkg/interfaces_pkg/msg/detail/mask__rosidl_typesupport_introspection_c.h
[4.943s] -- Symlinking: /home/euntaek/ws_mobile/install/interfaces_pkg/include/interfaces_pkg/interfaces_pkg/msg/detail/motion_command__rosidl_typesupport_introspection_c.h
[4.948s] -- Symlinking: /home/euntaek/ws_mobile/install/interfaces_pkg/include/interfaces_pkg/interfaces_pkg/msg/detail/path_planning_result__rosidl_typesupport_introspection_c.h
[4.952s] -- Symlinking: /home/euntaek/ws_mobile/install/interfaces_pkg/include/interfaces_pkg/interfaces_pkg/msg/detail/point2_d__rosidl_typesupport_introspection_c.h
[4.958s] -- Symlinking: /home/euntaek/ws_mobile/install/interfaces_pkg/include/interfaces_pkg/interfaces_pkg/msg/detail/pose2_d__rosidl_typesupport_introspection_c.h
[4.963s] -- Symlinking: /home/euntaek/ws_mobile/install/interfaces_pkg/include/interfaces_pkg/interfaces_pkg/msg/detail/target_point__rosidl_typesupport_introspection_c.h
[4.968s] -- Symlinking: /home/euntaek/ws_mobile/install/interfaces_pkg/include/interfaces_pkg/interfaces_pkg/msg/detail/vector2__rosidl_typesupport_introspection_c.h
[4.973s] -- Symlinking: /home/euntaek/ws_mobile/install/interfaces_pkg/include/interfaces_pkg/interfaces_pkg/msg/rosidl_typesupport_introspection_c__visibility_control.h
[4.978s] -- Symlinking: /home/euntaek/ws_mobile/install/interfaces_pkg/include/interfaces_pkg/interfaces_pkg/msg/bounding_box2_d.hpp
[4.984s] -- Symlinking: /home/euntaek/ws_mobile/install/interfaces_pkg/include/interfaces_pkg/interfaces_pkg/msg/bounding_box3_d.hpp
[4.989s] -- Symlinking: /home/euntaek/ws_mobile/install/interfaces_pkg/include/interfaces_pkg/interfaces_pkg/msg/detail/bounding_box2_d__builder.hpp
[4.994s] -- Symlinking: /home/euntaek/ws_mobile/install/interfaces_pkg/include/interfaces_pkg/interfaces_pkg/msg/detail/bounding_box2_d__struct.hpp
[4.999s] -- Symlinking: /home/euntaek/ws_mobile/install/interfaces_pkg/include/interfaces_pkg/interfaces_pkg/msg/detail/bounding_box2_d__traits.hpp
[5.004s] -- Symlinking: /home/euntaek/ws_mobile/install/interfaces_pkg/include/interfaces_pkg/interfaces_pkg/msg/detail/bounding_box2_d__type_support.hpp
[5.009s] -- Symlinking: /home/euntaek/ws_mobile/install/interfaces_pkg/include/interfaces_pkg/interfaces_pkg/msg/detail/bounding_box3_d__builder.hpp
[5.014s] -- Symlinking: /home/euntaek/ws_mobile/install/interfaces_pkg/include/interfaces_pkg/interfaces_pkg/msg/detail/bounding_box3_d__struct.hpp
[5.019s] -- Symlinking: /home/euntaek/ws_mobile/install/interfaces_pkg/include/interfaces_pkg/interfaces_pkg/msg/detail/bounding_box3_d__traits.hpp
[5.024s] -- Symlinking: /home/euntaek/ws_mobile/install/interfaces_pkg/include/interfaces_pkg/interfaces_pkg/msg/detail/bounding_box3_d__type_support.hpp
[5.029s] -- Symlinking: /home/euntaek/ws_mobile/install/interfaces_pkg/include/interfaces_pkg/interfaces_pkg/msg/detail/detection__builder.hpp
[5.035s] -- Symlinking: /home/euntaek/ws_mobile/install/interfaces_pkg/include/interfaces_pkg/interfaces_pkg/msg/detail/detection__struct.hpp
[5.040s] -- Symlinking: /home/euntaek/ws_mobile/install/interfaces_pkg/include/interfaces_pkg/interfaces_pkg/msg/detail/detection__traits.hpp
[5.045s] -- Symlinking: /home/euntaek/ws_mobile/install/interfaces_pkg/include/interfaces_pkg/interfaces_pkg/msg/detail/detection__type_support.hpp
[5.050s] -- Symlinking: /home/euntaek/ws_mobile/install/interfaces_pkg/include/interfaces_pkg/interfaces_pkg/msg/detail/detection_array__builder.hpp
[5.055s] -- Symlinking: /home/euntaek/ws_mobile/install/interfaces_pkg/include/interfaces_pkg/interfaces_pkg/msg/detail/detection_array__struct.hpp
[5.060s] -- Symlinking: /home/euntaek/ws_mobile/install/interfaces_pkg/include/interfaces_pkg/interfaces_pkg/msg/detail/detection_array__traits.hpp
[5.064s] -- Symlinking: /home/euntaek/ws_mobile/install/interfaces_pkg/include/interfaces_pkg/interfaces_pkg/msg/detail/detection_array__type_support.hpp
[5.069s] -- Symlinking: /home/euntaek/ws_mobile/install/interfaces_pkg/include/interfaces_pkg/interfaces_pkg/msg/detail/key_point2_d__builder.hpp
[5.074s] -- Symlinking: /home/euntaek/ws_mobile/install/interfaces_pkg/include/interfaces_pkg/interfaces_pkg/msg/detail/key_point2_d__struct.hpp
[5.079s] -- Symlinking: /home/euntaek/ws_mobile/install/interfaces_pkg/include/interfaces_pkg/interfaces_pkg/msg/detail/key_point2_d__traits.hpp
[5.084s] -- Symlinking: /home/euntaek/ws_mobile/install/interfaces_pkg/include/interfaces_pkg/interfaces_pkg/msg/detail/key_point2_d__type_support.hpp
[5.089s] -- Symlinking: /home/euntaek/ws_mobile/install/interfaces_pkg/include/interfaces_pkg/interfaces_pkg/msg/detail/key_point2_d_array__builder.hpp
[5.094s] -- Symlinking: /home/euntaek/ws_mobile/install/interfaces_pkg/include/interfaces_pkg/interfaces_pkg/msg/detail/key_point2_d_array__struct.hpp
[5.099s] -- Symlinking: /home/euntaek/ws_mobile/install/interfaces_pkg/include/interfaces_pkg/interfaces_pkg/msg/detail/key_point2_d_array__traits.hpp
[5.104s] -- Symlinking: /home/euntaek/ws_mobile/install/interfaces_pkg/include/interfaces_pkg/interfaces_pkg/msg/detail/key_point2_d_array__type_support.hpp
[5.109s] -- Symlinking: /home/euntaek/ws_mobile/install/interfaces_pkg/include/interfaces_pkg/interfaces_pkg/msg/detail/key_point3_d__builder.hpp
[5.114s] -- Symlinking: /home/euntaek/ws_mobile/install/interfaces_pkg/include/interfaces_pkg/interfaces_pkg/msg/detail/key_point3_d__struct.hpp
[5.120s] -- Symlinking: /home/euntaek/ws_mobile/install/interfaces_pkg/include/interfaces_pkg/interfaces_pkg/msg/detail/key_point3_d__traits.hpp
[5.125s] -- Symlinking: /home/euntaek/ws_mobile/install/interfaces_pkg/include/interfaces_pkg/interfaces_pkg/msg/detail/key_point3_d__type_support.hpp
[5.130s] -- Symlinking: /home/euntaek/ws_mobile/install/interfaces_pkg/include/interfaces_pkg/interfaces_pkg/msg/detail/key_point3_d_array__builder.hpp
[5.136s] -- Symlinking: /home/euntaek/ws_mobile/install/interfaces_pkg/include/interfaces_pkg/interfaces_pkg/msg/detail/key_point3_d_array__struct.hpp
[5.141s] -- Symlinking: /home/euntaek/ws_mobile/install/interfaces_pkg/include/interfaces_pkg/interfaces_pkg/msg/detail/key_point3_d_array__traits.hpp
[5.146s] -- Symlinking: /home/euntaek/ws_mobile/install/interfaces_pkg/include/interfaces_pkg/interfaces_pkg/msg/detail/key_point3_d_array__type_support.hpp
[5.152s] -- Symlinking: /home/euntaek/ws_mobile/install/interfaces_pkg/include/interfaces_pkg/interfaces_pkg/msg/detail/lane_info__builder.hpp
[5.157s] -- Symlinking: /home/euntaek/ws_mobile/install/interfaces_pkg/include/interfaces_pkg/interfaces_pkg/msg/detail/lane_info__struct.hpp
[5.162s] -- Symlinking: /home/euntaek/ws_mobile/install/interfaces_pkg/include/interfaces_pkg/interfaces_pkg/msg/detail/lane_info__traits.hpp
[5.167s] -- Symlinking: /home/euntaek/ws_mobile/install/interfaces_pkg/include/interfaces_pkg/interfaces_pkg/msg/detail/lane_info__type_support.hpp
[5.172s] -- Symlinking: /home/euntaek/ws_mobile/install/interfaces_pkg/include/interfaces_pkg/interfaces_pkg/msg/detail/mask__builder.hpp
[5.177s] -- Symlinking: /home/euntaek/ws_mobile/install/interfaces_pkg/include/interfaces_pkg/interfaces_pkg/msg/detail/mask__struct.hpp
[5.183s] -- Symlinking: /home/euntaek/ws_mobile/install/interfaces_pkg/include/interfaces_pkg/interfaces_pkg/msg/detail/mask__traits.hpp
[5.188s] -- Symlinking: /home/euntaek/ws_mobile/install/interfaces_pkg/include/interfaces_pkg/interfaces_pkg/msg/detail/mask__type_support.hpp
[5.193s] -- Symlinking: /home/euntaek/ws_mobile/install/interfaces_pkg/include/interfaces_pkg/interfaces_pkg/msg/detail/motion_command__builder.hpp
[5.198s] -- Symlinking: /home/euntaek/ws_mobile/install/interfaces_pkg/include/interfaces_pkg/interfaces_pkg/msg/detail/motion_command__struct.hpp
[5.203s] -- Symlinking: /home/euntaek/ws_mobile/install/interfaces_pkg/include/interfaces_pkg/interfaces_pkg/msg/detail/motion_command__traits.hpp
[5.208s] -- Symlinking: /home/euntaek/ws_mobile/install/interfaces_pkg/include/interfaces_pkg/interfaces_pkg/msg/detail/motion_command__type_support.hpp
[5.213s] -- Symlinking: /home/euntaek/ws_mobile/install/interfaces_pkg/include/interfaces_pkg/interfaces_pkg/msg/detail/path_planning_result__builder.hpp
[5.218s] -- Symlinking: /home/euntaek/ws_mobile/install/interfaces_pkg/include/interfaces_pkg/interfaces_pkg/msg/detail/path_planning_result__struct.hpp
[5.223s] -- Symlinking: /home/euntaek/ws_mobile/install/interfaces_pkg/include/interfaces_pkg/interfaces_pkg/msg/detail/path_planning_result__traits.hpp
[5.228s] -- Symlinking: /home/euntaek/ws_mobile/install/interfaces_pkg/include/interfaces_pkg/interfaces_pkg/msg/detail/path_planning_result__type_support.hpp
[5.234s] -- Symlinking: /home/euntaek/ws_mobile/install/interfaces_pkg/include/interfaces_pkg/interfaces_pkg/msg/detail/point2_d__builder.hpp
[5.238s] -- Symlinking: /home/euntaek/ws_mobile/install/interfaces_pkg/include/interfaces_pkg/interfaces_pkg/msg/detail/point2_d__struct.hpp
[5.243s] -- Symlinking: /home/euntaek/ws_mobile/install/interfaces_pkg/include/interfaces_pkg/interfaces_pkg/msg/detail/point2_d__traits.hpp
[5.248s] -- Symlinking: /home/euntaek/ws_mobile/install/interfaces_pkg/include/interfaces_pkg/interfaces_pkg/msg/detail/point2_d__type_support.hpp
[5.254s] -- Symlinking: /home/euntaek/ws_mobile/install/interfaces_pkg/include/interfaces_pkg/interfaces_pkg/msg/detail/pose2_d__builder.hpp
[5.258s] -- Symlinking: /home/euntaek/ws_mobile/install/interfaces_pkg/include/interfaces_pkg/interfaces_pkg/msg/detail/pose2_d__struct.hpp
[5.263s] -- Symlinking: /home/euntaek/ws_mobile/install/interfaces_pkg/include/interfaces_pkg/interfaces_pkg/msg/detail/pose2_d__traits.hpp
[5.268s] -- Symlinking: /home/euntaek/ws_mobile/install/interfaces_pkg/include/interfaces_pkg/interfaces_pkg/msg/detail/pose2_d__type_support.hpp
[5.273s] -- Symlinking: /home/euntaek/ws_mobile/install/interfaces_pkg/include/interfaces_pkg/interfaces_pkg/msg/detail/target_point__builder.hpp
[5.278s] -- Symlinking: /home/euntaek/ws_mobile/install/interfaces_pkg/include/interfaces_pkg/interfaces_pkg/msg/detail/target_point__struct.hpp
[5.284s] -- Symlinking: /home/euntaek/ws_mobile/install/interfaces_pkg/include/interfaces_pkg/interfaces_pkg/msg/detail/target_point__traits.hpp
[5.288s] -- Symlinking: /home/euntaek/ws_mobile/install/interfaces_pkg/include/interfaces_pkg/interfaces_pkg/msg/detail/target_point__type_support.hpp
[5.294s] -- Symlinking: /home/euntaek/ws_mobile/install/interfaces_pkg/include/interfaces_pkg/interfaces_pkg/msg/detail/vector2__builder.hpp
[5.299s] -- Symlinking: /home/euntaek/ws_mobile/install/interfaces_pkg/include/interfaces_pkg/interfaces_pkg/msg/detail/vector2__struct.hpp
[5.304s] -- Symlinking: /home/euntaek/ws_mobile/install/interfaces_pkg/include/interfaces_pkg/interfaces_pkg/msg/detail/vector2__traits.hpp
[5.310s] -- Symlinking: /home/euntaek/ws_mobile/install/interfaces_pkg/include/interfaces_pkg/interfaces_pkg/msg/detail/vector2__type_support.hpp
[5.315s] -- Symlinking: /home/euntaek/ws_mobile/install/interfaces_pkg/include/interfaces_pkg/interfaces_pkg/msg/detection.hpp
[5.319s] -- Symlinking: /home/euntaek/ws_mobile/install/interfaces_pkg/include/interfaces_pkg/interfaces_pkg/msg/detection_array.hpp
[5.324s] -- Symlinking: /home/euntaek/ws_mobile/install/interfaces_pkg/include/interfaces_pkg/interfaces_pkg/msg/key_point2_d.hpp
[5.330s] -- Symlinking: /home/euntaek/ws_mobile/install/interfaces_pkg/include/interfaces_pkg/interfaces_pkg/msg/key_point2_d_array.hpp
[5.335s] -- Symlinking: /home/euntaek/ws_mobile/install/interfaces_pkg/include/interfaces_pkg/interfaces_pkg/msg/key_point3_d.hpp
[5.340s] -- Symlinking: /home/euntaek/ws_mobile/install/interfaces_pkg/include/interfaces_pkg/interfaces_pkg/msg/key_point3_d_array.hpp
[5.345s] -- Symlinking: /home/euntaek/ws_mobile/install/interfaces_pkg/include/interfaces_pkg/interfaces_pkg/msg/lane_info.hpp
[5.350s] -- Symlinking: /home/euntaek/ws_mobile/install/interfaces_pkg/include/interfaces_pkg/interfaces_pkg/msg/mask.hpp
[5.356s] -- Symlinking: /home/euntaek/ws_mobile/install/interfaces_pkg/include/interfaces_pkg/interfaces_pkg/msg/motion_command.hpp
[5.361s] -- Symlinking: /home/euntaek/ws_mobile/install/interfaces_pkg/include/interfaces_pkg/interfaces_pkg/msg/path_planning_result.hpp
[5.366s] -- Symlinking: /home/euntaek/ws_mobile/install/interfaces_pkg/include/interfaces_pkg/interfaces_pkg/msg/point2_d.hpp
[5.372s] -- Symlinking: /home/euntaek/ws_mobile/install/interfaces_pkg/include/interfaces_pkg/interfaces_pkg/msg/pose2_d.hpp
[5.377s] -- Symlinking: /home/euntaek/ws_mobile/install/interfaces_pkg/include/interfaces_pkg/interfaces_pkg/msg/rosidl_generator_cpp__visibility_control.hpp
[5.382s] -- Symlinking: /home/euntaek/ws_mobile/install/interfaces_pkg/include/interfaces_pkg/interfaces_pkg/msg/target_point.hpp
[5.387s] -- Symlinking: /home/euntaek/ws_mobile/install/interfaces_pkg/include/interfaces_pkg/interfaces_pkg/msg/vector2.hpp
[5.393s] -- Symlinking: /home/euntaek/ws_mobile/install/interfaces_pkg/include/interfaces_pkg/interfaces_pkg/msg/detail/bounding_box2_d__rosidl_typesupport_fastrtps_cpp.hpp
[5.398s] -- Symlinking: /home/euntaek/ws_mobile/install/interfaces_pkg/include/interfaces_pkg/interfaces_pkg/msg/detail/bounding_box3_d__rosidl_typesupport_fastrtps_cpp.hpp
[5.403s] -- Symlinking: /home/euntaek/ws_mobile/install/interfaces_pkg/include/interfaces_pkg/interfaces_pkg/msg/detail/detection__rosidl_typesupport_fastrtps_cpp.hpp
[5.408s] -- Symlinking: /home/euntaek/ws_mobile/install/interfaces_pkg/include/interfaces_pkg/interfaces_pkg/msg/detail/detection_array__rosidl_typesupport_fastrtps_cpp.hpp
[5.414s] -- Symlinking: /home/euntaek/ws_mobile/install/interfaces_pkg/include/interfaces_pkg/interfaces_pkg/msg/detail/key_point2_d__rosidl_typesupport_fastrtps_cpp.hpp
[5.419s] -- Symlinking: /home/euntaek/ws_mobile/install/interfaces_pkg/include/interfaces_pkg/interfaces_pkg/msg/detail/key_point2_d_array__rosidl_typesupport_fastrtps_cpp.hpp
[5.424s] -- Symlinking: /home/euntaek/ws_mobile/install/interfaces_pkg/include/interfaces_pkg/interfaces_pkg/msg/detail/key_point3_d__rosidl_typesupport_fastrtps_cpp.hpp
[5.429s] -- Symlinking: /home/euntaek/ws_mobile/install/interfaces_pkg/include/interfaces_pkg/interfaces_pkg/msg/detail/key_point3_d_array__rosidl_typesupport_fastrtps_cpp.hpp
[5.434s] -- Symlinking: /home/euntaek/ws_mobile/install/interfaces_pkg/include/interfaces_pkg/interfaces_pkg/msg/detail/lane_info__rosidl_typesupport_fastrtps_cpp.hpp
[5.439s] -- Symlinking: /home/euntaek/ws_mobile/install/interfaces_pkg/include/interfaces_pkg/interfaces_pkg/msg/detail/mask__rosidl_typesupport_fastrtps_cpp.hpp
[5.444s] -- Symlinking: /home/euntaek/ws_mobile/install/interfaces_pkg/include/interfaces_pkg/interfaces_pkg/msg/detail/motion_command__rosidl_typesupport_fastrtps_cpp.hpp
[5.449s] -- Symlinking: /home/euntaek/ws_mobile/install/interfaces_pkg/include/interfaces_pkg/interfaces_pkg/msg/detail/path_planning_result__rosidl_typesupport_fastrtps_cpp.hpp
[5.454s] -- Symlinking: /home/euntaek/ws_mobile/install/interfaces_pkg/include/interfaces_pkg/interfaces_pkg/msg/detail/point2_d__rosidl_typesupport_fastrtps_cpp.hpp
[5.460s] -- Symlinking: /home/euntaek/ws_mobile/install/interfaces_pkg/include/interfaces_pkg/interfaces_pkg/msg/detail/pose2_d__rosidl_typesupport_fastrtps_cpp.hpp
[5.465s] -- Symlinking: /home/euntaek/ws_mobile/install/interfaces_pkg/include/interfaces_pkg/interfaces_pkg/msg/detail/target_point__rosidl_typesupport_fastrtps_cpp.hpp
[5.471s] -- Symlinking: /home/euntaek/ws_mobile/install/interfaces_pkg/include/interfaces_pkg/interfaces_pkg/msg/detail/vector2__rosidl_typesupport_fastrtps_cpp.hpp
[5.476s] -- Symlinking: /home/euntaek/ws_mobile/install/interfaces_pkg/include/interfaces_pkg/interfaces_pkg/msg/rosidl_typesupport_fastrtps_cpp__visibility_control.h
[5.482s] -- Symlinking: /home/euntaek/ws_mobile/install/interfaces_pkg/include/interfaces_pkg/interfaces_pkg/msg/detail/bounding_box2_d__rosidl_typesupport_introspection_cpp.hpp
[5.488s] -- Symlinking: /home/euntaek/ws_mobile/install/interfaces_pkg/include/interfaces_pkg/interfaces_pkg/msg/detail/bounding_box3_d__rosidl_typesupport_introspection_cpp.hpp
[5.493s] -- Symlinking: /home/euntaek/ws_mobile/install/interfaces_pkg/include/interfaces_pkg/interfaces_pkg/msg/detail/detection__rosidl_typesupport_introspection_cpp.hpp
[5.498s] -- Symlinking: /home/euntaek/ws_mobile/install/interfaces_pkg/include/interfaces_pkg/interfaces_pkg/msg/detail/detection_array__rosidl_typesupport_introspection_cpp.hpp
[5.503s] -- Symlinking: /home/euntaek/ws_mobile/install/interfaces_pkg/include/interfaces_pkg/interfaces_pkg/msg/detail/key_point2_d__rosidl_typesupport_introspection_cpp.hpp
[5.508s] -- Symlinking: /home/euntaek/ws_mobile/install/interfaces_pkg/include/interfaces_pkg/interfaces_pkg/msg/detail/key_point2_d_array__rosidl_typesupport_introspection_cpp.hpp
[5.513s] -- Symlinking: /home/euntaek/ws_mobile/install/interfaces_pkg/include/interfaces_pkg/interfaces_pkg/msg/detail/key_point3_d__rosidl_typesupport_introspection_cpp.hpp
[5.518s] -- Symlinking: /home/euntaek/ws_mobile/install/interfaces_pkg/include/interfaces_pkg/interfaces_pkg/msg/detail/key_point3_d_array__rosidl_typesupport_introspection_cpp.hpp
[5.523s] -- Symlinking: /home/euntaek/ws_mobile/install/interfaces_pkg/include/interfaces_pkg/interfaces_pkg/msg/detail/lane_info__rosidl_typesupport_introspection_cpp.hpp
[5.528s] -- Symlinking: /home/euntaek/ws_mobile/install/interfaces_pkg/include/interfaces_pkg/interfaces_pkg/msg/detail/mask__rosidl_typesupport_introspection_cpp.hpp
[5.534s] -- Symlinking: /home/euntaek/ws_mobile/install/interfaces_pkg/include/interfaces_pkg/interfaces_pkg/msg/detail/motion_command__rosidl_typesupport_introspection_cpp.hpp
[5.539s] -- Symlinking: /home/euntaek/ws_mobile/install/interfaces_pkg/include/interfaces_pkg/interfaces_pkg/msg/detail/path_planning_result__rosidl_typesupport_introspection_cpp.hpp
[5.543s] -- Symlinking: /home/euntaek/ws_mobile/install/interfaces_pkg/include/interfaces_pkg/interfaces_pkg/msg/detail/point2_d__rosidl_typesupport_introspection_cpp.hpp
[5.549s] -- Symlinking: /home/euntaek/ws_mobile/install/interfaces_pkg/include/interfaces_pkg/interfaces_pkg/msg/detail/pose2_d__rosidl_typesupport_introspection_cpp.hpp
[5.553s] -- Symlinking: /home/euntaek/ws_mobile/install/interfaces_pkg/include/interfaces_pkg/interfaces_pkg/msg/detail/target_point__rosidl_typesupport_introspection_cpp.hpp
[5.559s] -- Symlinking: /home/euntaek/ws_mobile/install/interfaces_pkg/include/interfaces_pkg/interfaces_pkg/msg/detail/vector2__rosidl_typesupport_introspection_cpp.hpp
[5.564s] -- Symlinking: /home/euntaek/ws_mobile/install/interfaces_pkg/share/interfaces_pkg/environment/pythonpath.sh
[5.569s] -- Symlinking: /home/euntaek/ws_mobile/install/interfaces_pkg/share/interfaces_pkg/environment/pythonpath.dsv
[5.574s] -- Symlinking: /home/euntaek/ws_mobile/install/interfaces_pkg/local/lib/python3.10/dist-packages/interfaces_pkg-0.0.0-py3.10.egg-info/PKG-INFO
[5.580s] -- Symlinking: /home/euntaek/ws_mobile/install/interfaces_pkg/local/lib/python3.10/dist-packages/interfaces_pkg-0.0.0-py3.10.egg-info/SOURCES.txt
[5.585s] -- Symlinking: /home/euntaek/ws_mobile/install/interfaces_pkg/local/lib/python3.10/dist-packages/interfaces_pkg-0.0.0-py3.10.egg-info/dependency_links.txt
[5.590s] -- Symlinking: /home/euntaek/ws_mobile/install/interfaces_pkg/local/lib/python3.10/dist-packages/interfaces_pkg-0.0.0-py3.10.egg-info/top_level.txt
[5.595s] -- Symlinking: /home/euntaek/ws_mobile/install/interfaces_pkg/local/lib/python3.10/dist-packages/interfaces_pkg/__init__.py
[5.601s] -- Symlinking: /home/euntaek/ws_mobile/install/interfaces_pkg/local/lib/python3.10/dist-packages/interfaces_pkg/_interfaces_pkg_s.ep.rosidl_typesupport_c.c
[5.606s] -- Symlinking: /home/euntaek/ws_mobile/install/interfaces_pkg/local/lib/python3.10/dist-packages/interfaces_pkg/_interfaces_pkg_s.ep.rosidl_typesupport_fastrtps_c.c
[5.611s] -- Symlinking: /home/euntaek/ws_mobile/install/interfaces_pkg/local/lib/python3.10/dist-packages/interfaces_pkg/_interfaces_pkg_s.ep.rosidl_typesupport_introspection_c.c
[5.616s] -- Symlinking: /home/euntaek/ws_mobile/install/interfaces_pkg/local/lib/python3.10/dist-packages/interfaces_pkg/interfaces_pkg_s__rosidl_typesupport_c.cpython-310-x86_64-linux-gnu.so
[5.620s] -- Symlinking: /home/euntaek/ws_mobile/install/interfaces_pkg/local/lib/python3.10/dist-packages/interfaces_pkg/interfaces_pkg_s__rosidl_typesupport_fastrtps_c.cpython-310-x86_64-linux-gnu.so
[5.625s] -- Symlinking: /home/euntaek/ws_mobile/install/interfaces_pkg/local/lib/python3.10/dist-packages/interfaces_pkg/interfaces_pkg_s__rosidl_typesupport_introspection_c.cpython-310-x86_64-linux-gnu.so
[5.631s] -- Symlinking: /home/euntaek/ws_mobile/install/interfaces_pkg/local/lib/python3.10/dist-packages/interfaces_pkg/libinterfaces_pkg__rosidl_generator_py.so
[5.635s] -- Symlinking: /home/euntaek/ws_mobile/install/interfaces_pkg/local/lib/python3.10/dist-packages/interfaces_pkg/msg/__init__.py
[5.640s] -- Symlinking: /home/euntaek/ws_mobile/install/interfaces_pkg/local/lib/python3.10/dist-packages/interfaces_pkg/msg/_bounding_box2_d.py
[5.645s] -- Symlinking: /home/euntaek/ws_mobile/install/interfaces_pkg/local/lib/python3.10/dist-packages/interfaces_pkg/msg/_bounding_box2_d_s.c
[5.651s] -- Symlinking: /home/euntaek/ws_mobile/install/interfaces_pkg/local/lib/python3.10/dist-packages/interfaces_pkg/msg/_bounding_box3_d.py
[5.656s] -- Symlinking: /home/euntaek/ws_mobile/install/interfaces_pkg/local/lib/python3.10/dist-packages/interfaces_pkg/msg/_bounding_box3_d_s.c
[5.662s] -- Symlinking: /home/euntaek/ws_mobile/install/interfaces_pkg/local/lib/python3.10/dist-packages/interfaces_pkg/msg/_detection.py
[5.667s] -- Symlinking: /home/euntaek/ws_mobile/install/interfaces_pkg/local/lib/python3.10/dist-packages/interfaces_pkg/msg/_detection_array.py
[5.672s] -- Symlinking: /home/euntaek/ws_mobile/install/interfaces_pkg/local/lib/python3.10/dist-packages/interfaces_pkg/msg/_detection_array_s.c
[5.677s] -- Symlinking: /home/euntaek/ws_mobile/install/interfaces_pkg/local/lib/python3.10/dist-packages/interfaces_pkg/msg/_detection_s.c
[5.682s] -- Symlinking: /home/euntaek/ws_mobile/install/interfaces_pkg/local/lib/python3.10/dist-packages/interfaces_pkg/msg/_key_point2_d.py
[5.688s] -- Symlinking: /home/euntaek/ws_mobile/install/interfaces_pkg/local/lib/python3.10/dist-packages/interfaces_pkg/msg/_key_point2_d_array.py
[5.693s] -- Symlinking: /home/euntaek/ws_mobile/install/interfaces_pkg/local/lib/python3.10/dist-packages/interfaces_pkg/msg/_key_point2_d_array_s.c
[5.698s] -- Symlinking: /home/euntaek/ws_mobile/install/interfaces_pkg/local/lib/python3.10/dist-packages/interfaces_pkg/msg/_key_point2_d_s.c
[5.703s] -- Symlinking: /home/euntaek/ws_mobile/install/interfaces_pkg/local/lib/python3.10/dist-packages/interfaces_pkg/msg/_key_point3_d.py
[5.709s] -- Symlinking: /home/euntaek/ws_mobile/install/interfaces_pkg/local/lib/python3.10/dist-packages/interfaces_pkg/msg/_key_point3_d_array.py
[5.713s] -- Symlinking: /home/euntaek/ws_mobile/install/interfaces_pkg/local/lib/python3.10/dist-packages/interfaces_pkg/msg/_key_point3_d_array_s.c
[5.718s] -- Symlinking: /home/euntaek/ws_mobile/install/interfaces_pkg/local/lib/python3.10/dist-packages/interfaces_pkg/msg/_key_point3_d_s.c
[5.723s] -- Symlinking: /home/euntaek/ws_mobile/install/interfaces_pkg/local/lib/python3.10/dist-packages/interfaces_pkg/msg/_lane_info.py
[5.729s] -- Symlinking: /home/euntaek/ws_mobile/install/interfaces_pkg/local/lib/python3.10/dist-packages/interfaces_pkg/msg/_lane_info_s.c
[5.734s] -- Symlinking: /home/euntaek/ws_mobile/install/interfaces_pkg/local/lib/python3.10/dist-packages/interfaces_pkg/msg/_mask.py
[5.740s] -- Symlinking: /home/euntaek/ws_mobile/install/interfaces_pkg/local/lib/python3.10/dist-packages/interfaces_pkg/msg/_mask_s.c
[5.745s] -- Symlinking: /home/euntaek/ws_mobile/install/interfaces_pkg/local/lib/python3.10/dist-packages/interfaces_pkg/msg/_motion_command.py
[5.750s] -- Symlinking: /home/euntaek/ws_mobile/install/interfaces_pkg/local/lib/python3.10/dist-packages/interfaces_pkg/msg/_motion_command_s.c
[5.755s] -- Symlinking: /home/euntaek/ws_mobile/install/interfaces_pkg/local/lib/python3.10/dist-packages/interfaces_pkg/msg/_path_planning_result.py
[5.760s] -- Symlinking: /home/euntaek/ws_mobile/install/interfaces_pkg/local/lib/python3.10/dist-packages/interfaces_pkg/msg/_path_planning_result_s.c
[5.766s] -- Symlinking: /home/euntaek/ws_mobile/install/interfaces_pkg/local/lib/python3.10/dist-packages/interfaces_pkg/msg/_point2_d.py
[5.771s] -- Symlinking: /home/euntaek/ws_mobile/install/interfaces_pkg/local/lib/python3.10/dist-packages/interfaces_pkg/msg/_point2_d_s.c
[5.776s] -- Symlinking: /home/euntaek/ws_mobile/install/interfaces_pkg/local/lib/python3.10/dist-packages/interfaces_pkg/msg/_pose2_d.py
[5.782s] -- Symlinking: /home/euntaek/ws_mobile/install/interfaces_pkg/local/lib/python3.10/dist-packages/interfaces_pkg/msg/_pose2_d_s.c
[5.787s] -- Symlinking: /home/euntaek/ws_mobile/install/interfaces_pkg/local/lib/python3.10/dist-packages/interfaces_pkg/msg/_target_point.py
[5.792s] -- Symlinking: /home/euntaek/ws_mobile/install/interfaces_pkg/local/lib/python3.10/dist-packages/interfaces_pkg/msg/_target_point_s.c
[5.797s] -- Symlinking: /home/euntaek/ws_mobile/install/interfaces_pkg/local/lib/python3.10/dist-packages/interfaces_pkg/msg/_vector2.py
[5.802s] -- Symlinking: /home/euntaek/ws_mobile/install/interfaces_pkg/local/lib/python3.10/dist-packages/interfaces_pkg/msg/_vector2_s.c
[5.807s] -- Up-to-date symlink: /home/euntaek/ws_mobile/install/interfaces_pkg/local/lib/python3.10/dist-packages/interfaces_pkg/interfaces_pkg_s__rosidl_typesupport_fastrtps_c.cpython-310-x86_64-linux-gnu.so
[5.807s] -- Up-to-date symlink: /home/euntaek/ws_mobile/install/interfaces_pkg/local/lib/python3.10/dist-packages/interfaces_pkg/interfaces_pkg_s__rosidl_typesupport_introspection_c.cpython-310-x86_64-linux-gnu.so
[5.807s] -- Up-to-date symlink: /home/euntaek/ws_mobile/install/interfaces_pkg/local/lib/python3.10/dist-packages/interfaces_pkg/interfaces_pkg_s__rosidl_typesupport_c.cpython-310-x86_64-linux-gnu.so
[5.807s] -- Symlinking: /home/euntaek/ws_mobile/install/interfaces_pkg/share/interfaces_pkg/msg/Point2D.idl
[5.812s] -- Symlinking: /home/euntaek/ws_mobile/install/interfaces_pkg/share/interfaces_pkg/msg/Vector2.idl
[5.817s] -- Symlinking: /home/euntaek/ws_mobile/install/interfaces_pkg/share/interfaces_pkg/msg/Pose2D.idl
[5.821s] -- Symlinking: /home/euntaek/ws_mobile/install/interfaces_pkg/share/interfaces_pkg/msg/BoundingBox2D.idl
[5.827s] -- Symlinking: /home/euntaek/ws_mobile/install/interfaces_pkg/share/interfaces_pkg/msg/BoundingBox3D.idl
[5.832s] -- Symlinking: /home/euntaek/ws_mobile/install/interfaces_pkg/share/interfaces_pkg/msg/Mask.idl
[5.837s] -- Symlinking: /home/euntaek/ws_mobile/install/interfaces_pkg/share/interfaces_pkg/msg/KeyPoint2D.idl
[5.843s] -- Symlinking: /home/euntaek/ws_mobile/install/interfaces_pkg/share/interfaces_pkg/msg/KeyPoint2DArray.idl
[5.847s] -- Symlinking: /home/euntaek/ws_mobile/install/interfaces_pkg/share/interfaces_pkg/msg/KeyPoint3D.idl
[5.852s] -- Symlinking: /home/euntaek/ws_mobile/install/interfaces_pkg/share/interfaces_pkg/msg/KeyPoint3DArray.idl
[5.858s] -- Symlinking: /home/euntaek/ws_mobile/install/interfaces_pkg/share/interfaces_pkg/msg/Detection.idl
[5.863s] -- Symlinking: /home/euntaek/ws_mobile/install/interfaces_pkg/share/interfaces_pkg/msg/DetectionArray.idl
[5.868s] -- Symlinking: /home/euntaek/ws_mobile/install/interfaces_pkg/share/interfaces_pkg/msg/LaneInfo.idl
[5.873s] -- Symlinking: /home/euntaek/ws_mobile/install/interfaces_pkg/share/interfaces_pkg/msg/MotionCommand.idl
[5.879s] -- Symlinking: /home/euntaek/ws_mobile/install/interfaces_pkg/share/interfaces_pkg/msg/TargetPoint.idl
[5.884s] -- Symlinking: /home/euntaek/ws_mobile/install/interfaces_pkg/share/interfaces_pkg/msg/PathPlanningResult.idl
[5.889s] -- Symlinking: /home/euntaek/ws_mobile/install/interfaces_pkg/share/interfaces_pkg/msg/Point2D.msg
[5.894s] -- Symlinking: /home/euntaek/ws_mobile/install/interfaces_pkg/share/interfaces_pkg/msg/Vector2.msg
[5.900s] -- Symlinking: /home/euntaek/ws_mobile/install/interfaces_pkg/share/interfaces_pkg/msg/Pose2D.msg
[5.904s] -- Symlinking: /home/euntaek/ws_mobile/install/interfaces_pkg/share/interfaces_pkg/msg/BoundingBox2D.msg
[5.909s] -- Symlinking: /home/euntaek/ws_mobile/install/interfaces_pkg/share/interfaces_pkg/msg/BoundingBox3D.msg
[5.914s] -- Symlinking: /home/euntaek/ws_mobile/install/interfaces_pkg/share/interfaces_pkg/msg/Mask.msg
[5.920s] -- Symlinking: /home/euntaek/ws_mobile/install/interfaces_pkg/share/interfaces_pkg/msg/KeyPoint2D.msg
[5.925s] -- Symlinking: /home/euntaek/ws_mobile/install/interfaces_pkg/share/interfaces_pkg/msg/KeyPoint2DArray.msg
[5.930s] -- Symlinking: /home/euntaek/ws_mobile/install/interfaces_pkg/share/interfaces_pkg/msg/KeyPoint3D.msg
[5.935s] -- Symlinking: /home/euntaek/ws_mobile/install/interfaces_pkg/share/interfaces_pkg/msg/KeyPoint3DArray.msg
[5.940s] -- Symlinking: /home/euntaek/ws_mobile/install/interfaces_pkg/share/interfaces_pkg/msg/Detection.msg
[5.946s] -- Symlinking: /home/euntaek/ws_mobile/install/interfaces_pkg/share/interfaces_pkg/msg/DetectionArray.msg
[5.952s] -- Symlinking: /home/euntaek/ws_mobile/install/interfaces_pkg/share/interfaces_pkg/msg/LaneInfo.msg
[5.957s] -- Symlinking: /home/euntaek/ws_mobile/install/interfaces_pkg/share/interfaces_pkg/msg/MotionCommand.msg
[5.962s] -- Symlinking: /home/euntaek/ws_mobile/install/interfaces_pkg/share/interfaces_pkg/msg/TargetPoint.msg
[5.967s] -- Symlinking: /home/euntaek/ws_mobile/install/interfaces_pkg/share/interfaces_pkg/msg/PathPlanningResult.msg
[5.973s] -- Symlinking: /home/euntaek/ws_mobile/install/interfaces_pkg/share/ament_index/resource_index/package_run_dependencies/interfaces_pkg
[5.978s] -- Symlinking: /home/euntaek/ws_mobile/install/interfaces_pkg/share/ament_index/resource_index/parent_prefix_path/interfaces_pkg
[5.983s] -- Symlinking: /home/euntaek/ws_mobile/install/interfaces_pkg/share/interfaces_pkg/environment/ament_prefix_path.sh
[5.989s] -- Symlinking: /home/euntaek/ws_mobile/install/interfaces_pkg/share/interfaces_pkg/environment/ament_prefix_path.dsv
[5.994s] -- Symlinking: /home/euntaek/ws_mobile/install/interfaces_pkg/share/interfaces_pkg/environment/path.sh
[5.999s] -- Symlinking: /home/euntaek/ws_mobile/install/interfaces_pkg/share/interfaces_pkg/environment/path.dsv
[6.004s] -- Symlinking: /home/euntaek/ws_mobile/install/interfaces_pkg/share/interfaces_pkg/local_setup.bash
[6.010s] -- Symlinking: /home/euntaek/ws_mobile/install/interfaces_pkg/share/interfaces_pkg/local_setup.sh
[6.015s] -- Symlinking: /home/euntaek/ws_mobile/install/interfaces_pkg/share/interfaces_pkg/local_setup.zsh
[6.020s] -- Symlinking: /home/euntaek/ws_mobile/install/interfaces_pkg/share/interfaces_pkg/local_setup.dsv
[6.026s] -- Symlinking: /home/euntaek/ws_mobile/install/interfaces_pkg/share/interfaces_pkg/package.dsv
[6.031s] -- Symlinking: /home/euntaek/ws_mobile/install/interfaces_pkg/share/ament_index/resource_index/packages/interfaces_pkg
[6.036s] -- Symlinking: /home/euntaek/ws_mobile/install/interfaces_pkg/share/interfaces_pkg/cmake/rosidl_cmake-extras.cmake
[6.041s] -- Symlinking: /home/euntaek/ws_mobile/install/interfaces_pkg/share/interfaces_pkg/cmake/ament_cmake_export_dependencies-extras.cmake
[6.046s] -- Symlinking: /home/euntaek/ws_mobile/install/interfaces_pkg/share/interfaces_pkg/cmake/ament_cmake_export_include_directories-extras.cmake
[6.051s] -- Symlinking: /home/euntaek/ws_mobile/install/interfaces_pkg/share/interfaces_pkg/cmake/ament_cmake_export_libraries-extras.cmake
[6.057s] -- Symlinking: /home/euntaek/ws_mobile/install/interfaces_pkg/share/interfaces_pkg/cmake/ament_cmake_export_targets-extras.cmake
[6.063s] -- Symlinking: /home/euntaek/ws_mobile/install/interfaces_pkg/share/interfaces_pkg/cmake/rosidl_cmake_export_typesupport_targets-extras.cmake
[6.068s] -- Symlinking: /home/euntaek/ws_mobile/install/interfaces_pkg/share/interfaces_pkg/cmake/rosidl_cmake_export_typesupport_libraries-extras.cmake
[6.073s] -- Symlinking: /home/euntaek/ws_mobile/install/interfaces_pkg/share/interfaces_pkg/cmake/interfaces_pkgConfig.cmake
[6.078s] -- Symlinking: /home/euntaek/ws_mobile/install/interfaces_pkg/share/interfaces_pkg/cmake/interfaces_pkgConfig-version.cmake
[6.084s] -- Symlinking: /home/euntaek/ws_mobile/install/interfaces_pkg/share/interfaces_pkg/package.xml
[6.088s] -- Installing: /home/euntaek/ws_mobile/install/interfaces_pkg/lib/libinterfaces_pkg__rosidl_generator_c.so
[6.089s] -- Set runtime path of "/home/euntaek/ws_mobile/install/interfaces_pkg/lib/libinterfaces_pkg__rosidl_generator_c.so" to ""
[6.089s] -- Installing: /home/euntaek/ws_mobile/install/interfaces_pkg/lib/libinterfaces_pkg__rosidl_typesupport_fastrtps_c.so
[6.089s] -- Set runtime path of "/home/euntaek/ws_mobile/install/interfaces_pkg/lib/libinterfaces_pkg__rosidl_typesupport_fastrtps_c.so" to ""
[6.089s] -- Installing: /home/euntaek/ws_mobile/install/interfaces_pkg/lib/libinterfaces_pkg__rosidl_typesupport_introspection_c.so
[6.089s] -- Set runtime path of "/home/euntaek/ws_mobile/install/interfaces_pkg/lib/libinterfaces_pkg__rosidl_typesupport_introspection_c.so" to ""
[6.089s] -- Installing: /home/euntaek/ws_mobile/install/interfaces_pkg/lib/libinterfaces_pkg__rosidl_typesupport_c.so
[6.090s] -- Set runtime path of "/home/euntaek/ws_mobile/install/interfaces_pkg/lib/libinterfaces_pkg__rosidl_typesupport_c.so" to ""
[6.090s] -- Installing: /home/euntaek/ws_mobile/install/interfaces_pkg/lib/libinterfaces_pkg__rosidl_typesupport_fastrtps_cpp.so
[6.090s] -- Set runtime path of "/home/euntaek/ws_mobile/install/interfaces_pkg/lib/libinterfaces_pkg__rosidl_typesupport_fastrtps_cpp.so" to ""
[6.090s] -- Installing: /home/euntaek/ws_mobile/install/interfaces_pkg/lib/libinterfaces_pkg__rosidl_typesupport_introspection_cpp.so
[6.091s] -- Set runtime path of "/home/euntaek/ws_mobile/install/interfaces_pkg/lib/libinterfaces_pkg__rosidl_typesupport_introspection_cpp.so" to ""
[6.091s] -- Installing: /home/euntaek/ws_mobile/install/interfaces_pkg/lib/libinterfaces_pkg__rosidl_typesupport_cpp.so
[6.091s] -- Set runtime path of "/home/euntaek/ws_mobile/install/interfaces_pkg/lib/libinterfaces_pkg__rosidl_typesupport_cpp.so" to ""
[6.119s] Listing '/home/euntaek/ws_mobile/install/interfaces_pkg/local/lib/python3.10/dist-packages/interfaces_pkg'...
[6.119s] Compiling '/home/euntaek/ws_mobile/install/interfaces_pkg/local/lib/python3.10/dist-packages/interfaces_pkg/__init__.py'...
[6.120s] Listing '/home/euntaek/ws_mobile/install/interfaces_pkg/local/lib/python3.10/dist-packages/interfaces_pkg/msg'...
[6.120s] Compiling '/home/euntaek/ws_mobile/install/interfaces_pkg/local/lib/python3.10/dist-packages/interfaces_pkg/msg/__init__.py'...
[6.120s] Compiling '/home/euntaek/ws_mobile/install/interfaces_pkg/local/lib/python3.10/dist-packages/interfaces_pkg/msg/_bounding_box2_d.py'...
[6.120s] Compiling '/home/euntaek/ws_mobile/install/interfaces_pkg/local/lib/python3.10/dist-packages/interfaces_pkg/msg/_bounding_box3_d.py'...
[6.120s] Compiling '/home/euntaek/ws_mobile/install/interfaces_pkg/local/lib/python3.10/dist-packages/interfaces_pkg/msg/_detection.py'...
[6.120s] Compiling '/home/euntaek/ws_mobile/install/interfaces_pkg/local/lib/python3.10/dist-packages/interfaces_pkg/msg/_detection_array.py'...
[6.120s] Compiling '/home/euntaek/ws_mobile/install/interfaces_pkg/local/lib/python3.10/dist-packages/interfaces_pkg/msg/_key_point2_d.py'...
[6.120s] Compiling '/home/euntaek/ws_mobile/install/interfaces_pkg/local/lib/python3.10/dist-packages/interfaces_pkg/msg/_key_point2_d_array.py'...
[6.120s] Compiling '/home/euntaek/ws_mobile/install/interfaces_pkg/local/lib/python3.10/dist-packages/interfaces_pkg/msg/_key_point3_d.py'...
[6.120s] Compiling '/home/euntaek/ws_mobile/install/interfaces_pkg/local/lib/python3.10/dist-packages/interfaces_pkg/msg/_key_point3_d_array.py'...
[6.120s] Compiling '/home/euntaek/ws_mobile/install/interfaces_pkg/local/lib/python3.10/dist-packages/interfaces_pkg/msg/_lane_info.py'...
[6.120s] Compiling '/home/euntaek/ws_mobile/install/interfaces_pkg/local/lib/python3.10/dist-packages/interfaces_pkg/msg/_mask.py'...
[6.120s] Compiling '/home/euntaek/ws_mobile/install/interfaces_pkg/local/lib/python3.10/dist-packages/interfaces_pkg/msg/_motion_command.py'...
[6.120s] Compiling '/home/euntaek/ws_mobile/install/interfaces_pkg/local/lib/python3.10/dist-packages/interfaces_pkg/msg/_path_planning_result.py'...
[6.120s] Compiling '/home/euntaek/ws_mobile/install/interfaces_pkg/local/lib/python3.10/dist-packages/interfaces_pkg/msg/_point2_d.py'...
[6.120s] Compiling '/home/euntaek/ws_mobile/install/interfaces_pkg/local/lib/python3.10/dist-packages/interfaces_pkg/msg/_pose2_d.py'...
[6.120s] Compiling '/home/euntaek/ws_mobile/install/interfaces_pkg/local/lib/python3.10/dist-packages/interfaces_pkg/msg/_target_point.py'...
[6.120s] Compiling '/home/euntaek/ws_mobile/install/interfaces_pkg/local/lib/python3.10/dist-packages/interfaces_pkg/msg/_vector2.py'...
[6.123s] -- Installing: /home/euntaek/ws_mobile/install/interfaces_pkg/lib/libinterfaces_pkg__rosidl_generator_py.so
[6.123s] -- Set runtime path of "/home/euntaek/ws_mobile/install/interfaces_pkg/lib/libinterfaces_pkg__rosidl_generator_py.so" to ""
[6.123s] -- Installing: /home/euntaek/ws_mobile/install/interfaces_pkg/share/interfaces_pkg/cmake/export_interfaces_pkg__rosidl_generator_cExport.cmake
[6.123s] -- Installing: /home/euntaek/ws_mobile/install/interfaces_pkg/share/interfaces_pkg/cmake/export_interfaces_pkg__rosidl_generator_cExport-noconfig.cmake
[6.123s] -- Installing: /home/euntaek/ws_mobile/install/interfaces_pkg/share/interfaces_pkg/cmake/export_interfaces_pkg__rosidl_typesupport_fastrtps_cExport.cmake
[6.123s] -- Installing: /home/euntaek/ws_mobile/install/interfaces_pkg/share/interfaces_pkg/cmake/export_interfaces_pkg__rosidl_typesupport_fastrtps_cExport-noconfig.cmake
[6.123s] -- Installing: /home/euntaek/ws_mobile/install/interfaces_pkg/share/interfaces_pkg/cmake/interfaces_pkg__rosidl_typesupport_introspection_cExport.cmake
[6.123s] -- Installing: /home/euntaek/ws_mobile/install/interfaces_pkg/share/interfaces_pkg/cmake/interfaces_pkg__rosidl_typesupport_introspection_cExport-noconfig.cmake
[6.124s] -- Installing: /home/euntaek/ws_mobile/install/interfaces_pkg/share/interfaces_pkg/cmake/interfaces_pkg__rosidl_typesupport_cExport.cmake
[6.124s] -- Installing: /home/euntaek/ws_mobile/install/interfaces_pkg/share/interfaces_pkg/cmake/interfaces_pkg__rosidl_typesupport_cExport-noconfig.cmake
[6.124s] -- Installing: /home/euntaek/ws_mobile/install/interfaces_pkg/share/interfaces_pkg/cmake/export_interfaces_pkg__rosidl_generator_cppExport.cmake
[6.124s] -- Installing: /home/euntaek/ws_mobile/install/interfaces_pkg/share/interfaces_pkg/cmake/export_interfaces_pkg__rosidl_typesupport_fastrtps_cppExport.cmake
[6.124s] -- Installing: /home/euntaek/ws_mobile/install/interfaces_pkg/share/interfaces_pkg/cmake/export_interfaces_pkg__rosidl_typesupport_fastrtps_cppExport-noconfig.cmake
[6.124s] -- Installing: /home/euntaek/ws_mobile/install/interfaces_pkg/share/interfaces_pkg/cmake/interfaces_pkg__rosidl_typesupport_introspection_cppExport.cmake
[6.124s] -- Installing: /home/euntaek/ws_mobile/install/interfaces_pkg/share/interfaces_pkg/cmake/interfaces_pkg__rosidl_typesupport_introspection_cppExport-noconfig.cmake
[6.124s] -- Installing: /home/euntaek/ws_mobile/install/interfaces_pkg/share/interfaces_pkg/cmake/interfaces_pkg__rosidl_typesupport_cppExport.cmake
[6.124s] -- Installing: /home/euntaek/ws_mobile/install/interfaces_pkg/share/interfaces_pkg/cmake/interfaces_pkg__rosidl_typesupport_cppExport-noconfig.cmake
[6.124s] -- Installing: /home/euntaek/ws_mobile/install/interfaces_pkg/share/interfaces_pkg/cmake/export_interfaces_pkg__rosidl_generator_pyExport.cmake
[6.124s] -- Installing: /home/euntaek/ws_mobile/install/interfaces_pkg/share/interfaces_pkg/cmake/export_interfaces_pkg__rosidl_generator_pyExport-noconfig.cmake
[6.126s] Invoked command in '/home/euntaek/ws_mobile/build/interfaces_pkg' returned '0': CMAKE_PREFIX_PATH=${CMAKE_PREFIX_PATH}:/home/euntaek/ws_mobile/install/serial_communication_pkg:/home/euntaek/ws_mobile/install/lidar_perception_pkg:/home/euntaek/ws_mobile/install/decision_making_pkg:/home/euntaek/ws_mobile/install/gps_path:/home/euntaek/ws_mobile/install/debug_pkg:/home/euntaek/ws_mobile/install/camera_perception_pkg:/opt/ros/humble /usr/bin/cmake --install /home/euntaek/ws_mobile/build/interfaces_pkg
