[0.569s] Invoking command in '/home/euntaek/ws_mobile/build/my_robot_description': CMAKE_PREFIX_PATH=${CMAKE_PREFIX_PATH}:/opt/ros/humble:/home/euntaek/ws_mobile/install/serial_communication_pkg:/home/euntaek/ws_mobile/install/lidar_perception_pkg:/home/euntaek/ws_mobile/install/decision_making_pkg:/home/euntaek/ws_mobile/install/gps_path:/home/euntaek/ws_mobile/install/debug_pkg:/home/euntaek/ws_mobile/install/camera_perception_pkg /usr/bin/cmake /home/euntaek/ws_mobile/src/my_robot_description -DCMAKE_INSTALL_PREFIX=/home/euntaek/ws_mobile/install/my_robot_description
[0.711s] -- Found ament_cmake: 1.3.12 (/opt/ros/humble/share/ament_cmake/cmake)
[0.711s] -- Override CMake install command with custom implementation using symlinks instead of copying resources
[0.711s] -- Found ament_lint_auto: 0.12.14 (/opt/ros/humble/share/ament_lint_auto/cmake)
[0.711s] -- Added test 'flake8' to check Python code syntax and style conventions
[0.711s] -- Added test 'lint_cmake' to check CMake code style
[0.711s] -- Added test 'pep257' to check Python code against some of the docstring style conventions in PEP 257
[0.711s] -- Added test 'xmllint' to check XML markup files
[0.711s] -- Configuring done
[0.711s] -- Generating done
[0.711s] -- Build files have been written to: /home/euntaek/ws_mobile/build/my_robot_description
[0.719s] Invoked command in '/home/euntaek/ws_mobile/build/my_robot_description' returned '0': CMAKE_PREFIX_PATH=${CMAKE_PREFIX_PATH}:/opt/ros/humble:/home/euntaek/ws_mobile/install/serial_communication_pkg:/home/euntaek/ws_mobile/install/lidar_perception_pkg:/home/euntaek/ws_mobile/install/decision_making_pkg:/home/euntaek/ws_mobile/install/gps_path:/home/euntaek/ws_mobile/install/debug_pkg:/home/euntaek/ws_mobile/install/camera_perception_pkg /usr/bin/cmake /home/euntaek/ws_mobile/src/my_robot_description -DCMAKE_INSTALL_PREFIX=/home/euntaek/ws_mobile/install/my_robot_description
[0.719s] Invoking command in '/home/euntaek/ws_mobile/build/my_robot_description': CMAKE_PREFIX_PATH=${CMAKE_PREFIX_PATH}:/opt/ros/humble:/home/euntaek/ws_mobile/install/serial_communication_pkg:/home/euntaek/ws_mobile/install/lidar_perception_pkg:/home/euntaek/ws_mobile/install/decision_making_pkg:/home/euntaek/ws_mobile/install/gps_path:/home/euntaek/ws_mobile/install/debug_pkg:/home/euntaek/ws_mobile/install/camera_perception_pkg /usr/bin/cmake --build /home/euntaek/ws_mobile/build/my_robot_description -- -j24 -l24
[0.751s] Invoked command in '/home/euntaek/ws_mobile/build/my_robot_description' returned '0': CMAKE_PREFIX_PATH=${CMAKE_PREFIX_PATH}:/opt/ros/humble:/home/euntaek/ws_mobile/install/serial_communication_pkg:/home/euntaek/ws_mobile/install/lidar_perception_pkg:/home/euntaek/ws_mobile/install/decision_making_pkg:/home/euntaek/ws_mobile/install/gps_path:/home/euntaek/ws_mobile/install/debug_pkg:/home/euntaek/ws_mobile/install/camera_perception_pkg /usr/bin/cmake --build /home/euntaek/ws_mobile/build/my_robot_description -- -j24 -l24
[0.751s] Invoking command in '/home/euntaek/ws_mobile/build/my_robot_description': CMAKE_PREFIX_PATH=${CMAKE_PREFIX_PATH}:/opt/ros/humble:/home/euntaek/ws_mobile/install/serial_communication_pkg:/home/euntaek/ws_mobile/install/lidar_perception_pkg:/home/euntaek/ws_mobile/install/decision_making_pkg:/home/euntaek/ws_mobile/install/gps_path:/home/euntaek/ws_mobile/install/debug_pkg:/home/euntaek/ws_mobile/install/camera_perception_pkg /usr/bin/cmake --install /home/euntaek/ws_mobile/build/my_robot_description
[0.756s] -- Install configuration: ""
[0.756s] -- Execute custom install script
[0.756s] -- Up-to-date symlink: /home/euntaek/ws_mobile/install/my_robot_description/share/ament_index/resource_index/package_run_dependencies/my_robot_description
[0.756s] -- Up-to-date symlink: /home/euntaek/ws_mobile/install/my_robot_description/share/ament_index/resource_index/parent_prefix_path/my_robot_description
[0.756s] -- Up-to-date symlink: /home/euntaek/ws_mobile/install/my_robot_description/share/my_robot_description/environment/ament_prefix_path.sh
[0.756s] -- Up-to-date symlink: /home/euntaek/ws_mobile/install/my_robot_description/share/my_robot_description/environment/ament_prefix_path.dsv
[0.757s] -- Up-to-date symlink: /home/euntaek/ws_mobile/install/my_robot_description/share/my_robot_description/environment/path.sh
[0.757s] -- Up-to-date symlink: /home/euntaek/ws_mobile/install/my_robot_description/share/my_robot_description/environment/path.dsv
[0.757s] -- Up-to-date symlink: /home/euntaek/ws_mobile/install/my_robot_description/share/my_robot_description/local_setup.bash
[0.757s] -- Up-to-date symlink: /home/euntaek/ws_mobile/install/my_robot_description/share/my_robot_description/local_setup.sh
[0.757s] -- Up-to-date symlink: /home/euntaek/ws_mobile/install/my_robot_description/share/my_robot_description/local_setup.zsh
[0.757s] -- Up-to-date symlink: /home/euntaek/ws_mobile/install/my_robot_description/share/my_robot_description/local_setup.dsv
[0.757s] -- Symlinking: /home/euntaek/ws_mobile/install/my_robot_description/share/my_robot_description/package.dsv
[0.764s] -- Up-to-date symlink: /home/euntaek/ws_mobile/install/my_robot_description/share/ament_index/resource_index/packages/my_robot_description
[0.764s] -- Up-to-date symlink: /home/euntaek/ws_mobile/install/my_robot_description/share/my_robot_description/cmake/my_robot_descriptionConfig.cmake
[0.764s] -- Up-to-date symlink: /home/euntaek/ws_mobile/install/my_robot_description/share/my_robot_description/cmake/my_robot_descriptionConfig-version.cmake
[0.764s] -- Up-to-date symlink: /home/euntaek/ws_mobile/install/my_robot_description/share/my_robot_description/package.xml
[0.764s] -- Up-to-date symlink: /home/euntaek/ws_mobile/install/my_robot_description/share/my_robot_description/launch/display.launch.py
[0.764s] -- Up-to-date symlink: /home/euntaek/ws_mobile/install/my_robot_description/share/my_robot_description/urdf/my_car.urdf
[0.766s] Invoked command in '/home/euntaek/ws_mobile/build/my_robot_description' returned '0': CMAKE_PREFIX_PATH=${CMAKE_PREFIX_PATH}:/opt/ros/humble:/home/euntaek/ws_mobile/install/serial_communication_pkg:/home/euntaek/ws_mobile/install/lidar_perception_pkg:/home/euntaek/ws_mobile/install/decision_making_pkg:/home/euntaek/ws_mobile/install/gps_path:/home/euntaek/ws_mobile/install/debug_pkg:/home/euntaek/ws_mobile/install/camera_perception_pkg /usr/bin/cmake --install /home/euntaek/ws_mobile/build/my_robot_description
