[0.923s] Invoking command in '/home/euntaek/ws_mobile/build/gps_path': PYTHONPATH=/home/euntaek/ws_mobile/build/gps_path/prefix_override:/usr/lib/python3/dist-packages/colcon_core/task/python/colcon_distutils_commands:/home/euntaek/ws_mobile/install/gps_path/lib/python3.10/site-packages:${PYTHONPATH} /usr/bin/python3 -W ignore:setup.py install is deprecated -W ignore:easy_install command is deprecated setup.py develop --uninstall --editable --build-directory /home/euntaek/ws_mobile/build/gps_path/build
[1.068s] running develop
[1.148s] Removing /home/euntaek/ws_mobile/install/gps_path/lib/python3.10/site-packages/gps-path.egg-link (link to .)
[1.269s] Invoked command in '/home/euntaek/ws_mobile/build/gps_path' returned '0': PYTHONPATH=/home/euntaek/ws_mobile/build/gps_path/prefix_override:/usr/lib/python3/dist-packages/colcon_core/task/python/colcon_distutils_commands:/home/euntaek/ws_mobile/install/gps_path/lib/python3.10/site-packages:${PYTHONPATH} /usr/bin/python3 -W ignore:setup.py install is deprecated -W ignore:easy_install command is deprecated setup.py develop --uninstall --editable --build-directory /home/euntaek/ws_mobile/build/gps_path/build
[1.270s] Invoking command in '/home/euntaek/ws_mobile/src/gps_path': PYTHONPATH=/home/euntaek/ws_mobile/build/gps_path/prefix_override:/usr/lib/python3/dist-packages/colcon_core/task/python/colcon_distutils_commands:/home/euntaek/ws_mobile/install/gps_path/lib/python3.10/site-packages:${PYTHONPATH} /usr/bin/python3 -W ignore:setup.py install is deprecated -W ignore:easy_install command is deprecated setup.py egg_info --egg-base ../../build/gps_path build --build-base /home/euntaek/ws_mobile/build/gps_path/build install --record /home/euntaek/ws_mobile/build/gps_path/install.log --single-version-externally-managed install_data --force
[1.402s] running egg_info
[1.402s] writing ../../build/gps_path/gps_path.egg-info/PKG-INFO
[1.403s] writing dependency_links to ../../build/gps_path/gps_path.egg-info/dependency_links.txt
[1.403s] writing entry points to ../../build/gps_path/gps_path.egg-info/entry_points.txt
[1.403s] writing requirements to ../../build/gps_path/gps_path.egg-info/requires.txt
[1.403s] writing top-level names to ../../build/gps_path/gps_path.egg-info/top_level.txt
[1.404s] reading manifest file '../../build/gps_path/gps_path.egg-info/SOURCES.txt'
[1.404s] writing manifest file '../../build/gps_path/gps_path.egg-info/SOURCES.txt'
[1.404s] running build
[1.404s] running build_py
[1.404s] creating /home/euntaek/ws_mobile/build/gps_path/build
[1.404s] creating /home/euntaek/ws_mobile/build/gps_path/build/lib
[1.405s] creating /home/euntaek/ws_mobile/build/gps_path/build/lib/gps_path
[1.405s] copying gps_path/gps_centerline_node.py -> /home/euntaek/ws_mobile/build/gps_path/build/lib/gps_path
[1.405s] copying gps_path/__init__.py -> /home/euntaek/ws_mobile/build/gps_path/build/lib/gps_path
[1.405s] running install
[1.405s] running install_lib
[1.405s] creating /home/euntaek/ws_mobile/install/gps_path/lib/python3.10/site-packages/gps_path
[1.405s] copying /home/euntaek/ws_mobile/build/gps_path/build/lib/gps_path/gps_centerline_node.py -> /home/euntaek/ws_mobile/install/gps_path/lib/python3.10/site-packages/gps_path
[1.405s] copying /home/euntaek/ws_mobile/build/gps_path/build/lib/gps_path/__init__.py -> /home/euntaek/ws_mobile/install/gps_path/lib/python3.10/site-packages/gps_path
[1.406s] byte-compiling /home/euntaek/ws_mobile/install/gps_path/lib/python3.10/site-packages/gps_path/gps_centerline_node.py to gps_centerline_node.cpython-310.pyc
[1.407s] byte-compiling /home/euntaek/ws_mobile/install/gps_path/lib/python3.10/site-packages/gps_path/__init__.py to __init__.cpython-310.pyc
[1.408s] running install_data
[1.408s] copying resource/gps_path -> /home/euntaek/ws_mobile/install/gps_path/share/ament_index/resource_index/packages
[1.408s] copying package.xml -> /home/euntaek/ws_mobile/install/gps_path/share/gps_path
[1.408s] copying launch/gps_centerline.launch.py -> /home/euntaek/ws_mobile/install/gps_path/share/gps_path/launch
[1.408s] copying data/left_lane.csv -> /home/euntaek/ws_mobile/install/gps_path/share/gps_path/data
[1.409s] copying data/right_lane.csv -> /home/euntaek/ws_mobile/install/gps_path/share/gps_path/data
[1.410s] running install_egg_info
[1.412s] Copying ../../build/gps_path/gps_path.egg-info to /home/euntaek/ws_mobile/install/gps_path/lib/python3.10/site-packages/gps_path-0.0.1-py3.10.egg-info
[1.412s] running install_scripts
[1.421s] Installing gps_centerline_node script to /home/euntaek/ws_mobile/install/gps_path/lib/gps_path
[1.421s] writing list of installed files to '/home/euntaek/ws_mobile/build/gps_path/install.log'
[1.451s] Invoked command in '/home/euntaek/ws_mobile/src/gps_path' returned '0': PYTHONPATH=/home/euntaek/ws_mobile/build/gps_path/prefix_override:/usr/lib/python3/dist-packages/colcon_core/task/python/colcon_distutils_commands:/home/euntaek/ws_mobile/install/gps_path/lib/python3.10/site-packages:${PYTHONPATH} /usr/bin/python3 -W ignore:setup.py install is deprecated -W ignore:easy_install command is deprecated setup.py egg_info --egg-base ../../build/gps_path build --build-base /home/euntaek/ws_mobile/build/gps_path/build install --record /home/euntaek/ws_mobile/build/gps_path/install.log --single-version-externally-managed install_data --force
