[0.931s] Invoking command in '/home/euntaek/ws_mobile/build/debug_pkg': PYTHONPATH=/home/euntaek/ws_mobile/build/debug_pkg/prefix_override:/usr/lib/python3/dist-packages/colcon_core/task/python/colcon_distutils_commands:/home/euntaek/ws_mobile/install/debug_pkg/lib/python3.10/site-packages:${PYTHONPATH} /usr/bin/python3 -W ignore:setup.py install is deprecated -W ignore:easy_install command is deprecated setup.py develop --uninstall --editable --build-directory /home/euntaek/ws_mobile/build/debug_pkg/build
[1.076s] running develop
[1.157s] Removing /home/euntaek/ws_mobile/install/debug_pkg/lib/python3.10/site-packages/debug-pkg.egg-link (link to .)
[1.273s] Invoked command in '/home/euntaek/ws_mobile/build/debug_pkg' returned '0': PYTHONPATH=/home/euntaek/ws_mobile/build/debug_pkg/prefix_override:/usr/lib/python3/dist-packages/colcon_core/task/python/colcon_distutils_commands:/home/euntaek/ws_mobile/install/debug_pkg/lib/python3.10/site-packages:${PYTHONPATH} /usr/bin/python3 -W ignore:setup.py install is deprecated -W ignore:easy_install command is deprecated setup.py develop --uninstall --editable --build-directory /home/euntaek/ws_mobile/build/debug_pkg/build
[1.274s] Invoking command in '/home/euntaek/ws_mobile/src/debug_pkg': PYTHONPATH=/home/euntaek/ws_mobile/build/debug_pkg/prefix_override:/usr/lib/python3/dist-packages/colcon_core/task/python/colcon_distutils_commands:/home/euntaek/ws_mobile/install/debug_pkg/lib/python3.10/site-packages:${PYTHONPATH} /usr/bin/python3 -W ignore:setup.py install is deprecated -W ignore:easy_install command is deprecated setup.py egg_info --egg-base ../../build/debug_pkg build --build-base /home/euntaek/ws_mobile/build/debug_pkg/build install --record /home/euntaek/ws_mobile/build/debug_pkg/install.log --single-version-externally-managed install_data --force
[1.406s] running egg_info
[1.406s] writing ../../build/debug_pkg/debug_pkg.egg-info/PKG-INFO
[1.407s] writing dependency_links to ../../build/debug_pkg/debug_pkg.egg-info/dependency_links.txt
[1.407s] writing entry points to ../../build/debug_pkg/debug_pkg.egg-info/entry_points.txt
[1.407s] writing requirements to ../../build/debug_pkg/debug_pkg.egg-info/requires.txt
[1.407s] writing top-level names to ../../build/debug_pkg/debug_pkg.egg-info/top_level.txt
[1.408s] reading manifest file '../../build/debug_pkg/debug_pkg.egg-info/SOURCES.txt'
[1.408s] writing manifest file '../../build/debug_pkg/debug_pkg.egg-info/SOURCES.txt'
[1.409s] running build
[1.409s] running build_py
[1.409s] creating /home/euntaek/ws_mobile/build/debug_pkg/build
[1.409s] creating /home/euntaek/ws_mobile/build/debug_pkg/build/lib
[1.409s] creating /home/euntaek/ws_mobile/build/debug_pkg/build/lib/debug_pkg
[1.409s] copying debug_pkg/__init__.py -> /home/euntaek/ws_mobile/build/debug_pkg/build/lib/debug_pkg
[1.409s] copying debug_pkg/yolov8_visualizer_node.py -> /home/euntaek/ws_mobile/build/debug_pkg/build/lib/debug_pkg
[1.409s] copying debug_pkg/path_visualizer_node.py -> /home/euntaek/ws_mobile/build/debug_pkg/build/lib/debug_pkg
[1.409s] creating /home/euntaek/ws_mobile/build/debug_pkg/build/lib/debug_pkg/lib
[1.409s] copying debug_pkg/lib/__init__.py -> /home/euntaek/ws_mobile/build/debug_pkg/build/lib/debug_pkg/lib
[1.409s] running install
[1.410s] running install_lib
[1.410s] creating /home/euntaek/ws_mobile/install/debug_pkg/lib/python3.10/site-packages/debug_pkg
[1.410s] copying /home/euntaek/ws_mobile/build/debug_pkg/build/lib/debug_pkg/__init__.py -> /home/euntaek/ws_mobile/install/debug_pkg/lib/python3.10/site-packages/debug_pkg
[1.410s] copying /home/euntaek/ws_mobile/build/debug_pkg/build/lib/debug_pkg/yolov8_visualizer_node.py -> /home/euntaek/ws_mobile/install/debug_pkg/lib/python3.10/site-packages/debug_pkg
[1.411s] copying /home/euntaek/ws_mobile/build/debug_pkg/build/lib/debug_pkg/path_visualizer_node.py -> /home/euntaek/ws_mobile/install/debug_pkg/lib/python3.10/site-packages/debug_pkg
[1.411s] creating /home/euntaek/ws_mobile/install/debug_pkg/lib/python3.10/site-packages/debug_pkg/lib
[1.411s] copying /home/euntaek/ws_mobile/build/debug_pkg/build/lib/debug_pkg/lib/__init__.py -> /home/euntaek/ws_mobile/install/debug_pkg/lib/python3.10/site-packages/debug_pkg/lib
[1.411s] byte-compiling /home/euntaek/ws_mobile/install/debug_pkg/lib/python3.10/site-packages/debug_pkg/__init__.py to __init__.cpython-310.pyc
[1.412s] byte-compiling /home/euntaek/ws_mobile/install/debug_pkg/lib/python3.10/site-packages/debug_pkg/yolov8_visualizer_node.py to yolov8_visualizer_node.cpython-310.pyc
[1.413s] byte-compiling /home/euntaek/ws_mobile/install/debug_pkg/lib/python3.10/site-packages/debug_pkg/path_visualizer_node.py to path_visualizer_node.cpython-310.pyc
[1.413s] byte-compiling /home/euntaek/ws_mobile/install/debug_pkg/lib/python3.10/site-packages/debug_pkg/lib/__init__.py to __init__.cpython-310.pyc
[1.414s] running install_data
[1.414s] copying resource/debug_pkg -> /home/euntaek/ws_mobile/install/debug_pkg/share/ament_index/resource_index/packages
[1.414s] copying package.xml -> /home/euntaek/ws_mobile/install/debug_pkg/share/debug_pkg
[1.414s] running install_egg_info
[1.415s] Copying ../../build/debug_pkg/debug_pkg.egg-info to /home/euntaek/ws_mobile/install/debug_pkg/lib/python3.10/site-packages/debug_pkg-0.0.0-py3.10.egg-info
[1.415s] running install_scripts
[1.425s] Installing path_visualizer_node script to /home/euntaek/ws_mobile/install/debug_pkg/lib/debug_pkg
[1.425s] Installing yolov8_visualizer_node script to /home/euntaek/ws_mobile/install/debug_pkg/lib/debug_pkg
[1.425s] writing list of installed files to '/home/euntaek/ws_mobile/build/debug_pkg/install.log'
[1.450s] Invoked command in '/home/euntaek/ws_mobile/src/debug_pkg' returned '0': PYTHONPATH=/home/euntaek/ws_mobile/build/debug_pkg/prefix_override:/usr/lib/python3/dist-packages/colcon_core/task/python/colcon_distutils_commands:/home/euntaek/ws_mobile/install/debug_pkg/lib/python3.10/site-packages:${PYTHONPATH} /usr/bin/python3 -W ignore:setup.py install is deprecated -W ignore:easy_install command is deprecated setup.py egg_info --egg-base ../../build/debug_pkg build --build-base /home/euntaek/ws_mobile/build/debug_pkg/build install --record /home/euntaek/ws_mobile/build/debug_pkg/install.log --single-version-externally-managed install_data --force
