[0.865s] Invoking command in '/home/euntaek/ws_mobile/build/serial_communication_pkg': PYTHONPATH=/home/euntaek/ws_mobile/build/serial_communication_pkg/prefix_override:/usr/lib/python3/dist-packages/colcon_core/task/python/colcon_distutils_commands:/home/euntaek/ws_mobile/install/serial_communication_pkg/lib/python3.10/site-packages:${PYTHONPATH} /usr/bin/python3 -W ignore:setup.py install is deprecated -W ignore:easy_install command is deprecated setup.py develop --editable --build-directory /home/euntaek/ws_mobile/build/serial_communication_pkg/build --no-deps symlink_data
[1.001s] running develop
[1.075s] running egg_info
[1.075s] creating serial_communication_pkg.egg-info
[1.076s] writing serial_communication_pkg.egg-info/PKG-INFO
[1.076s] writing dependency_links to serial_communication_pkg.egg-info/dependency_links.txt
[1.076s] writing entry points to serial_communication_pkg.egg-info/entry_points.txt
[1.076s] writing requirements to serial_communication_pkg.egg-info/requires.txt
[1.076s] writing top-level names to serial_communication_pkg.egg-info/top_level.txt
[1.076s] writing manifest file 'serial_communication_pkg.egg-info/SOURCES.txt'
[1.077s] reading manifest file 'serial_communication_pkg.egg-info/SOURCES.txt'
[1.078s] writing manifest file 'serial_communication_pkg.egg-info/SOURCES.txt'
[1.078s] running build_ext
[1.079s] Creating /home/euntaek/ws_mobile/install/serial_communication_pkg/lib/python3.10/site-packages/serial-communication-pkg.egg-link (link to .)
[1.079s] Installing serial_sender_node script to /home/euntaek/ws_mobile/install/serial_communication_pkg/lib/serial_communication_pkg
[1.079s] 
[1.079s] Installed /home/euntaek/ws_mobile/build/serial_communication_pkg
[1.079s] running symlink_data
[1.079s] creating /home/euntaek/ws_mobile/install/serial_communication_pkg/share/ament_index
[1.079s] creating /home/euntaek/ws_mobile/install/serial_communication_pkg/share/ament_index/resource_index
[1.079s] creating /home/euntaek/ws_mobile/install/serial_communication_pkg/share/ament_index/resource_index/packages
[1.079s] symbolically linking /home/euntaek/ws_mobile/build/serial_communication_pkg/resource/serial_communication_pkg -> /home/euntaek/ws_mobile/install/serial_communication_pkg/share/ament_index/resource_index/packages
[1.079s] symbolically linking /home/euntaek/ws_mobile/build/serial_communication_pkg/package.xml -> /home/euntaek/ws_mobile/install/serial_communication_pkg/share/serial_communication_pkg
[1.115s] Invoked command in '/home/euntaek/ws_mobile/build/serial_communication_pkg' returned '0': PYTHONPATH=/home/euntaek/ws_mobile/build/serial_communication_pkg/prefix_override:/usr/lib/python3/dist-packages/colcon_core/task/python/colcon_distutils_commands:/home/euntaek/ws_mobile/install/serial_communication_pkg/lib/python3.10/site-packages:${PYTHONPATH} /usr/bin/python3 -W ignore:setup.py install is deprecated -W ignore:easy_install command is deprecated setup.py develop --editable --build-directory /home/euntaek/ws_mobile/build/serial_communication_pkg/build --no-deps symlink_data
