[0.417s] Invoking command in '/home/euntaek/ws_mobile/build/mobile_robot': CMAKE_PREFIX_PATH=${CMAKE_PREFIX_PATH}:/home/euntaek/ws_mobile/install/serial_communication_pkg:/home/euntaek/ws_mobile/install/lidar_perception_pkg:/home/euntaek/ws_mobile/install/decision_making_pkg:/home/euntaek/ws_mobile/install/debug_pkg:/home/euntaek/ws_mobile/install/gps_path:/home/euntaek/ws_mobile/install/camera_perception_pkg:/opt/ros/humble /usr/bin/cmake /home/euntaek/ws_mobile/src/mobile_robot -DAMENT_CMAKE_SYMLINK_INSTALL=1 -DCMAKE_INSTALL_PREFIX=/home/euntaek/ws_mobile/install/mobile_robot
[0.565s] -- The C compiler identification is GNU 11.4.0
[0.565s] -- The CXX compiler identification is GNU 11.4.0
[0.565s] -- Detecting C compiler ABI info
[0.565s] -- Detecting C compiler ABI info - done
[0.565s] -- Check for working C compiler: /usr/bin/cc - skipped
[0.565s] -- Detecting C compile features
[0.565s] -- Detecting C compile features - done
[0.565s] -- Detecting CXX compiler ABI info
[0.596s] -- Detecting CXX compiler ABI info - done
[0.600s] -- Check for working CXX compiler: /usr/bin/c++ - skipped
[0.601s] -- Detecting CXX compile features
[0.601s] -- Detecting CXX compile features - done
[0.603s] -- Found ament_cmake: 1.3.12 (/opt/ros/humble/share/ament_cmake/cmake)
[0.698s] -- Found Python3: /usr/bin/python3 (found version "3.10.12") found components: Interpreter 
[0.736s] -- Override CMake install command with custom implementation using symlinks instead of copying resources
[0.754s] -- Found ament_lint_auto: 0.12.14 (/opt/ros/humble/share/ament_lint_auto/cmake)
[0.802s] -- Added test 'flake8' to check Python code syntax and style conventions
[0.803s] -- Added test 'lint_cmake' to check CMake code style
[0.803s] -- Added test 'pep257' to check Python code against some of the docstring style conventions in PEP 257
[0.805s] -- Added test 'xmllint' to check XML markup files
[0.806s] -- Configuring done
[0.808s] -- Generating done
[0.809s] -- Build files have been written to: /home/euntaek/ws_mobile/build/mobile_robot
[0.812s] Invoked command in '/home/euntaek/ws_mobile/build/mobile_robot' returned '0': CMAKE_PREFIX_PATH=${CMAKE_PREFIX_PATH}:/home/euntaek/ws_mobile/install/serial_communication_pkg:/home/euntaek/ws_mobile/install/lidar_perception_pkg:/home/euntaek/ws_mobile/install/decision_making_pkg:/home/euntaek/ws_mobile/install/debug_pkg:/home/euntaek/ws_mobile/install/gps_path:/home/euntaek/ws_mobile/install/camera_perception_pkg:/opt/ros/humble /usr/bin/cmake /home/euntaek/ws_mobile/src/mobile_robot -DAMENT_CMAKE_SYMLINK_INSTALL=1 -DCMAKE_INSTALL_PREFIX=/home/euntaek/ws_mobile/install/mobile_robot
[0.813s] Invoking command in '/home/euntaek/ws_mobile/build/mobile_robot': CMAKE_PREFIX_PATH=${CMAKE_PREFIX_PATH}:/home/euntaek/ws_mobile/install/serial_communication_pkg:/home/euntaek/ws_mobile/install/lidar_perception_pkg:/home/euntaek/ws_mobile/install/decision_making_pkg:/home/euntaek/ws_mobile/install/debug_pkg:/home/euntaek/ws_mobile/install/gps_path:/home/euntaek/ws_mobile/install/camera_perception_pkg:/opt/ros/humble /usr/bin/cmake --build /home/euntaek/ws_mobile/build/mobile_robot -- -j24 -l24
[0.839s] Invoked command in '/home/euntaek/ws_mobile/build/mobile_robot' returned '0': CMAKE_PREFIX_PATH=${CMAKE_PREFIX_PATH}:/home/euntaek/ws_mobile/install/serial_communication_pkg:/home/euntaek/ws_mobile/install/lidar_perception_pkg:/home/euntaek/ws_mobile/install/decision_making_pkg:/home/euntaek/ws_mobile/install/debug_pkg:/home/euntaek/ws_mobile/install/gps_path:/home/euntaek/ws_mobile/install/camera_perception_pkg:/opt/ros/humble /usr/bin/cmake --build /home/euntaek/ws_mobile/build/mobile_robot -- -j24 -l24
[0.840s] Invoking command in '/home/euntaek/ws_mobile/build/mobile_robot': CMAKE_PREFIX_PATH=${CMAKE_PREFIX_PATH}:/home/euntaek/ws_mobile/install/serial_communication_pkg:/home/euntaek/ws_mobile/install/lidar_perception_pkg:/home/euntaek/ws_mobile/install/decision_making_pkg:/home/euntaek/ws_mobile/install/debug_pkg:/home/euntaek/ws_mobile/install/gps_path:/home/euntaek/ws_mobile/install/camera_perception_pkg:/opt/ros/humble /usr/bin/cmake --install /home/euntaek/ws_mobile/build/mobile_robot
[0.844s] -- Install configuration: ""
[0.845s] -- Execute custom install script
[0.845s] -- Symlinking: /home/euntaek/ws_mobile/install/mobile_robot/share/mobile_robot/launch/__pycache__/gazebo_model.launch.cpython-310.pyc
[0.851s] -- Symlinking: /home/euntaek/ws_mobile/install/mobile_robot/share/mobile_robot/launch/gazebo_model.launch.py
[0.856s] -- Symlinking: /home/euntaek/ws_mobile/install/mobile_robot/share/mobile_robot/model/robot.gazebo
[0.861s] -- Symlinking: /home/euntaek/ws_mobile/install/mobile_robot/share/mobile_robot/model/robot.xacro
[0.868s] -- Symlinking: /home/euntaek/ws_mobile/install/mobile_robot/share/mobile_robot/parameters/bridge_parameters.yaml
[0.873s] -- Symlinking: /home/euntaek/ws_mobile/install/mobile_robot/share/mobile_robot/parameters/ekf_global.yaml
[0.879s] -- Symlinking: /home/euntaek/ws_mobile/install/mobile_robot/share/mobile_robot/parameters/ekf_local.yaml
[0.885s] -- Symlinking: /home/euntaek/ws_mobile/install/mobile_robot/share/mobile_robot/parameters/frames_2025-09-05_16.20.59.gv
[0.891s] -- Symlinking: /home/euntaek/ws_mobile/install/mobile_robot/share/mobile_robot/parameters/frames_2025-09-05_16.20.59.pdf
[0.898s] -- Symlinking: /home/euntaek/ws_mobile/install/mobile_robot/share/mobile_robot/parameters/navsat.yaml
[0.904s] -- Symlinking: /home/euntaek/ws_mobile/install/mobile_robot/share/mobile_robot/worlds/lane_markers.sdf
[0.909s] -- Symlinking: /home/euntaek/ws_mobile/install/mobile_robot/share/mobile_robot/worlds/my_world.sdf
[0.914s] -- Symlinking: /home/euntaek/ws_mobile/install/mobile_robot/share/mobile_robot/scripts/imu_cov_injector.py
[0.919s] -- Symlinking: /home/euntaek/ws_mobile/install/mobile_robot/share/mobile_robot/scripts/odom_to_navsat.py
[0.924s] -- Symlinking: /home/euntaek/ws_mobile/install/mobile_robot/share/mobile_robot/scripts/posev_to_model_pose.py
[0.929s] -- Symlinking: /home/euntaek/ws_mobile/install/mobile_robot/share/mobile_robot/scripts/steering_pot_emulator.py
[0.934s] -- Symlinking: /home/euntaek/ws_mobile/install/mobile_robot/share/mobile_robot/scripts/twist_to_ackermann_fixed.py
[0.939s] -- Symlinking: /home/euntaek/ws_mobile/install/mobile_robot/share/mobile_robot/scripts/vehicle_interface.py
[0.945s] -- Symlinking: /home/euntaek/ws_mobile/install/mobile_robot/share/mobile_robot/scripts/worldpose_to_navsat.py
[0.950s] -- Symlinking: /home/euntaek/ws_mobile/install/mobile_robot/lib/mobile_robot/vehicle_interface.py
[0.955s] -- Symlinking: /home/euntaek/ws_mobile/install/mobile_robot/lib/mobile_robot/steering_pot_emulator.py
[0.960s] -- Symlinking: /home/euntaek/ws_mobile/install/mobile_robot/lib/mobile_robot/twist_to_ackermann_fixed.py
[0.967s] -- Symlinking: /home/euntaek/ws_mobile/install/mobile_robot/lib/mobile_robot/posev_to_model_pose.py
[0.971s] -- Symlinking: /home/euntaek/ws_mobile/install/mobile_robot/lib/mobile_robot/worldpose_to_navsat.py
[0.978s] -- Symlinking: /home/euntaek/ws_mobile/install/mobile_robot/lib/mobile_robot/imu_cov_injector.py
[0.983s] -- Symlinking: /home/euntaek/ws_mobile/install/mobile_robot/share/ament_index/resource_index/package_run_dependencies/mobile_robot
[0.991s] -- Symlinking: /home/euntaek/ws_mobile/install/mobile_robot/share/ament_index/resource_index/parent_prefix_path/mobile_robot
[0.996s] -- Symlinking: /home/euntaek/ws_mobile/install/mobile_robot/share/mobile_robot/environment/ament_prefix_path.sh
[1.001s] -- Symlinking: /home/euntaek/ws_mobile/install/mobile_robot/share/mobile_robot/environment/ament_prefix_path.dsv
[1.008s] -- Symlinking: /home/euntaek/ws_mobile/install/mobile_robot/share/mobile_robot/environment/path.sh
[1.014s] -- Symlinking: /home/euntaek/ws_mobile/install/mobile_robot/share/mobile_robot/environment/path.dsv
[1.019s] -- Symlinking: /home/euntaek/ws_mobile/install/mobile_robot/share/mobile_robot/local_setup.bash
[1.025s] -- Symlinking: /home/euntaek/ws_mobile/install/mobile_robot/share/mobile_robot/local_setup.sh
[1.030s] -- Symlinking: /home/euntaek/ws_mobile/install/mobile_robot/share/mobile_robot/local_setup.zsh
[1.037s] -- Symlinking: /home/euntaek/ws_mobile/install/mobile_robot/share/mobile_robot/local_setup.dsv
[1.042s] -- Symlinking: /home/euntaek/ws_mobile/install/mobile_robot/share/mobile_robot/package.dsv
[1.048s] -- Symlinking: /home/euntaek/ws_mobile/install/mobile_robot/share/ament_index/resource_index/packages/mobile_robot
[1.054s] -- Symlinking: /home/euntaek/ws_mobile/install/mobile_robot/share/mobile_robot/cmake/mobile_robotConfig.cmake
[1.059s] -- Symlinking: /home/euntaek/ws_mobile/install/mobile_robot/share/mobile_robot/cmake/mobile_robotConfig-version.cmake
[1.064s] -- Symlinking: /home/euntaek/ws_mobile/install/mobile_robot/share/mobile_robot/package.xml
[1.071s] Invoked command in '/home/euntaek/ws_mobile/build/mobile_robot' returned '0': CMAKE_PREFIX_PATH=${CMAKE_PREFIX_PATH}:/home/euntaek/ws_mobile/install/serial_communication_pkg:/home/euntaek/ws_mobile/install/lidar_perception_pkg:/home/euntaek/ws_mobile/install/decision_making_pkg:/home/euntaek/ws_mobile/install/debug_pkg:/home/euntaek/ws_mobile/install/gps_path:/home/euntaek/ws_mobile/install/camera_perception_pkg:/opt/ros/humble /usr/bin/cmake --install /home/euntaek/ws_mobile/build/mobile_robot
