[0.867s] Invoking command in '/home/euntaek/ws_mobile/build/debug_pkg': PYTHONPATH=/home/euntaek/ws_mobile/build/debug_pkg/prefix_override:/usr/lib/python3/dist-packages/colcon_core/task/python/colcon_distutils_commands:/home/euntaek/ws_mobile/install/debug_pkg/lib/python3.10/site-packages:${PYTHONPATH} /usr/bin/python3 -W ignore:setup.py install is deprecated -W ignore:easy_install command is deprecated setup.py develop --editable --build-directory /home/euntaek/ws_mobile/build/debug_pkg/build --no-deps symlink_data
[1.010s] running develop
[1.085s] running egg_info
[1.085s] creating debug_pkg.egg-info
[1.085s] writing debug_pkg.egg-info/PKG-INFO
[1.085s] writing dependency_links to debug_pkg.egg-info/dependency_links.txt
[1.085s] writing entry points to debug_pkg.egg-info/entry_points.txt
[1.085s] writing requirements to debug_pkg.egg-info/requires.txt
[1.085s] writing top-level names to debug_pkg.egg-info/top_level.txt
[1.085s] writing manifest file 'debug_pkg.egg-info/SOURCES.txt'
[1.086s] reading manifest file 'debug_pkg.egg-info/SOURCES.txt'
[1.087s] writing manifest file 'debug_pkg.egg-info/SOURCES.txt'
[1.088s] running build_ext
[1.088s] Creating /home/euntaek/ws_mobile/install/debug_pkg/lib/python3.10/site-packages/debug-pkg.egg-link (link to .)
[1.088s] Installing path_visualizer_node script to /home/euntaek/ws_mobile/install/debug_pkg/lib/debug_pkg
[1.088s] Installing yolov8_visualizer_node script to /home/euntaek/ws_mobile/install/debug_pkg/lib/debug_pkg
[1.088s] 
[1.088s] Installed /home/euntaek/ws_mobile/build/debug_pkg
[1.088s] running symlink_data
[1.088s] creating /home/euntaek/ws_mobile/install/debug_pkg/share/ament_index
[1.088s] creating /home/euntaek/ws_mobile/install/debug_pkg/share/ament_index/resource_index
[1.088s] creating /home/euntaek/ws_mobile/install/debug_pkg/share/ament_index/resource_index/packages
[1.088s] symbolically linking /home/euntaek/ws_mobile/build/debug_pkg/resource/debug_pkg -> /home/euntaek/ws_mobile/install/debug_pkg/share/ament_index/resource_index/packages
[1.088s] symbolically linking /home/euntaek/ws_mobile/build/debug_pkg/package.xml -> /home/euntaek/ws_mobile/install/debug_pkg/share/debug_pkg
[1.129s] Invoked command in '/home/euntaek/ws_mobile/build/debug_pkg' returned '0': PYTHONPATH=/home/euntaek/ws_mobile/build/debug_pkg/prefix_override:/usr/lib/python3/dist-packages/colcon_core/task/python/colcon_distutils_commands:/home/euntaek/ws_mobile/install/debug_pkg/lib/python3.10/site-packages:${PYTHONPATH} /usr/bin/python3 -W ignore:setup.py install is deprecated -W ignore:easy_install command is deprecated setup.py develop --editable --build-directory /home/euntaek/ws_mobile/build/debug_pkg/build --no-deps symlink_data
