[0.020s] Invoking command in '/home/euntaek/ws_mobile/build/interfaces_pkg': CMAKE_PREFIX_PATH=${CMAKE_PREFIX_PATH}:/home/euntaek/ws_mobile/install/serial_communication_pkg:/home/euntaek/ws_mobile/install/lidar_perception_pkg:/home/euntaek/ws_mobile/install/decision_making_pkg:/home/euntaek/ws_mobile/install/debug_pkg:/home/euntaek/ws_mobile/install/gps_path:/home/euntaek/ws_mobile/install/camera_perception_pkg:/opt/ros/humble /usr/bin/cmake /home/euntaek/ws_mobile/src/interfaces_pkg -DAMENT_CMAKE_SYMLINK_INSTALL=1 -DCMAKE_INSTALL_PREFIX=/home/euntaek/ws_mobile/install/interfaces_pkg
[0.574s] -- The C compiler identification is GNU 11.4.0
[0.575s] -- The CXX compiler identification is GNU 11.4.0
[0.575s] -- Detecting C compiler ABI info
[0.575s] -- Detecting C compiler ABI info - done
[0.575s] -- Check for working C compiler: /usr/bin/cc - skipped
[0.575s] -- Detecting C compile features
[0.575s] -- Detecting C compile features - done
[0.575s] -- Detecting CXX compiler ABI info
[0.575s] -- Detecting CXX compiler ABI info - done
[0.575s] -- Check for working CXX compiler: /usr/bin/c++ - skipped
[0.575s] -- Detecting CXX compile features
[0.575s] -- Detecting CXX compile features - done
[0.575s] -- Found ament_cmake: 1.3.12 (/opt/ros/humble/share/ament_cmake/cmake)
[0.575s] -- Found Python3: /usr/bin/python3 (found version "3.10.12") found components: Interpreter 
[0.575s] -- Override CMake install command with custom implementation using symlinks instead of copying resources
[0.575s] -- Found rosidl_default_generators: 1.2.0 (/opt/ros/humble/share/rosidl_default_generators/cmake)
[0.575s] -- Using all available rosidl_typesupport_c: rosidl_typesupport_fastrtps_c;rosidl_typesupport_introspection_c
[0.575s] -- Found rosidl_adapter: 3.1.7 (/opt/ros/humble/share/rosidl_adapter/cmake)
[0.575s] -- Using all available rosidl_typesupport_cpp: rosidl_typesupport_fastrtps_cpp;rosidl_typesupport_introspection_cpp
[0.575s] -- Found std_msgs: 4.9.0 (/opt/ros/humble/share/std_msgs/cmake)
[0.575s] -- Found geometry_msgs: 4.9.0 (/opt/ros/humble/share/geometry_msgs/cmake)
[0.634s] -- Found ament_cmake_ros: 0.10.0 (/opt/ros/humble/share/ament_cmake_ros/cmake)
[0.788s] -- Using all available rosidl_typesupport_c: rosidl_typesupport_fastrtps_c;rosidl_typesupport_introspection_c
[0.992s] -- Using all available rosidl_typesupport_cpp: rosidl_typesupport_fastrtps_cpp;rosidl_typesupport_introspection_cpp
[1.007s] -- Found PythonInterp: /usr/bin/python3 (found suitable version "3.10.12", minimum required is "3.6") 
[1.009s] -- Found python_cmake_module: 0.10.0 (/opt/ros/humble/share/python_cmake_module/cmake)
[1.026s] -- Found PythonLibs: /usr/lib/x86_64-linux-gnu/libpython3.10.so (found suitable version "3.10.12", minimum required is "3.5") 
[1.026s] -- Using PYTHON_EXECUTABLE: /usr/bin/python3
[1.026s] -- Using PYTHON_INCLUDE_DIRS: /usr/include/python3.10
[1.026s] -- Using PYTHON_LIBRARIES: /usr/lib/x86_64-linux-gnu/libpython3.10.so
[1.039s] -- Found PythonExtra: .so  
[1.083s] -- Configuring done
[1.114s] -- Generating done
[1.121s] -- Build files have been written to: /home/euntaek/ws_mobile/build/interfaces_pkg
[1.127s] Invoked command in '/home/euntaek/ws_mobile/build/interfaces_pkg' returned '0': CMAKE_PREFIX_PATH=${CMAKE_PREFIX_PATH}:/home/euntaek/ws_mobile/install/serial_communication_pkg:/home/euntaek/ws_mobile/install/lidar_perception_pkg:/home/euntaek/ws_mobile/install/decision_making_pkg:/home/euntaek/ws_mobile/install/debug_pkg:/home/euntaek/ws_mobile/install/gps_path:/home/euntaek/ws_mobile/install/camera_perception_pkg:/opt/ros/humble /usr/bin/cmake /home/euntaek/ws_mobile/src/interfaces_pkg -DAMENT_CMAKE_SYMLINK_INSTALL=1 -DCMAKE_INSTALL_PREFIX=/home/euntaek/ws_mobile/install/interfaces_pkg
[1.128s] Invoking command in '/home/euntaek/ws_mobile/build/interfaces_pkg': CMAKE_PREFIX_PATH=${CMAKE_PREFIX_PATH}:/home/euntaek/ws_mobile/install/serial_communication_pkg:/home/euntaek/ws_mobile/install/lidar_perception_pkg:/home/euntaek/ws_mobile/install/decision_making_pkg:/home/euntaek/ws_mobile/install/debug_pkg:/home/euntaek/ws_mobile/install/gps_path:/home/euntaek/ws_mobile/install/camera_perception_pkg:/opt/ros/humble /usr/bin/cmake --build /home/euntaek/ws_mobile/build/interfaces_pkg -- -j24 -l24
[1.156s] [  0%] [34m[1mGenerating C code for ROS interfaces[0m
[1.162s] [  0%] [34m[1mGenerating C++ code for ROS interfaces[0m
[1.167s] [  0%] Built target ament_cmake_python_symlink_interfaces_pkg
[1.296s] running egg_info
[1.296s] creating interfaces_pkg.egg-info
[1.296s] writing interfaces_pkg.egg-info/PKG-INFO
[1.296s] writing dependency_links to interfaces_pkg.egg-info/dependency_links.txt
[1.296s] writing top-level names to interfaces_pkg.egg-info/top_level.txt
[1.296s] writing manifest file 'interfaces_pkg.egg-info/SOURCES.txt'
[1.297s] reading manifest file 'interfaces_pkg.egg-info/SOURCES.txt'
[1.297s] writing manifest file 'interfaces_pkg.egg-info/SOURCES.txt'
[1.313s] [  0%] Built target ament_cmake_python_build_interfaces_pkg_egg
[1.781s] [  0%] Built target interfaces_pkg__cpp
[1.790s] [  2%] [34m[1mGenerating C++ type support for eProsima Fast-RTPS[0m
[1.790s] [  2%] [34m[1mGenerating C++ type support dispatch for ROS interfaces[0m
[1.794s] [  2%] [34m[1mGenerating C++ introspection for ROS interfaces[0m
[1.816s] [  3%] [32mBuilding C object CMakeFiles/interfaces_pkg__rosidl_generator_c.dir/rosidl_generator_c/interfaces_pkg/msg/detail/pose2_d__functions.c.o[0m
[1.817s] [  4%] [32mBuilding C object CMakeFiles/interfaces_pkg__rosidl_generator_c.dir/rosidl_generator_c/interfaces_pkg/msg/detail/point2_d__functions.c.o[0m
[1.817s] [  5%] [32mBuilding C object CMakeFiles/interfaces_pkg__rosidl_generator_c.dir/rosidl_generator_c/interfaces_pkg/msg/detail/bounding_box3_d__functions.c.o[0m
[1.817s] [  5%] [32mBuilding C object CMakeFiles/interfaces_pkg__rosidl_generator_c.dir/rosidl_generator_c/interfaces_pkg/msg/detail/key_point2_d__functions.c.o[0m
[1.818s] [  6%] [32mBuilding C object CMakeFiles/interfaces_pkg__rosidl_generator_c.dir/rosidl_generator_c/interfaces_pkg/msg/detail/vector2__functions.c.o[0m
[1.818s] [ 11%] [32mBuilding C object CMakeFiles/interfaces_pkg__rosidl_generator_c.dir/rosidl_generator_c/interfaces_pkg/msg/detail/detection__functions.c.o[0m
[1.818s] [ 11%] [32mBuilding C object CMakeFiles/interfaces_pkg__rosidl_generator_c.dir/rosidl_generator_c/interfaces_pkg/msg/detail/mask__functions.c.o[0m
[1.818s] [ 11%] [32mBuilding C object CMakeFiles/interfaces_pkg__rosidl_generator_c.dir/rosidl_generator_c/interfaces_pkg/msg/detail/bounding_box2_d__functions.c.o[0m
[1.818s] [ 11%] [32mBuilding C object CMakeFiles/interfaces_pkg__rosidl_generator_c.dir/rosidl_generator_c/interfaces_pkg/msg/detail/lane_info__functions.c.o[0m
[1.818s] [ 11%] [32mBuilding C object CMakeFiles/interfaces_pkg__rosidl_generator_c.dir/rosidl_generator_c/interfaces_pkg/msg/detail/detection_array__functions.c.o[0m
[1.818s] [ 11%] [32mBuilding C object CMakeFiles/interfaces_pkg__rosidl_generator_c.dir/rosidl_generator_c/interfaces_pkg/msg/detail/key_point3_d__functions.c.o[0m
[1.818s] [ 11%] [32mBuilding C object CMakeFiles/interfaces_pkg__rosidl_generator_c.dir/rosidl_generator_c/interfaces_pkg/msg/detail/key_point2_d_array__functions.c.o[0m
[1.818s] [ 11%] [32mBuilding C object CMakeFiles/interfaces_pkg__rosidl_generator_c.dir/rosidl_generator_c/interfaces_pkg/msg/detail/key_point3_d_array__functions.c.o[0m
[1.818s] [ 12%] [32mBuilding C object CMakeFiles/interfaces_pkg__rosidl_generator_c.dir/rosidl_generator_c/interfaces_pkg/msg/detail/motion_command__functions.c.o[0m
[1.819s] [ 13%] [32mBuilding C object CMakeFiles/interfaces_pkg__rosidl_generator_c.dir/rosidl_generator_c/interfaces_pkg/msg/detail/path_planning_result__functions.c.o[0m
[1.819s] [ 13%] [32mBuilding C object CMakeFiles/interfaces_pkg__rosidl_generator_c.dir/rosidl_generator_c/interfaces_pkg/msg/detail/target_point__functions.c.o[0m
[1.864s] [ 14%] [32m[1mLinking C shared library libinterfaces_pkg__rosidl_generator_c.so[0m
[1.895s] [ 14%] Built target interfaces_pkg__rosidl_generator_c
[1.903s] [ 17%] [34m[1mGenerating C type support dispatch for ROS interfaces[0m
[1.904s] [ 17%] [34m[1mGenerating C type support for eProsima Fast-RTPS[0m
[1.904s] [ 17%] [34m[1mGenerating C introspection for ROS interfaces[0m
[2.226s] [ 17%] [32mBuilding CXX object CMakeFiles/interfaces_pkg__rosidl_typesupport_cpp.dir/rosidl_typesupport_cpp/interfaces_pkg/msg/bounding_box3_d__type_support.cpp.o[0m
[2.227s] [ 18%] [32mBuilding CXX object CMakeFiles/interfaces_pkg__rosidl_typesupport_cpp.dir/rosidl_typesupport_cpp/interfaces_pkg/msg/point2_d__type_support.cpp.o[0m
[2.227s] [ 18%] [32mBuilding CXX object CMakeFiles/interfaces_pkg__rosidl_typesupport_cpp.dir/rosidl_typesupport_cpp/interfaces_pkg/msg/vector2__type_support.cpp.o[0m
[2.227s] [ 19%] [32mBuilding CXX object CMakeFiles/interfaces_pkg__rosidl_typesupport_cpp.dir/rosidl_typesupport_cpp/interfaces_pkg/msg/key_point2_d__type_support.cpp.o[0m
[2.227s] [ 22%] [32mBuilding CXX object CMakeFiles/interfaces_pkg__rosidl_typesupport_cpp.dir/rosidl_typesupport_cpp/interfaces_pkg/msg/bounding_box2_d__type_support.cpp.o[0m
[2.227s] [ 22%] [32mBuilding CXX object CMakeFiles/interfaces_pkg__rosidl_typesupport_cpp.dir/rosidl_typesupport_cpp/interfaces_pkg/msg/pose2_d__type_support.cpp.o[0m
[2.227s] [ 22%] [32mBuilding CXX object CMakeFiles/interfaces_pkg__rosidl_typesupport_cpp.dir/rosidl_typesupport_cpp/interfaces_pkg/msg/mask__type_support.cpp.o[0m
[2.228s] [ 22%] [32mBuilding CXX object CMakeFiles/interfaces_pkg__rosidl_typesupport_cpp.dir/rosidl_typesupport_cpp/interfaces_pkg/msg/key_point2_d_array__type_support.cpp.o[0m
[2.228s] [ 22%] [32mBuilding CXX object CMakeFiles/interfaces_pkg__rosidl_typesupport_cpp.dir/rosidl_typesupport_cpp/interfaces_pkg/msg/detection__type_support.cpp.o[0m
[2.228s] [ 24%] [32mBuilding CXX object CMakeFiles/interfaces_pkg__rosidl_typesupport_cpp.dir/rosidl_typesupport_cpp/interfaces_pkg/msg/lane_info__type_support.cpp.o[0m
[2.228s] [ 24%] [32mBuilding CXX object CMakeFiles/interfaces_pkg__rosidl_typesupport_cpp.dir/rosidl_typesupport_cpp/interfaces_pkg/msg/key_point3_d__type_support.cpp.o[0m
[2.229s] [ 26%] [32mBuilding CXX object CMakeFiles/interfaces_pkg__rosidl_typesupport_cpp.dir/rosidl_typesupport_cpp/interfaces_pkg/msg/motion_command__type_support.cpp.o[0m
[2.229s] [ 26%] [32mBuilding CXX object CMakeFiles/interfaces_pkg__rosidl_typesupport_cpp.dir/rosidl_typesupport_cpp/interfaces_pkg/msg/detection_array__type_support.cpp.o[0m
[2.229s] [ 25%] [32mBuilding CXX object CMakeFiles/interfaces_pkg__rosidl_typesupport_cpp.dir/rosidl_typesupport_cpp/interfaces_pkg/msg/key_point3_d_array__type_support.cpp.o[0m
[2.229s] [ 27%] [32mBuilding CXX object CMakeFiles/interfaces_pkg__rosidl_typesupport_cpp.dir/rosidl_typesupport_cpp/interfaces_pkg/msg/path_planning_result__type_support.cpp.o[0m
[2.229s] [ 28%] [32mBuilding CXX object CMakeFiles/interfaces_pkg__rosidl_typesupport_cpp.dir/rosidl_typesupport_cpp/interfaces_pkg/msg/target_point__type_support.cpp.o[0m
[2.412s] [ 29%] [32mBuilding CXX object CMakeFiles/interfaces_pkg__rosidl_typesupport_introspection_cpp.dir/rosidl_typesupport_introspection_cpp/interfaces_pkg/msg/detail/bounding_box2_d__type_support.cpp.o[0m
[2.413s] [ 30%] [32mBuilding CXX object CMakeFiles/interfaces_pkg__rosidl_typesupport_introspection_cpp.dir/rosidl_typesupport_introspection_cpp/interfaces_pkg/msg/detail/vector2__type_support.cpp.o[0m
[2.413s] [ 31%] [32mBuilding CXX object CMakeFiles/interfaces_pkg__rosidl_typesupport_introspection_cpp.dir/rosidl_typesupport_introspection_cpp/interfaces_pkg/msg/detail/point2_d__type_support.cpp.o[0m
[2.415s] [ 31%] [32mBuilding CXX object CMakeFiles/interfaces_pkg__rosidl_typesupport_introspection_cpp.dir/rosidl_typesupport_introspection_cpp/interfaces_pkg/msg/detail/pose2_d__type_support.cpp.o[0m
[2.427s] [ 31%] [32mBuilding CXX object CMakeFiles/interfaces_pkg__rosidl_typesupport_c.dir/rosidl_typesupport_c/interfaces_pkg/msg/point2_d__type_support.cpp.o[0m
[2.435s] [ 32%] [32mBuilding CXX object CMakeFiles/interfaces_pkg__rosidl_typesupport_introspection_cpp.dir/rosidl_typesupport_introspection_cpp/interfaces_pkg/msg/detail/bounding_box3_d__type_support.cpp.o[0m
[2.441s] [ 33%] [32mBuilding CXX object CMakeFiles/interfaces_pkg__rosidl_typesupport_c.dir/rosidl_typesupport_c/interfaces_pkg/msg/vector2__type_support.cpp.o[0m
[2.443s] [ 33%] [32mBuilding CXX object CMakeFiles/interfaces_pkg__rosidl_typesupport_introspection_cpp.dir/rosidl_typesupport_introspection_cpp/interfaces_pkg/msg/detail/mask__type_support.cpp.o[0m
[2.443s] [ 34%] [32mBuilding CXX object CMakeFiles/interfaces_pkg__rosidl_typesupport_introspection_cpp.dir/rosidl_typesupport_introspection_cpp/interfaces_pkg/msg/detail/key_point2_d__type_support.cpp.o[0m
[2.443s] [ 35%] [32mBuilding CXX object CMakeFiles/interfaces_pkg__rosidl_typesupport_introspection_cpp.dir/rosidl_typesupport_introspection_cpp/interfaces_pkg/msg/detail/key_point2_d_array__type_support.cpp.o[0m
[2.444s] [ 36%] [32mBuilding CXX object CMakeFiles/interfaces_pkg__rosidl_typesupport_c.dir/rosidl_typesupport_c/interfaces_pkg/msg/pose2_d__type_support.cpp.o[0m
[2.450s] [ 36%] [32mBuilding CXX object CMakeFiles/interfaces_pkg__rosidl_typesupport_introspection_cpp.dir/rosidl_typesupport_introspection_cpp/interfaces_pkg/msg/detail/key_point3_d__type_support.cpp.o[0m
[2.450s] [ 38%] [32mBuilding CXX object CMakeFiles/interfaces_pkg__rosidl_typesupport_introspection_cpp.dir/rosidl_typesupport_introspection_cpp/interfaces_pkg/msg/detail/key_point3_d_array__type_support.cpp.o[0m
[2.450s] [ 38%] [32mBuilding CXX object CMakeFiles/interfaces_pkg__rosidl_typesupport_c.dir/rosidl_typesupport_c/interfaces_pkg/msg/bounding_box3_d__type_support.cpp.o[0m
[2.450s] [ 38%] [32mBuilding CXX object CMakeFiles/interfaces_pkg__rosidl_typesupport_c.dir/rosidl_typesupport_c/interfaces_pkg/msg/bounding_box2_d__type_support.cpp.o[0m
[2.456s] [ 39%] [32mBuilding CXX object CMakeFiles/interfaces_pkg__rosidl_typesupport_c.dir/rosidl_typesupport_c/interfaces_pkg/msg/mask__type_support.cpp.o[0m
[2.457s] [ 40%] [32mBuilding CXX object CMakeFiles/interfaces_pkg__rosidl_typesupport_introspection_cpp.dir/rosidl_typesupport_introspection_cpp/interfaces_pkg/msg/detail/detection__type_support.cpp.o[0m
[2.457s] [ 40%] [32mBuilding CXX object CMakeFiles/interfaces_pkg__rosidl_typesupport_introspection_cpp.dir/rosidl_typesupport_introspection_cpp/interfaces_pkg/msg/detail/detection_array__type_support.cpp.o[0m
[2.457s] [ 40%] [32m[1mLinking CXX shared library libinterfaces_pkg__rosidl_typesupport_cpp.so[0m
[2.460s] [ 40%] [32mBuilding CXX object CMakeFiles/interfaces_pkg__rosidl_typesupport_c.dir/rosidl_typesupport_c/interfaces_pkg/msg/key_point2_d__type_support.cpp.o[0m
[2.462s] [ 41%] [32mBuilding CXX object CMakeFiles/interfaces_pkg__rosidl_typesupport_introspection_cpp.dir/rosidl_typesupport_introspection_cpp/interfaces_pkg/msg/detail/lane_info__type_support.cpp.o[0m
[2.466s] [ 42%] [32mBuilding CXX object CMakeFiles/interfaces_pkg__rosidl_typesupport_c.dir/rosidl_typesupport_c/interfaces_pkg/msg/key_point2_d_array__type_support.cpp.o[0m
[2.472s] [ 43%] [32mBuilding CXX object CMakeFiles/interfaces_pkg__rosidl_typesupport_c.dir/rosidl_typesupport_c/interfaces_pkg/msg/key_point3_d__type_support.cpp.o[0m
[2.477s] [ 44%] [32mBuilding CXX object CMakeFiles/interfaces_pkg__rosidl_typesupport_introspection_cpp.dir/rosidl_typesupport_introspection_cpp/interfaces_pkg/msg/detail/motion_command__type_support.cpp.o[0m
[2.479s] [ 44%] [32mBuilding CXX object CMakeFiles/interfaces_pkg__rosidl_typesupport_c.dir/rosidl_typesupport_c/interfaces_pkg/msg/key_point3_d_array__type_support.cpp.o[0m
[2.487s] [ 44%] [32mBuilding CXX object CMakeFiles/interfaces_pkg__rosidl_typesupport_introspection_cpp.dir/rosidl_typesupport_introspection_cpp/interfaces_pkg/msg/detail/target_point__type_support.cpp.o[0m
[2.490s] [ 45%] [32mBuilding CXX object CMakeFiles/interfaces_pkg__rosidl_typesupport_introspection_cpp.dir/rosidl_typesupport_introspection_cpp/interfaces_pkg/msg/detail/path_planning_result__type_support.cpp.o[0m
[2.512s] [ 46%] [32mBuilding CXX object CMakeFiles/interfaces_pkg__rosidl_typesupport_c.dir/rosidl_typesupport_c/interfaces_pkg/msg/detection__type_support.cpp.o[0m
[2.514s] [ 46%] Built target interfaces_pkg__rosidl_typesupport_cpp
[2.516s] [ 47%] [32mBuilding CXX object CMakeFiles/interfaces_pkg__rosidl_typesupport_c.dir/rosidl_typesupport_c/interfaces_pkg/msg/detection_array__type_support.cpp.o[0m
[2.517s] [ 47%] [32mBuilding CXX object CMakeFiles/interfaces_pkg__rosidl_typesupport_c.dir/rosidl_typesupport_c/interfaces_pkg/msg/lane_info__type_support.cpp.o[0m
[2.523s] [ 48%] [32mBuilding CXX object CMakeFiles/interfaces_pkg__rosidl_typesupport_c.dir/rosidl_typesupport_c/interfaces_pkg/msg/motion_command__type_support.cpp.o[0m
[2.526s] [ 49%] [32mBuilding CXX object CMakeFiles/interfaces_pkg__rosidl_typesupport_c.dir/rosidl_typesupport_c/interfaces_pkg/msg/target_point__type_support.cpp.o[0m
[2.559s] [ 49%] [32mBuilding CXX object CMakeFiles/interfaces_pkg__rosidl_typesupport_c.dir/rosidl_typesupport_c/interfaces_pkg/msg/path_planning_result__type_support.cpp.o[0m
[2.588s] [ 50%] [32m[1mLinking CXX shared library libinterfaces_pkg__rosidl_typesupport_c.so[0m
[2.593s] [ 51%] [32mBuilding CXX object CMakeFiles/interfaces_pkg__rosidl_typesupport_fastrtps_cpp.dir/rosidl_typesupport_fastrtps_cpp/interfaces_pkg/msg/detail/dds_fastrtps/point2_d__type_support.cpp.o[0m
[2.599s] [ 51%] [32mBuilding CXX object CMakeFiles/interfaces_pkg__rosidl_typesupport_fastrtps_cpp.dir/rosidl_typesupport_fastrtps_cpp/interfaces_pkg/msg/detail/dds_fastrtps/vector2__type_support.cpp.o[0m
[2.600s] [ 52%] [32mBuilding CXX object CMakeFiles/interfaces_pkg__rosidl_typesupport_fastrtps_cpp.dir/rosidl_typesupport_fastrtps_cpp/interfaces_pkg/msg/detail/dds_fastrtps/pose2_d__type_support.cpp.o[0m
[2.609s] [ 53%] [32mBuilding CXX object CMakeFiles/interfaces_pkg__rosidl_typesupport_fastrtps_cpp.dir/rosidl_typesupport_fastrtps_cpp/interfaces_pkg/msg/detail/dds_fastrtps/bounding_box2_d__type_support.cpp.o[0m
[2.622s] [ 53%] [32mBuilding CXX object CMakeFiles/interfaces_pkg__rosidl_typesupport_fastrtps_cpp.dir/rosidl_typesupport_fastrtps_cpp/interfaces_pkg/msg/detail/dds_fastrtps/bounding_box3_d__type_support.cpp.o[0m
[2.641s] [ 53%] Built target interfaces_pkg__rosidl_typesupport_c
[2.649s] [ 54%] [32mBuilding CXX object CMakeFiles/interfaces_pkg__rosidl_typesupport_fastrtps_cpp.dir/rosidl_typesupport_fastrtps_cpp/interfaces_pkg/msg/detail/dds_fastrtps/mask__type_support.cpp.o[0m
[2.664s] [ 55%] [32mBuilding C object CMakeFiles/interfaces_pkg__rosidl_typesupport_introspection_c.dir/rosidl_typesupport_introspection_c/interfaces_pkg/msg/detail/point2_d__type_support.c.o[0m
[2.700s] [ 55%] [32mBuilding C object CMakeFiles/interfaces_pkg__rosidl_typesupport_introspection_c.dir/rosidl_typesupport_introspection_c/interfaces_pkg/msg/detail/vector2__type_support.c.o[0m
[2.718s] [ 56%] [32mBuilding C object CMakeFiles/interfaces_pkg__rosidl_typesupport_introspection_c.dir/rosidl_typesupport_introspection_c/interfaces_pkg/msg/detail/pose2_d__type_support.c.o[0m
[2.719s] [ 57%] [32mBuilding C object CMakeFiles/interfaces_pkg__rosidl_typesupport_introspection_c.dir/rosidl_typesupport_introspection_c/interfaces_pkg/msg/detail/bounding_box2_d__type_support.c.o[0m
[2.722s] [ 57%] [32mBuilding C object CMakeFiles/interfaces_pkg__rosidl_typesupport_introspection_c.dir/rosidl_typesupport_introspection_c/interfaces_pkg/msg/detail/bounding_box3_d__type_support.c.o[0m
[2.739s] [ 58%] [32mBuilding C object CMakeFiles/interfaces_pkg__rosidl_typesupport_introspection_c.dir/rosidl_typesupport_introspection_c/interfaces_pkg/msg/detail/mask__type_support.c.o[0m
[2.743s] [ 58%] [32mBuilding CXX object CMakeFiles/interfaces_pkg__rosidl_typesupport_fastrtps_c.dir/rosidl_typesupport_fastrtps_c/interfaces_pkg/msg/detail/point2_d__type_support_c.cpp.o[0m
[2.743s] [ 59%] [32mBuilding CXX object CMakeFiles/interfaces_pkg__rosidl_typesupport_fastrtps_cpp.dir/rosidl_typesupport_fastrtps_cpp/interfaces_pkg/msg/detail/dds_fastrtps/key_point2_d__type_support.cpp.o[0m
[2.747s] [ 59%] [32mBuilding CXX object CMakeFiles/interfaces_pkg__rosidl_typesupport_fastrtps_cpp.dir/rosidl_typesupport_fastrtps_cpp/interfaces_pkg/msg/detail/dds_fastrtps/key_point2_d_array__type_support.cpp.o[0m
[2.756s] [ 61%] [32mBuilding C object CMakeFiles/interfaces_pkg__rosidl_typesupport_introspection_c.dir/rosidl_typesupport_introspection_c/interfaces_pkg/msg/detail/key_point2_d__type_support.c.o[0m
[2.756s] [ 61%] [32mBuilding CXX object CMakeFiles/interfaces_pkg__rosidl_typesupport_fastrtps_c.dir/rosidl_typesupport_fastrtps_c/interfaces_pkg/msg/detail/pose2_d__type_support_c.cpp.o[0m
[2.759s] [ 62%] [32mBuilding CXX object CMakeFiles/interfaces_pkg__rosidl_typesupport_fastrtps_c.dir/rosidl_typesupport_fastrtps_c/interfaces_pkg/msg/detail/vector2__type_support_c.cpp.o[0m
[2.762s] [ 62%] [32mBuilding CXX object CMakeFiles/interfaces_pkg__rosidl_typesupport_fastrtps_c.dir/rosidl_typesupport_fastrtps_c/interfaces_pkg/msg/detail/bounding_box2_d__type_support_c.cpp.o[0m
[2.778s] [ 62%] [32mBuilding C object CMakeFiles/interfaces_pkg__rosidl_typesupport_introspection_c.dir/rosidl_typesupport_introspection_c/interfaces_pkg/msg/detail/key_point2_d_array__type_support.c.o[0m
[2.781s] [ 63%] [32mBuilding CXX object CMakeFiles/interfaces_pkg__rosidl_typesupport_fastrtps_cpp.dir/rosidl_typesupport_fastrtps_cpp/interfaces_pkg/msg/detail/dds_fastrtps/key_point3_d__type_support.cpp.o[0m
[2.783s] [ 64%] [32mBuilding CXX object CMakeFiles/interfaces_pkg__rosidl_typesupport_fastrtps_c.dir/rosidl_typesupport_fastrtps_c/interfaces_pkg/msg/detail/bounding_box3_d__type_support_c.cpp.o[0m
[2.788s] [ 65%] [32mBuilding CXX object CMakeFiles/interfaces_pkg__rosidl_typesupport_fastrtps_c.dir/rosidl_typesupport_fastrtps_c/interfaces_pkg/msg/detail/mask__type_support_c.cpp.o[0m
[2.793s] [ 66%] [32mBuilding CXX object CMakeFiles/interfaces_pkg__rosidl_typesupport_fastrtps_c.dir/rosidl_typesupport_fastrtps_c/interfaces_pkg/msg/detail/key_point2_d__type_support_c.cpp.o[0m
[2.794s] [ 66%] [32mBuilding C object CMakeFiles/interfaces_pkg__rosidl_typesupport_introspection_c.dir/rosidl_typesupport_introspection_c/interfaces_pkg/msg/detail/key_point3_d__type_support.c.o[0m
[2.795s] [ 67%] [32mBuilding C object CMakeFiles/interfaces_pkg__rosidl_typesupport_introspection_c.dir/rosidl_typesupport_introspection_c/interfaces_pkg/msg/detail/key_point3_d_array__type_support.c.o[0m
[2.800s] [ 68%] [32mBuilding CXX object CMakeFiles/interfaces_pkg__rosidl_typesupport_fastrtps_cpp.dir/rosidl_typesupport_fastrtps_cpp/interfaces_pkg/msg/detail/dds_fastrtps/detection__type_support.cpp.o[0m
[2.800s] [ 68%] [32mBuilding CXX object CMakeFiles/interfaces_pkg__rosidl_typesupport_fastrtps_cpp.dir/rosidl_typesupport_fastrtps_cpp/interfaces_pkg/msg/detail/dds_fastrtps/key_point3_d_array__type_support.cpp.o[0m
[2.816s] [ 68%] [32mBuilding C object CMakeFiles/interfaces_pkg__rosidl_typesupport_introspection_c.dir/rosidl_typesupport_introspection_c/interfaces_pkg/msg/detail/detection__type_support.c.o[0m
[2.825s] [ 69%] [32mBuilding CXX object CMakeFiles/interfaces_pkg__rosidl_typesupport_fastrtps_c.dir/rosidl_typesupport_fastrtps_c/interfaces_pkg/msg/detail/key_point2_d_array__type_support_c.cpp.o[0m
[2.832s] [ 70%] [32mBuilding C object CMakeFiles/interfaces_pkg__rosidl_typesupport_introspection_c.dir/rosidl_typesupport_introspection_c/interfaces_pkg/msg/detail/detection_array__type_support.c.o[0m
[2.833s] [ 71%] [32mBuilding C object CMakeFiles/interfaces_pkg__rosidl_typesupport_introspection_c.dir/rosidl_typesupport_introspection_c/interfaces_pkg/msg/detail/lane_info__type_support.c.o[0m
[2.840s] [ 72%] [32mBuilding CXX object CMakeFiles/interfaces_pkg__rosidl_typesupport_fastrtps_cpp.dir/rosidl_typesupport_fastrtps_cpp/interfaces_pkg/msg/detail/dds_fastrtps/detection_array__type_support.cpp.o[0m
[2.853s] [ 72%] [32mBuilding C object CMakeFiles/interfaces_pkg__rosidl_typesupport_introspection_c.dir/rosidl_typesupport_introspection_c/interfaces_pkg/msg/detail/motion_command__type_support.c.o[0m
[2.872s] [ 73%] [32mBuilding C object CMakeFiles/interfaces_pkg__rosidl_typesupport_introspection_c.dir/rosidl_typesupport_introspection_c/interfaces_pkg/msg/detail/target_point__type_support.c.o[0m
[2.875s] [ 74%] [32mBuilding C object CMakeFiles/interfaces_pkg__rosidl_typesupport_introspection_c.dir/rosidl_typesupport_introspection_c/interfaces_pkg/msg/detail/path_planning_result__type_support.c.o[0m
[2.889s] [ 75%] [32mBuilding CXX object CMakeFiles/interfaces_pkg__rosidl_typesupport_fastrtps_c.dir/rosidl_typesupport_fastrtps_c/interfaces_pkg/msg/detail/key_point3_d__type_support_c.cpp.o[0m
[2.907s] [ 75%] [32mBuilding CXX object CMakeFiles/interfaces_pkg__rosidl_typesupport_fastrtps_c.dir/rosidl_typesupport_fastrtps_c/interfaces_pkg/msg/detail/key_point3_d_array__type_support_c.cpp.o[0m
[2.916s] [ 75%] [32m[1mLinking C shared library libinterfaces_pkg__rosidl_typesupport_introspection_c.so[0m
[2.922s] [ 76%] [32mBuilding CXX object CMakeFiles/interfaces_pkg__rosidl_typesupport_fastrtps_cpp.dir/rosidl_typesupport_fastrtps_cpp/interfaces_pkg/msg/detail/dds_fastrtps/lane_info__type_support.cpp.o[0m
[2.924s] [ 76%] [32mBuilding CXX object CMakeFiles/interfaces_pkg__rosidl_typesupport_fastrtps_cpp.dir/rosidl_typesupport_fastrtps_cpp/interfaces_pkg/msg/detail/dds_fastrtps/motion_command__type_support.cpp.o[0m
[2.928s] [ 77%] [32mBuilding CXX object CMakeFiles/interfaces_pkg__rosidl_typesupport_fastrtps_cpp.dir/rosidl_typesupport_fastrtps_cpp/interfaces_pkg/msg/detail/dds_fastrtps/target_point__type_support.cpp.o[0m
[2.931s] [ 78%] [32mBuilding CXX object CMakeFiles/interfaces_pkg__rosidl_typesupport_fastrtps_c.dir/rosidl_typesupport_fastrtps_c/interfaces_pkg/msg/detail/detection__type_support_c.cpp.o[0m
[2.946s] [ 79%] [32mBuilding CXX object CMakeFiles/interfaces_pkg__rosidl_typesupport_fastrtps_cpp.dir/rosidl_typesupport_fastrtps_cpp/interfaces_pkg/msg/detail/dds_fastrtps/path_planning_result__type_support.cpp.o[0m
[2.952s] [ 80%] [32m[1mLinking CXX shared library libinterfaces_pkg__rosidl_typesupport_introspection_cpp.so[0m
[2.976s] [ 80%] Built target interfaces_pkg__rosidl_typesupport_introspection_c
[2.986s] [ 81%] [32mBuilding CXX object CMakeFiles/interfaces_pkg__rosidl_typesupport_fastrtps_c.dir/rosidl_typesupport_fastrtps_c/interfaces_pkg/msg/detail/detection_array__type_support_c.cpp.o[0m
[3.009s] [ 81%] [32mBuilding CXX object CMakeFiles/interfaces_pkg__rosidl_typesupport_fastrtps_c.dir/rosidl_typesupport_fastrtps_c/interfaces_pkg/msg/detail/lane_info__type_support_c.cpp.o[0m
[3.023s] [ 82%] [32mBuilding CXX object CMakeFiles/interfaces_pkg__rosidl_typesupport_fastrtps_c.dir/rosidl_typesupport_fastrtps_c/interfaces_pkg/msg/detail/motion_command__type_support_c.cpp.o[0m
[3.029s] [ 83%] [32mBuilding CXX object CMakeFiles/interfaces_pkg__rosidl_typesupport_fastrtps_c.dir/rosidl_typesupport_fastrtps_c/interfaces_pkg/msg/detail/target_point__type_support_c.cpp.o[0m
[3.029s] [ 83%] [32mBuilding CXX object CMakeFiles/interfaces_pkg__rosidl_typesupport_fastrtps_c.dir/rosidl_typesupport_fastrtps_c/interfaces_pkg/msg/detail/path_planning_result__type_support_c.cpp.o[0m
[3.084s] [ 83%] Built target interfaces_pkg__rosidl_typesupport_introspection_cpp
[3.226s] [ 83%] [32m[1mLinking CXX shared library libinterfaces_pkg__rosidl_typesupport_fastrtps_cpp.so[0m
[3.241s] [ 84%] [32m[1mLinking CXX shared library libinterfaces_pkg__rosidl_typesupport_fastrtps_c.so[0m
[3.278s] [ 84%] Built target interfaces_pkg__rosidl_typesupport_fastrtps_cpp
[3.288s] [ 84%] Built target interfaces_pkg__rosidl_typesupport_fastrtps_c
[3.301s] [ 84%] Built target interfaces_pkg
[3.312s] [ 85%] [34m[1mGenerating Python code for ROS interfaces[0m
[4.290s] [ 85%] Built target interfaces_pkg__py
[4.303s] [ 86%] [32mBuilding C object CMakeFiles/interfaces_pkg__rosidl_generator_py.dir/rosidl_generator_py/interfaces_pkg/msg/_vector2_s.c.o[0m
[4.304s] [ 87%] [32mBuilding C object CMakeFiles/interfaces_pkg__rosidl_generator_py.dir/rosidl_generator_py/interfaces_pkg/msg/_pose2_d_s.c.o[0m
[4.304s] [ 87%] [32mBuilding C object CMakeFiles/interfaces_pkg__rosidl_generator_py.dir/rosidl_generator_py/interfaces_pkg/msg/_key_point2_d_s.c.o[0m
[4.304s] [ 87%] [32mBuilding C object CMakeFiles/interfaces_pkg__rosidl_generator_py.dir/rosidl_generator_py/interfaces_pkg/msg/_point2_d_s.c.o[0m
[4.304s] [ 87%] [32mBuilding C object CMakeFiles/interfaces_pkg__rosidl_generator_py.dir/rosidl_generator_py/interfaces_pkg/msg/_bounding_box2_d_s.c.o[0m
[4.305s] [ 88%] [32mBuilding C object CMakeFiles/interfaces_pkg__rosidl_generator_py.dir/rosidl_generator_py/interfaces_pkg/msg/_bounding_box3_d_s.c.o[0m
[4.305s] [ 90%] [32mBuilding C object CMakeFiles/interfaces_pkg__rosidl_generator_py.dir/rosidl_generator_py/interfaces_pkg/msg/_key_point2_d_array_s.c.o[0m
[4.305s] [ 90%] [32mBuilding C object CMakeFiles/interfaces_pkg__rosidl_generator_py.dir/rosidl_generator_py/interfaces_pkg/msg/_mask_s.c.o[0m
[4.306s] [ 91%] [32mBuilding C object CMakeFiles/interfaces_pkg__rosidl_generator_py.dir/rosidl_generator_py/interfaces_pkg/msg/_detection_s.c.o[0m
[4.307s] [ 92%] [32mBuilding C object CMakeFiles/interfaces_pkg__rosidl_generator_py.dir/rosidl_generator_py/interfaces_pkg/msg/_detection_array_s.c.o[0m
[4.307s] [ 92%] [32mBuilding C object CMakeFiles/interfaces_pkg__rosidl_generator_py.dir/rosidl_generator_py/interfaces_pkg/msg/_lane_info_s.c.o[0m
[4.307s] [ 93%] [32mBuilding C object CMakeFiles/interfaces_pkg__rosidl_generator_py.dir/rosidl_generator_py/interfaces_pkg/msg/_key_point3_d_s.c.o[0m
[4.307s] [ 93%] [32mBuilding C object CMakeFiles/interfaces_pkg__rosidl_generator_py.dir/rosidl_generator_py/interfaces_pkg/msg/_key_point3_d_array_s.c.o[0m
[4.307s] [ 94%] [32mBuilding C object CMakeFiles/interfaces_pkg__rosidl_generator_py.dir/rosidl_generator_py/interfaces_pkg/msg/_target_point_s.c.o[0m
[4.307s] [ 95%] [32mBuilding C object CMakeFiles/interfaces_pkg__rosidl_generator_py.dir/rosidl_generator_py/interfaces_pkg/msg/_motion_command_s.c.o[0m
[4.308s] [ 95%] [32mBuilding C object CMakeFiles/interfaces_pkg__rosidl_generator_py.dir/rosidl_generator_py/interfaces_pkg/msg/_path_planning_result_s.c.o[0m
[4.384s] [ 96%] [32m[1mLinking C shared library rosidl_generator_py/interfaces_pkg/libinterfaces_pkg__rosidl_generator_py.so[0m
[4.413s] [ 96%] Built target interfaces_pkg__rosidl_generator_py
[4.427s] [ 97%] [32mBuilding C object CMakeFiles/interfaces_pkg__rosidl_typesupport_c__pyext.dir/rosidl_generator_py/interfaces_pkg/_interfaces_pkg_s.ep.rosidl_typesupport_c.c.o[0m
[4.428s] [ 99%] [32mBuilding C object CMakeFiles/interfaces_pkg__rosidl_typesupport_fastrtps_c__pyext.dir/rosidl_generator_py/interfaces_pkg/_interfaces_pkg_s.ep.rosidl_typesupport_fastrtps_c.c.o[0m
[4.428s] [ 99%] [32mBuilding C object CMakeFiles/interfaces_pkg__rosidl_typesupport_introspection_c__pyext.dir/rosidl_generator_py/interfaces_pkg/_interfaces_pkg_s.ep.rosidl_typesupport_introspection_c.c.o[0m
[4.509s] [ 99%] [32m[1mLinking C shared library rosidl_generator_py/interfaces_pkg/interfaces_pkg_s__rosidl_typesupport_fastrtps_c.cpython-310-x86_64-linux-gnu.so[0m
[4.509s] [ 99%] [32m[1mLinking C shared library rosidl_generator_py/interfaces_pkg/interfaces_pkg_s__rosidl_typesupport_c.cpython-310-x86_64-linux-gnu.so[0m
[4.509s] [100%] [32m[1mLinking C shared library rosidl_generator_py/interfaces_pkg/interfaces_pkg_s__rosidl_typesupport_introspection_c.cpython-310-x86_64-linux-gnu.so[0m
[4.535s] [100%] Built target interfaces_pkg__rosidl_typesupport_introspection_c__pyext
[4.535s] [100%] Built target interfaces_pkg__rosidl_typesupport_fastrtps_c__pyext
[4.536s] [100%] Built target interfaces_pkg__rosidl_typesupport_c__pyext
[4.546s] Invoked command in '/home/euntaek/ws_mobile/build/interfaces_pkg' returned '0': CMAKE_PREFIX_PATH=${CMAKE_PREFIX_PATH}:/home/euntaek/ws_mobile/install/serial_communication_pkg:/home/euntaek/ws_mobile/install/lidar_perception_pkg:/home/euntaek/ws_mobile/install/decision_making_pkg:/home/euntaek/ws_mobile/install/debug_pkg:/home/euntaek/ws_mobile/install/gps_path:/home/euntaek/ws_mobile/install/camera_perception_pkg:/opt/ros/humble /usr/bin/cmake --build /home/euntaek/ws_mobile/build/interfaces_pkg -- -j24 -l24
[4.547s] Invoking command in '/home/euntaek/ws_mobile/build/interfaces_pkg': CMAKE_PREFIX_PATH=${CMAKE_PREFIX_PATH}:/home/euntaek/ws_mobile/install/serial_communication_pkg:/home/euntaek/ws_mobile/install/lidar_perception_pkg:/home/euntaek/ws_mobile/install/decision_making_pkg:/home/euntaek/ws_mobile/install/debug_pkg:/home/euntaek/ws_mobile/install/gps_path:/home/euntaek/ws_mobile/install/camera_perception_pkg:/opt/ros/humble /usr/bin/cmake --install /home/euntaek/ws_mobile/build/interfaces_pkg
[4.553s] -- Install configuration: ""
[4.553s] -- Execute custom install script
[4.553s] -- Symlinking: /home/euntaek/ws_mobile/install/interfaces_pkg/share/ament_index/resource_index/rosidl_interfaces/interfaces_pkg
[4.561s] -- Symlinking: /home/euntaek/ws_mobile/install/interfaces_pkg/include/interfaces_pkg/interfaces_pkg/msg/bounding_box2_d.h
[4.567s] -- Symlinking: /home/euntaek/ws_mobile/install/interfaces_pkg/include/interfaces_pkg/interfaces_pkg/msg/bounding_box3_d.h
[4.573s] -- Symlinking: /home/euntaek/ws_mobile/install/interfaces_pkg/include/interfaces_pkg/interfaces_pkg/msg/detail/bounding_box2_d__functions.h
[4.580s] -- Symlinking: /home/euntaek/ws_mobile/install/interfaces_pkg/include/interfaces_pkg/interfaces_pkg/msg/detail/bounding_box2_d__struct.h
[4.586s] -- Symlinking: /home/euntaek/ws_mobile/install/interfaces_pkg/include/interfaces_pkg/interfaces_pkg/msg/detail/bounding_box2_d__type_support.h
[4.593s] -- Symlinking: /home/euntaek/ws_mobile/install/interfaces_pkg/include/interfaces_pkg/interfaces_pkg/msg/detail/bounding_box3_d__functions.h
[4.598s] -- Symlinking: /home/euntaek/ws_mobile/install/interfaces_pkg/include/interfaces_pkg/interfaces_pkg/msg/detail/bounding_box3_d__struct.h
[4.604s] -- Symlinking: /home/euntaek/ws_mobile/install/interfaces_pkg/include/interfaces_pkg/interfaces_pkg/msg/detail/bounding_box3_d__type_support.h
[4.610s] -- Symlinking: /home/euntaek/ws_mobile/install/interfaces_pkg/include/interfaces_pkg/interfaces_pkg/msg/detail/detection__functions.h
[4.616s] -- Symlinking: /home/euntaek/ws_mobile/install/interfaces_pkg/include/interfaces_pkg/interfaces_pkg/msg/detail/detection__struct.h
[4.622s] -- Symlinking: /home/euntaek/ws_mobile/install/interfaces_pkg/include/interfaces_pkg/interfaces_pkg/msg/detail/detection__type_support.h
[4.628s] -- Symlinking: /home/euntaek/ws_mobile/install/interfaces_pkg/include/interfaces_pkg/interfaces_pkg/msg/detail/detection_array__functions.h
[4.634s] -- Symlinking: /home/euntaek/ws_mobile/install/interfaces_pkg/include/interfaces_pkg/interfaces_pkg/msg/detail/detection_array__struct.h
[4.640s] -- Symlinking: /home/euntaek/ws_mobile/install/interfaces_pkg/include/interfaces_pkg/interfaces_pkg/msg/detail/detection_array__type_support.h
[4.645s] -- Symlinking: /home/euntaek/ws_mobile/install/interfaces_pkg/include/interfaces_pkg/interfaces_pkg/msg/detail/key_point2_d__functions.h
[4.651s] -- Symlinking: /home/euntaek/ws_mobile/install/interfaces_pkg/include/interfaces_pkg/interfaces_pkg/msg/detail/key_point2_d__struct.h
[4.657s] -- Symlinking: /home/euntaek/ws_mobile/install/interfaces_pkg/include/interfaces_pkg/interfaces_pkg/msg/detail/key_point2_d__type_support.h
[4.663s] -- Symlinking: /home/euntaek/ws_mobile/install/interfaces_pkg/include/interfaces_pkg/interfaces_pkg/msg/detail/key_point2_d_array__functions.h
[4.669s] -- Symlinking: /home/euntaek/ws_mobile/install/interfaces_pkg/include/interfaces_pkg/interfaces_pkg/msg/detail/key_point2_d_array__struct.h
[4.675s] -- Symlinking: /home/euntaek/ws_mobile/install/interfaces_pkg/include/interfaces_pkg/interfaces_pkg/msg/detail/key_point2_d_array__type_support.h
[4.682s] -- Symlinking: /home/euntaek/ws_mobile/install/interfaces_pkg/include/interfaces_pkg/interfaces_pkg/msg/detail/key_point3_d__functions.h
[4.688s] -- Symlinking: /home/euntaek/ws_mobile/install/interfaces_pkg/include/interfaces_pkg/interfaces_pkg/msg/detail/key_point3_d__struct.h
[4.693s] -- Symlinking: /home/euntaek/ws_mobile/install/interfaces_pkg/include/interfaces_pkg/interfaces_pkg/msg/detail/key_point3_d__type_support.h
[4.699s] -- Symlinking: /home/euntaek/ws_mobile/install/interfaces_pkg/include/interfaces_pkg/interfaces_pkg/msg/detail/key_point3_d_array__functions.h
[4.705s] -- Symlinking: /home/euntaek/ws_mobile/install/interfaces_pkg/include/interfaces_pkg/interfaces_pkg/msg/detail/key_point3_d_array__struct.h
[4.712s] -- Symlinking: /home/euntaek/ws_mobile/install/interfaces_pkg/include/interfaces_pkg/interfaces_pkg/msg/detail/key_point3_d_array__type_support.h
[4.717s] -- Symlinking: /home/euntaek/ws_mobile/install/interfaces_pkg/include/interfaces_pkg/interfaces_pkg/msg/detail/lane_info__functions.h
[4.724s] -- Symlinking: /home/euntaek/ws_mobile/install/interfaces_pkg/include/interfaces_pkg/interfaces_pkg/msg/detail/lane_info__struct.h
[4.729s] -- Symlinking: /home/euntaek/ws_mobile/install/interfaces_pkg/include/interfaces_pkg/interfaces_pkg/msg/detail/lane_info__type_support.h
[4.736s] -- Symlinking: /home/euntaek/ws_mobile/install/interfaces_pkg/include/interfaces_pkg/interfaces_pkg/msg/detail/mask__functions.h
[4.741s] -- Symlinking: /home/euntaek/ws_mobile/install/interfaces_pkg/include/interfaces_pkg/interfaces_pkg/msg/detail/mask__struct.h
[4.748s] -- Symlinking: /home/euntaek/ws_mobile/install/interfaces_pkg/include/interfaces_pkg/interfaces_pkg/msg/detail/mask__type_support.h
[4.754s] -- Symlinking: /home/euntaek/ws_mobile/install/interfaces_pkg/include/interfaces_pkg/interfaces_pkg/msg/detail/motion_command__functions.h
[4.759s] -- Symlinking: /home/euntaek/ws_mobile/install/interfaces_pkg/include/interfaces_pkg/interfaces_pkg/msg/detail/motion_command__struct.h
[4.765s] -- Symlinking: /home/euntaek/ws_mobile/install/interfaces_pkg/include/interfaces_pkg/interfaces_pkg/msg/detail/motion_command__type_support.h
[4.771s] -- Symlinking: /home/euntaek/ws_mobile/install/interfaces_pkg/include/interfaces_pkg/interfaces_pkg/msg/detail/path_planning_result__functions.h
[4.777s] -- Symlinking: /home/euntaek/ws_mobile/install/interfaces_pkg/include/interfaces_pkg/interfaces_pkg/msg/detail/path_planning_result__struct.h
[4.782s] -- Symlinking: /home/euntaek/ws_mobile/install/interfaces_pkg/include/interfaces_pkg/interfaces_pkg/msg/detail/path_planning_result__type_support.h
[4.787s] -- Symlinking: /home/euntaek/ws_mobile/install/interfaces_pkg/include/interfaces_pkg/interfaces_pkg/msg/detail/point2_d__functions.h
[4.792s] -- Symlinking: /home/euntaek/ws_mobile/install/interfaces_pkg/include/interfaces_pkg/interfaces_pkg/msg/detail/point2_d__struct.h
[4.799s] -- Symlinking: /home/euntaek/ws_mobile/install/interfaces_pkg/include/interfaces_pkg/interfaces_pkg/msg/detail/point2_d__type_support.h
[4.806s] -- Symlinking: /home/euntaek/ws_mobile/install/interfaces_pkg/include/interfaces_pkg/interfaces_pkg/msg/detail/pose2_d__functions.h
[4.812s] -- Symlinking: /home/euntaek/ws_mobile/install/interfaces_pkg/include/interfaces_pkg/interfaces_pkg/msg/detail/pose2_d__struct.h
[4.818s] -- Symlinking: /home/euntaek/ws_mobile/install/interfaces_pkg/include/interfaces_pkg/interfaces_pkg/msg/detail/pose2_d__type_support.h
[4.824s] -- Symlinking: /home/euntaek/ws_mobile/install/interfaces_pkg/include/interfaces_pkg/interfaces_pkg/msg/detail/target_point__functions.h
[4.829s] -- Symlinking: /home/euntaek/ws_mobile/install/interfaces_pkg/include/interfaces_pkg/interfaces_pkg/msg/detail/target_point__struct.h
[4.835s] -- Symlinking: /home/euntaek/ws_mobile/install/interfaces_pkg/include/interfaces_pkg/interfaces_pkg/msg/detail/target_point__type_support.h
[4.842s] -- Symlinking: /home/euntaek/ws_mobile/install/interfaces_pkg/include/interfaces_pkg/interfaces_pkg/msg/detail/vector2__functions.h
[4.847s] -- Symlinking: /home/euntaek/ws_mobile/install/interfaces_pkg/include/interfaces_pkg/interfaces_pkg/msg/detail/vector2__struct.h
[4.853s] -- Symlinking: /home/euntaek/ws_mobile/install/interfaces_pkg/include/interfaces_pkg/interfaces_pkg/msg/detail/vector2__type_support.h
[4.859s] -- Symlinking: /home/euntaek/ws_mobile/install/interfaces_pkg/include/interfaces_pkg/interfaces_pkg/msg/detection.h
[4.864s] -- Symlinking: /home/euntaek/ws_mobile/install/interfaces_pkg/include/interfaces_pkg/interfaces_pkg/msg/detection_array.h
[4.870s] -- Symlinking: /home/euntaek/ws_mobile/install/interfaces_pkg/include/interfaces_pkg/interfaces_pkg/msg/key_point2_d.h
[4.876s] -- Symlinking: /home/euntaek/ws_mobile/install/interfaces_pkg/include/interfaces_pkg/interfaces_pkg/msg/key_point2_d_array.h
[4.881s] -- Symlinking: /home/euntaek/ws_mobile/install/interfaces_pkg/include/interfaces_pkg/interfaces_pkg/msg/key_point3_d.h
[4.887s] -- Symlinking: /home/euntaek/ws_mobile/install/interfaces_pkg/include/interfaces_pkg/interfaces_pkg/msg/key_point3_d_array.h
[4.893s] -- Symlinking: /home/euntaek/ws_mobile/install/interfaces_pkg/include/interfaces_pkg/interfaces_pkg/msg/lane_info.h
[4.898s] -- Symlinking: /home/euntaek/ws_mobile/install/interfaces_pkg/include/interfaces_pkg/interfaces_pkg/msg/mask.h
[4.903s] -- Symlinking: /home/euntaek/ws_mobile/install/interfaces_pkg/include/interfaces_pkg/interfaces_pkg/msg/motion_command.h
[4.909s] -- Symlinking: /home/euntaek/ws_mobile/install/interfaces_pkg/include/interfaces_pkg/interfaces_pkg/msg/path_planning_result.h
[4.915s] -- Symlinking: /home/euntaek/ws_mobile/install/interfaces_pkg/include/interfaces_pkg/interfaces_pkg/msg/point2_d.h
[4.920s] -- Symlinking: /home/euntaek/ws_mobile/install/interfaces_pkg/include/interfaces_pkg/interfaces_pkg/msg/pose2_d.h
[4.926s] -- Symlinking: /home/euntaek/ws_mobile/install/interfaces_pkg/include/interfaces_pkg/interfaces_pkg/msg/rosidl_generator_c__visibility_control.h
[4.931s] -- Symlinking: /home/euntaek/ws_mobile/install/interfaces_pkg/include/interfaces_pkg/interfaces_pkg/msg/target_point.h
[4.936s] -- Symlinking: /home/euntaek/ws_mobile/install/interfaces_pkg/include/interfaces_pkg/interfaces_pkg/msg/vector2.h
[4.942s] -- Symlinking: /home/euntaek/ws_mobile/install/interfaces_pkg/share/interfaces_pkg/environment/library_path.sh
[4.947s] -- Symlinking: /home/euntaek/ws_mobile/install/interfaces_pkg/share/interfaces_pkg/environment/library_path.dsv
[4.953s] -- Symlinking: /home/euntaek/ws_mobile/install/interfaces_pkg/include/interfaces_pkg/interfaces_pkg/msg/detail/bounding_box2_d__rosidl_typesupport_fastrtps_c.h
[4.958s] -- Symlinking: /home/euntaek/ws_mobile/install/interfaces_pkg/include/interfaces_pkg/interfaces_pkg/msg/detail/bounding_box3_d__rosidl_typesupport_fastrtps_c.h
[4.963s] -- Symlinking: /home/euntaek/ws_mobile/install/interfaces_pkg/include/interfaces_pkg/interfaces_pkg/msg/detail/detection__rosidl_typesupport_fastrtps_c.h
[4.968s] -- Symlinking: /home/euntaek/ws_mobile/install/interfaces_pkg/include/interfaces_pkg/interfaces_pkg/msg/detail/detection_array__rosidl_typesupport_fastrtps_c.h
[4.973s] -- Symlinking: /home/euntaek/ws_mobile/install/interfaces_pkg/include/interfaces_pkg/interfaces_pkg/msg/detail/key_point2_d__rosidl_typesupport_fastrtps_c.h
[4.978s] -- Symlinking: /home/euntaek/ws_mobile/install/interfaces_pkg/include/interfaces_pkg/interfaces_pkg/msg/detail/key_point2_d_array__rosidl_typesupport_fastrtps_c.h
[4.983s] -- Symlinking: /home/euntaek/ws_mobile/install/interfaces_pkg/include/interfaces_pkg/interfaces_pkg/msg/detail/key_point3_d__rosidl_typesupport_fastrtps_c.h
[4.989s] -- Symlinking: /home/euntaek/ws_mobile/install/interfaces_pkg/include/interfaces_pkg/interfaces_pkg/msg/detail/key_point3_d_array__rosidl_typesupport_fastrtps_c.h
[4.994s] -- Symlinking: /home/euntaek/ws_mobile/install/interfaces_pkg/include/interfaces_pkg/interfaces_pkg/msg/detail/lane_info__rosidl_typesupport_fastrtps_c.h
[5.000s] -- Symlinking: /home/euntaek/ws_mobile/install/interfaces_pkg/include/interfaces_pkg/interfaces_pkg/msg/detail/mask__rosidl_typesupport_fastrtps_c.h
[5.005s] -- Symlinking: /home/euntaek/ws_mobile/install/interfaces_pkg/include/interfaces_pkg/interfaces_pkg/msg/detail/motion_command__rosidl_typesupport_fastrtps_c.h
[5.009s] -- Symlinking: /home/euntaek/ws_mobile/install/interfaces_pkg/include/interfaces_pkg/interfaces_pkg/msg/detail/path_planning_result__rosidl_typesupport_fastrtps_c.h
[5.015s] -- Symlinking: /home/euntaek/ws_mobile/install/interfaces_pkg/include/interfaces_pkg/interfaces_pkg/msg/detail/point2_d__rosidl_typesupport_fastrtps_c.h
[5.020s] -- Symlinking: /home/euntaek/ws_mobile/install/interfaces_pkg/include/interfaces_pkg/interfaces_pkg/msg/detail/pose2_d__rosidl_typesupport_fastrtps_c.h
[5.025s] -- Symlinking: /home/euntaek/ws_mobile/install/interfaces_pkg/include/interfaces_pkg/interfaces_pkg/msg/detail/target_point__rosidl_typesupport_fastrtps_c.h
[5.031s] -- Symlinking: /home/euntaek/ws_mobile/install/interfaces_pkg/include/interfaces_pkg/interfaces_pkg/msg/detail/vector2__rosidl_typesupport_fastrtps_c.h
[5.036s] -- Symlinking: /home/euntaek/ws_mobile/install/interfaces_pkg/include/interfaces_pkg/interfaces_pkg/msg/rosidl_typesupport_fastrtps_c__visibility_control.h
[5.042s] -- Symlinking: /home/euntaek/ws_mobile/install/interfaces_pkg/include/interfaces_pkg/interfaces_pkg/msg/detail/bounding_box2_d__rosidl_typesupport_introspection_c.h
[5.047s] -- Symlinking: /home/euntaek/ws_mobile/install/interfaces_pkg/include/interfaces_pkg/interfaces_pkg/msg/detail/bounding_box3_d__rosidl_typesupport_introspection_c.h
[5.052s] -- Symlinking: /home/euntaek/ws_mobile/install/interfaces_pkg/include/interfaces_pkg/interfaces_pkg/msg/detail/detection__rosidl_typesupport_introspection_c.h
[5.057s] -- Symlinking: /home/euntaek/ws_mobile/install/interfaces_pkg/include/interfaces_pkg/interfaces_pkg/msg/detail/detection_array__rosidl_typesupport_introspection_c.h
[5.062s] -- Symlinking: /home/euntaek/ws_mobile/install/interfaces_pkg/include/interfaces_pkg/interfaces_pkg/msg/detail/key_point2_d__rosidl_typesupport_introspection_c.h
[5.068s] -- Symlinking: /home/euntaek/ws_mobile/install/interfaces_pkg/include/interfaces_pkg/interfaces_pkg/msg/detail/key_point2_d_array__rosidl_typesupport_introspection_c.h
[5.073s] -- Symlinking: /home/euntaek/ws_mobile/install/interfaces_pkg/include/interfaces_pkg/interfaces_pkg/msg/detail/key_point3_d__rosidl_typesupport_introspection_c.h
[5.077s] -- Symlinking: /home/euntaek/ws_mobile/install/interfaces_pkg/include/interfaces_pkg/interfaces_pkg/msg/detail/key_point3_d_array__rosidl_typesupport_introspection_c.h
[5.082s] -- Symlinking: /home/euntaek/ws_mobile/install/interfaces_pkg/include/interfaces_pkg/interfaces_pkg/msg/detail/lane_info__rosidl_typesupport_introspection_c.h
[5.088s] -- Symlinking: /home/euntaek/ws_mobile/install/interfaces_pkg/include/interfaces_pkg/interfaces_pkg/msg/detail/mask__rosidl_typesupport_introspection_c.h
[5.094s] -- Symlinking: /home/euntaek/ws_mobile/install/interfaces_pkg/include/interfaces_pkg/interfaces_pkg/msg/detail/motion_command__rosidl_typesupport_introspection_c.h
[5.099s] -- Symlinking: /home/euntaek/ws_mobile/install/interfaces_pkg/include/interfaces_pkg/interfaces_pkg/msg/detail/path_planning_result__rosidl_typesupport_introspection_c.h
[5.104s] -- Symlinking: /home/euntaek/ws_mobile/install/interfaces_pkg/include/interfaces_pkg/interfaces_pkg/msg/detail/point2_d__rosidl_typesupport_introspection_c.h
[5.109s] -- Symlinking: /home/euntaek/ws_mobile/install/interfaces_pkg/include/interfaces_pkg/interfaces_pkg/msg/detail/pose2_d__rosidl_typesupport_introspection_c.h
[5.115s] -- Symlinking: /home/euntaek/ws_mobile/install/interfaces_pkg/include/interfaces_pkg/interfaces_pkg/msg/detail/target_point__rosidl_typesupport_introspection_c.h
[5.120s] -- Symlinking: /home/euntaek/ws_mobile/install/interfaces_pkg/include/interfaces_pkg/interfaces_pkg/msg/detail/vector2__rosidl_typesupport_introspection_c.h
[5.126s] -- Symlinking: /home/euntaek/ws_mobile/install/interfaces_pkg/include/interfaces_pkg/interfaces_pkg/msg/rosidl_typesupport_introspection_c__visibility_control.h
[5.131s] -- Symlinking: /home/euntaek/ws_mobile/install/interfaces_pkg/include/interfaces_pkg/interfaces_pkg/msg/bounding_box2_d.hpp
[5.136s] -- Symlinking: /home/euntaek/ws_mobile/install/interfaces_pkg/include/interfaces_pkg/interfaces_pkg/msg/bounding_box3_d.hpp
[5.141s] -- Symlinking: /home/euntaek/ws_mobile/install/interfaces_pkg/include/interfaces_pkg/interfaces_pkg/msg/detail/bounding_box2_d__builder.hpp
[5.147s] -- Symlinking: /home/euntaek/ws_mobile/install/interfaces_pkg/include/interfaces_pkg/interfaces_pkg/msg/detail/bounding_box2_d__struct.hpp
[5.153s] -- Symlinking: /home/euntaek/ws_mobile/install/interfaces_pkg/include/interfaces_pkg/interfaces_pkg/msg/detail/bounding_box2_d__traits.hpp
[5.158s] -- Symlinking: /home/euntaek/ws_mobile/install/interfaces_pkg/include/interfaces_pkg/interfaces_pkg/msg/detail/bounding_box2_d__type_support.hpp
[5.163s] -- Symlinking: /home/euntaek/ws_mobile/install/interfaces_pkg/include/interfaces_pkg/interfaces_pkg/msg/detail/bounding_box3_d__builder.hpp
[5.168s] -- Symlinking: /home/euntaek/ws_mobile/install/interfaces_pkg/include/interfaces_pkg/interfaces_pkg/msg/detail/bounding_box3_d__struct.hpp
[5.174s] -- Symlinking: /home/euntaek/ws_mobile/install/interfaces_pkg/include/interfaces_pkg/interfaces_pkg/msg/detail/bounding_box3_d__traits.hpp
[5.179s] -- Symlinking: /home/euntaek/ws_mobile/install/interfaces_pkg/include/interfaces_pkg/interfaces_pkg/msg/detail/bounding_box3_d__type_support.hpp
[5.184s] -- Symlinking: /home/euntaek/ws_mobile/install/interfaces_pkg/include/interfaces_pkg/interfaces_pkg/msg/detail/detection__builder.hpp
[5.190s] -- Symlinking: /home/euntaek/ws_mobile/install/interfaces_pkg/include/interfaces_pkg/interfaces_pkg/msg/detail/detection__struct.hpp
[5.196s] -- Symlinking: /home/euntaek/ws_mobile/install/interfaces_pkg/include/interfaces_pkg/interfaces_pkg/msg/detail/detection__traits.hpp
[5.201s] -- Symlinking: /home/euntaek/ws_mobile/install/interfaces_pkg/include/interfaces_pkg/interfaces_pkg/msg/detail/detection__type_support.hpp
[5.206s] -- Symlinking: /home/euntaek/ws_mobile/install/interfaces_pkg/include/interfaces_pkg/interfaces_pkg/msg/detail/detection_array__builder.hpp
[5.211s] -- Symlinking: /home/euntaek/ws_mobile/install/interfaces_pkg/include/interfaces_pkg/interfaces_pkg/msg/detail/detection_array__struct.hpp
[5.216s] -- Symlinking: /home/euntaek/ws_mobile/install/interfaces_pkg/include/interfaces_pkg/interfaces_pkg/msg/detail/detection_array__traits.hpp
[5.221s] -- Symlinking: /home/euntaek/ws_mobile/install/interfaces_pkg/include/interfaces_pkg/interfaces_pkg/msg/detail/detection_array__type_support.hpp
[5.226s] -- Symlinking: /home/euntaek/ws_mobile/install/interfaces_pkg/include/interfaces_pkg/interfaces_pkg/msg/detail/key_point2_d__builder.hpp
[5.231s] -- Symlinking: /home/euntaek/ws_mobile/install/interfaces_pkg/include/interfaces_pkg/interfaces_pkg/msg/detail/key_point2_d__struct.hpp
[5.236s] -- Symlinking: /home/euntaek/ws_mobile/install/interfaces_pkg/include/interfaces_pkg/interfaces_pkg/msg/detail/key_point2_d__traits.hpp
[5.242s] -- Symlinking: /home/euntaek/ws_mobile/install/interfaces_pkg/include/interfaces_pkg/interfaces_pkg/msg/detail/key_point2_d__type_support.hpp
[5.247s] -- Symlinking: /home/euntaek/ws_mobile/install/interfaces_pkg/include/interfaces_pkg/interfaces_pkg/msg/detail/key_point2_d_array__builder.hpp
[5.253s] -- Symlinking: /home/euntaek/ws_mobile/install/interfaces_pkg/include/interfaces_pkg/interfaces_pkg/msg/detail/key_point2_d_array__struct.hpp
[5.258s] -- Symlinking: /home/euntaek/ws_mobile/install/interfaces_pkg/include/interfaces_pkg/interfaces_pkg/msg/detail/key_point2_d_array__traits.hpp
[5.263s] -- Symlinking: /home/euntaek/ws_mobile/install/interfaces_pkg/include/interfaces_pkg/interfaces_pkg/msg/detail/key_point2_d_array__type_support.hpp
[5.269s] -- Symlinking: /home/euntaek/ws_mobile/install/interfaces_pkg/include/interfaces_pkg/interfaces_pkg/msg/detail/key_point3_d__builder.hpp
[5.274s] -- Symlinking: /home/euntaek/ws_mobile/install/interfaces_pkg/include/interfaces_pkg/interfaces_pkg/msg/detail/key_point3_d__struct.hpp
[5.280s] -- Symlinking: /home/euntaek/ws_mobile/install/interfaces_pkg/include/interfaces_pkg/interfaces_pkg/msg/detail/key_point3_d__traits.hpp
[5.285s] -- Symlinking: /home/euntaek/ws_mobile/install/interfaces_pkg/include/interfaces_pkg/interfaces_pkg/msg/detail/key_point3_d__type_support.hpp
[5.291s] -- Symlinking: /home/euntaek/ws_mobile/install/interfaces_pkg/include/interfaces_pkg/interfaces_pkg/msg/detail/key_point3_d_array__builder.hpp
[5.296s] -- Symlinking: /home/euntaek/ws_mobile/install/interfaces_pkg/include/interfaces_pkg/interfaces_pkg/msg/detail/key_point3_d_array__struct.hpp
[5.302s] -- Symlinking: /home/euntaek/ws_mobile/install/interfaces_pkg/include/interfaces_pkg/interfaces_pkg/msg/detail/key_point3_d_array__traits.hpp
[5.307s] -- Symlinking: /home/euntaek/ws_mobile/install/interfaces_pkg/include/interfaces_pkg/interfaces_pkg/msg/detail/key_point3_d_array__type_support.hpp
[5.313s] -- Symlinking: /home/euntaek/ws_mobile/install/interfaces_pkg/include/interfaces_pkg/interfaces_pkg/msg/detail/lane_info__builder.hpp
[5.319s] -- Symlinking: /home/euntaek/ws_mobile/install/interfaces_pkg/include/interfaces_pkg/interfaces_pkg/msg/detail/lane_info__struct.hpp
[5.324s] -- Symlinking: /home/euntaek/ws_mobile/install/interfaces_pkg/include/interfaces_pkg/interfaces_pkg/msg/detail/lane_info__traits.hpp
[5.329s] -- Symlinking: /home/euntaek/ws_mobile/install/interfaces_pkg/include/interfaces_pkg/interfaces_pkg/msg/detail/lane_info__type_support.hpp
[5.335s] -- Symlinking: /home/euntaek/ws_mobile/install/interfaces_pkg/include/interfaces_pkg/interfaces_pkg/msg/detail/mask__builder.hpp
[5.339s] -- Symlinking: /home/euntaek/ws_mobile/install/interfaces_pkg/include/interfaces_pkg/interfaces_pkg/msg/detail/mask__struct.hpp
[5.345s] -- Symlinking: /home/euntaek/ws_mobile/install/interfaces_pkg/include/interfaces_pkg/interfaces_pkg/msg/detail/mask__traits.hpp
[5.350s] -- Symlinking: /home/euntaek/ws_mobile/install/interfaces_pkg/include/interfaces_pkg/interfaces_pkg/msg/detail/mask__type_support.hpp
[5.356s] -- Symlinking: /home/euntaek/ws_mobile/install/interfaces_pkg/include/interfaces_pkg/interfaces_pkg/msg/detail/motion_command__builder.hpp
[5.361s] -- Symlinking: /home/euntaek/ws_mobile/install/interfaces_pkg/include/interfaces_pkg/interfaces_pkg/msg/detail/motion_command__struct.hpp
[5.366s] -- Symlinking: /home/euntaek/ws_mobile/install/interfaces_pkg/include/interfaces_pkg/interfaces_pkg/msg/detail/motion_command__traits.hpp
[5.371s] -- Symlinking: /home/euntaek/ws_mobile/install/interfaces_pkg/include/interfaces_pkg/interfaces_pkg/msg/detail/motion_command__type_support.hpp
[5.377s] -- Symlinking: /home/euntaek/ws_mobile/install/interfaces_pkg/include/interfaces_pkg/interfaces_pkg/msg/detail/path_planning_result__builder.hpp
[5.381s] -- Symlinking: /home/euntaek/ws_mobile/install/interfaces_pkg/include/interfaces_pkg/interfaces_pkg/msg/detail/path_planning_result__struct.hpp
[5.386s] -- Symlinking: /home/euntaek/ws_mobile/install/interfaces_pkg/include/interfaces_pkg/interfaces_pkg/msg/detail/path_planning_result__traits.hpp
[5.393s] -- Symlinking: /home/euntaek/ws_mobile/install/interfaces_pkg/include/interfaces_pkg/interfaces_pkg/msg/detail/path_planning_result__type_support.hpp
[5.398s] -- Symlinking: /home/euntaek/ws_mobile/install/interfaces_pkg/include/interfaces_pkg/interfaces_pkg/msg/detail/point2_d__builder.hpp
[5.403s] -- Symlinking: /home/euntaek/ws_mobile/install/interfaces_pkg/include/interfaces_pkg/interfaces_pkg/msg/detail/point2_d__struct.hpp
[5.409s] -- Symlinking: /home/euntaek/ws_mobile/install/interfaces_pkg/include/interfaces_pkg/interfaces_pkg/msg/detail/point2_d__traits.hpp
[5.415s] -- Symlinking: /home/euntaek/ws_mobile/install/interfaces_pkg/include/interfaces_pkg/interfaces_pkg/msg/detail/point2_d__type_support.hpp
[5.420s] -- Symlinking: /home/euntaek/ws_mobile/install/interfaces_pkg/include/interfaces_pkg/interfaces_pkg/msg/detail/pose2_d__builder.hpp
[5.425s] -- Symlinking: /home/euntaek/ws_mobile/install/interfaces_pkg/include/interfaces_pkg/interfaces_pkg/msg/detail/pose2_d__struct.hpp
[5.430s] -- Symlinking: /home/euntaek/ws_mobile/install/interfaces_pkg/include/interfaces_pkg/interfaces_pkg/msg/detail/pose2_d__traits.hpp
[5.435s] -- Symlinking: /home/euntaek/ws_mobile/install/interfaces_pkg/include/interfaces_pkg/interfaces_pkg/msg/detail/pose2_d__type_support.hpp
[5.440s] -- Symlinking: /home/euntaek/ws_mobile/install/interfaces_pkg/include/interfaces_pkg/interfaces_pkg/msg/detail/target_point__builder.hpp
[5.445s] -- Symlinking: /home/euntaek/ws_mobile/install/interfaces_pkg/include/interfaces_pkg/interfaces_pkg/msg/detail/target_point__struct.hpp
[5.451s] -- Symlinking: /home/euntaek/ws_mobile/install/interfaces_pkg/include/interfaces_pkg/interfaces_pkg/msg/detail/target_point__traits.hpp
[5.456s] -- Symlinking: /home/euntaek/ws_mobile/install/interfaces_pkg/include/interfaces_pkg/interfaces_pkg/msg/detail/target_point__type_support.hpp
[5.461s] -- Symlinking: /home/euntaek/ws_mobile/install/interfaces_pkg/include/interfaces_pkg/interfaces_pkg/msg/detail/vector2__builder.hpp
[5.467s] -- Symlinking: /home/euntaek/ws_mobile/install/interfaces_pkg/include/interfaces_pkg/interfaces_pkg/msg/detail/vector2__struct.hpp
[5.472s] -- Symlinking: /home/euntaek/ws_mobile/install/interfaces_pkg/include/interfaces_pkg/interfaces_pkg/msg/detail/vector2__traits.hpp
[5.478s] -- Symlinking: /home/euntaek/ws_mobile/install/interfaces_pkg/include/interfaces_pkg/interfaces_pkg/msg/detail/vector2__type_support.hpp
[5.483s] -- Symlinking: /home/euntaek/ws_mobile/install/interfaces_pkg/include/interfaces_pkg/interfaces_pkg/msg/detection.hpp
[5.488s] -- Symlinking: /home/euntaek/ws_mobile/install/interfaces_pkg/include/interfaces_pkg/interfaces_pkg/msg/detection_array.hpp
[5.493s] -- Symlinking: /home/euntaek/ws_mobile/install/interfaces_pkg/include/interfaces_pkg/interfaces_pkg/msg/key_point2_d.hpp
[5.498s] -- Symlinking: /home/euntaek/ws_mobile/install/interfaces_pkg/include/interfaces_pkg/interfaces_pkg/msg/key_point2_d_array.hpp
[5.503s] -- Symlinking: /home/euntaek/ws_mobile/install/interfaces_pkg/include/interfaces_pkg/interfaces_pkg/msg/key_point3_d.hpp
[5.509s] -- Symlinking: /home/euntaek/ws_mobile/install/interfaces_pkg/include/interfaces_pkg/interfaces_pkg/msg/key_point3_d_array.hpp
[5.514s] -- Symlinking: /home/euntaek/ws_mobile/install/interfaces_pkg/include/interfaces_pkg/interfaces_pkg/msg/lane_info.hpp
[5.520s] -- Symlinking: /home/euntaek/ws_mobile/install/interfaces_pkg/include/interfaces_pkg/interfaces_pkg/msg/mask.hpp
[5.525s] -- Symlinking: /home/euntaek/ws_mobile/install/interfaces_pkg/include/interfaces_pkg/interfaces_pkg/msg/motion_command.hpp
[5.531s] -- Symlinking: /home/euntaek/ws_mobile/install/interfaces_pkg/include/interfaces_pkg/interfaces_pkg/msg/path_planning_result.hpp
[5.536s] -- Symlinking: /home/euntaek/ws_mobile/install/interfaces_pkg/include/interfaces_pkg/interfaces_pkg/msg/point2_d.hpp
[5.541s] -- Symlinking: /home/euntaek/ws_mobile/install/interfaces_pkg/include/interfaces_pkg/interfaces_pkg/msg/pose2_d.hpp
[5.547s] -- Symlinking: /home/euntaek/ws_mobile/install/interfaces_pkg/include/interfaces_pkg/interfaces_pkg/msg/rosidl_generator_cpp__visibility_control.hpp
[5.552s] -- Symlinking: /home/euntaek/ws_mobile/install/interfaces_pkg/include/interfaces_pkg/interfaces_pkg/msg/target_point.hpp
[5.557s] -- Symlinking: /home/euntaek/ws_mobile/install/interfaces_pkg/include/interfaces_pkg/interfaces_pkg/msg/vector2.hpp
[5.563s] -- Symlinking: /home/euntaek/ws_mobile/install/interfaces_pkg/include/interfaces_pkg/interfaces_pkg/msg/detail/bounding_box2_d__rosidl_typesupport_fastrtps_cpp.hpp
[5.568s] -- Symlinking: /home/euntaek/ws_mobile/install/interfaces_pkg/include/interfaces_pkg/interfaces_pkg/msg/detail/bounding_box3_d__rosidl_typesupport_fastrtps_cpp.hpp
[5.574s] -- Symlinking: /home/euntaek/ws_mobile/install/interfaces_pkg/include/interfaces_pkg/interfaces_pkg/msg/detail/detection__rosidl_typesupport_fastrtps_cpp.hpp
[5.579s] -- Symlinking: /home/euntaek/ws_mobile/install/interfaces_pkg/include/interfaces_pkg/interfaces_pkg/msg/detail/detection_array__rosidl_typesupport_fastrtps_cpp.hpp
[5.585s] -- Symlinking: /home/euntaek/ws_mobile/install/interfaces_pkg/include/interfaces_pkg/interfaces_pkg/msg/detail/key_point2_d__rosidl_typesupport_fastrtps_cpp.hpp
[5.591s] -- Symlinking: /home/euntaek/ws_mobile/install/interfaces_pkg/include/interfaces_pkg/interfaces_pkg/msg/detail/key_point2_d_array__rosidl_typesupport_fastrtps_cpp.hpp
[5.596s] -- Symlinking: /home/euntaek/ws_mobile/install/interfaces_pkg/include/interfaces_pkg/interfaces_pkg/msg/detail/key_point3_d__rosidl_typesupport_fastrtps_cpp.hpp
[5.602s] -- Symlinking: /home/euntaek/ws_mobile/install/interfaces_pkg/include/interfaces_pkg/interfaces_pkg/msg/detail/key_point3_d_array__rosidl_typesupport_fastrtps_cpp.hpp
[5.607s] -- Symlinking: /home/euntaek/ws_mobile/install/interfaces_pkg/include/interfaces_pkg/interfaces_pkg/msg/detail/lane_info__rosidl_typesupport_fastrtps_cpp.hpp
[5.611s] -- Symlinking: /home/euntaek/ws_mobile/install/interfaces_pkg/include/interfaces_pkg/interfaces_pkg/msg/detail/mask__rosidl_typesupport_fastrtps_cpp.hpp
[5.617s] -- Symlinking: /home/euntaek/ws_mobile/install/interfaces_pkg/include/interfaces_pkg/interfaces_pkg/msg/detail/motion_command__rosidl_typesupport_fastrtps_cpp.hpp
[5.622s] -- Symlinking: /home/euntaek/ws_mobile/install/interfaces_pkg/include/interfaces_pkg/interfaces_pkg/msg/detail/path_planning_result__rosidl_typesupport_fastrtps_cpp.hpp
[5.627s] -- Symlinking: /home/euntaek/ws_mobile/install/interfaces_pkg/include/interfaces_pkg/interfaces_pkg/msg/detail/point2_d__rosidl_typesupport_fastrtps_cpp.hpp
[5.632s] -- Symlinking: /home/euntaek/ws_mobile/install/interfaces_pkg/include/interfaces_pkg/interfaces_pkg/msg/detail/pose2_d__rosidl_typesupport_fastrtps_cpp.hpp
[5.638s] -- Symlinking: /home/euntaek/ws_mobile/install/interfaces_pkg/include/interfaces_pkg/interfaces_pkg/msg/detail/target_point__rosidl_typesupport_fastrtps_cpp.hpp
[5.643s] -- Symlinking: /home/euntaek/ws_mobile/install/interfaces_pkg/include/interfaces_pkg/interfaces_pkg/msg/detail/vector2__rosidl_typesupport_fastrtps_cpp.hpp
[5.648s] -- Symlinking: /home/euntaek/ws_mobile/install/interfaces_pkg/include/interfaces_pkg/interfaces_pkg/msg/rosidl_typesupport_fastrtps_cpp__visibility_control.h
[5.654s] -- Symlinking: /home/euntaek/ws_mobile/install/interfaces_pkg/include/interfaces_pkg/interfaces_pkg/msg/detail/bounding_box2_d__rosidl_typesupport_introspection_cpp.hpp
[5.659s] -- Symlinking: /home/euntaek/ws_mobile/install/interfaces_pkg/include/interfaces_pkg/interfaces_pkg/msg/detail/bounding_box3_d__rosidl_typesupport_introspection_cpp.hpp
[5.665s] -- Symlinking: /home/euntaek/ws_mobile/install/interfaces_pkg/include/interfaces_pkg/interfaces_pkg/msg/detail/detection__rosidl_typesupport_introspection_cpp.hpp
[5.670s] -- Symlinking: /home/euntaek/ws_mobile/install/interfaces_pkg/include/interfaces_pkg/interfaces_pkg/msg/detail/detection_array__rosidl_typesupport_introspection_cpp.hpp
[5.676s] -- Symlinking: /home/euntaek/ws_mobile/install/interfaces_pkg/include/interfaces_pkg/interfaces_pkg/msg/detail/key_point2_d__rosidl_typesupport_introspection_cpp.hpp
[5.681s] -- Symlinking: /home/euntaek/ws_mobile/install/interfaces_pkg/include/interfaces_pkg/interfaces_pkg/msg/detail/key_point2_d_array__rosidl_typesupport_introspection_cpp.hpp
[5.687s] -- Symlinking: /home/euntaek/ws_mobile/install/interfaces_pkg/include/interfaces_pkg/interfaces_pkg/msg/detail/key_point3_d__rosidl_typesupport_introspection_cpp.hpp
[5.693s] -- Symlinking: /home/euntaek/ws_mobile/install/interfaces_pkg/include/interfaces_pkg/interfaces_pkg/msg/detail/key_point3_d_array__rosidl_typesupport_introspection_cpp.hpp
[5.698s] -- Symlinking: /home/euntaek/ws_mobile/install/interfaces_pkg/include/interfaces_pkg/interfaces_pkg/msg/detail/lane_info__rosidl_typesupport_introspection_cpp.hpp
[5.704s] -- Symlinking: /home/euntaek/ws_mobile/install/interfaces_pkg/include/interfaces_pkg/interfaces_pkg/msg/detail/mask__rosidl_typesupport_introspection_cpp.hpp
[5.711s] -- Symlinking: /home/euntaek/ws_mobile/install/interfaces_pkg/include/interfaces_pkg/interfaces_pkg/msg/detail/motion_command__rosidl_typesupport_introspection_cpp.hpp
[5.717s] -- Symlinking: /home/euntaek/ws_mobile/install/interfaces_pkg/include/interfaces_pkg/interfaces_pkg/msg/detail/path_planning_result__rosidl_typesupport_introspection_cpp.hpp
[5.724s] -- Symlinking: /home/euntaek/ws_mobile/install/interfaces_pkg/include/interfaces_pkg/interfaces_pkg/msg/detail/point2_d__rosidl_typesupport_introspection_cpp.hpp
[5.729s] -- Symlinking: /home/euntaek/ws_mobile/install/interfaces_pkg/include/interfaces_pkg/interfaces_pkg/msg/detail/pose2_d__rosidl_typesupport_introspection_cpp.hpp
[5.735s] -- Symlinking: /home/euntaek/ws_mobile/install/interfaces_pkg/include/interfaces_pkg/interfaces_pkg/msg/detail/target_point__rosidl_typesupport_introspection_cpp.hpp
[5.741s] -- Symlinking: /home/euntaek/ws_mobile/install/interfaces_pkg/include/interfaces_pkg/interfaces_pkg/msg/detail/vector2__rosidl_typesupport_introspection_cpp.hpp
[5.747s] -- Symlinking: /home/euntaek/ws_mobile/install/interfaces_pkg/share/interfaces_pkg/environment/pythonpath.sh
[5.752s] -- Symlinking: /home/euntaek/ws_mobile/install/interfaces_pkg/share/interfaces_pkg/environment/pythonpath.dsv
[5.759s] -- Symlinking: /home/euntaek/ws_mobile/install/interfaces_pkg/local/lib/python3.10/dist-packages/interfaces_pkg-0.0.0-py3.10.egg-info/PKG-INFO
[5.764s] -- Symlinking: /home/euntaek/ws_mobile/install/interfaces_pkg/local/lib/python3.10/dist-packages/interfaces_pkg-0.0.0-py3.10.egg-info/SOURCES.txt
[5.770s] -- Symlinking: /home/euntaek/ws_mobile/install/interfaces_pkg/local/lib/python3.10/dist-packages/interfaces_pkg-0.0.0-py3.10.egg-info/dependency_links.txt
[5.775s] -- Symlinking: /home/euntaek/ws_mobile/install/interfaces_pkg/local/lib/python3.10/dist-packages/interfaces_pkg-0.0.0-py3.10.egg-info/top_level.txt
[5.781s] -- Symlinking: /home/euntaek/ws_mobile/install/interfaces_pkg/local/lib/python3.10/dist-packages/interfaces_pkg/__init__.py
[5.786s] -- Symlinking: /home/euntaek/ws_mobile/install/interfaces_pkg/local/lib/python3.10/dist-packages/interfaces_pkg/_interfaces_pkg_s.ep.rosidl_typesupport_c.c
[5.791s] -- Symlinking: /home/euntaek/ws_mobile/install/interfaces_pkg/local/lib/python3.10/dist-packages/interfaces_pkg/_interfaces_pkg_s.ep.rosidl_typesupport_fastrtps_c.c
[5.796s] -- Symlinking: /home/euntaek/ws_mobile/install/interfaces_pkg/local/lib/python3.10/dist-packages/interfaces_pkg/_interfaces_pkg_s.ep.rosidl_typesupport_introspection_c.c
[5.802s] -- Symlinking: /home/euntaek/ws_mobile/install/interfaces_pkg/local/lib/python3.10/dist-packages/interfaces_pkg/interfaces_pkg_s__rosidl_typesupport_c.cpython-310-x86_64-linux-gnu.so
[5.807s] -- Symlinking: /home/euntaek/ws_mobile/install/interfaces_pkg/local/lib/python3.10/dist-packages/interfaces_pkg/interfaces_pkg_s__rosidl_typesupport_fastrtps_c.cpython-310-x86_64-linux-gnu.so
[5.812s] -- Symlinking: /home/euntaek/ws_mobile/install/interfaces_pkg/local/lib/python3.10/dist-packages/interfaces_pkg/interfaces_pkg_s__rosidl_typesupport_introspection_c.cpython-310-x86_64-linux-gnu.so
[5.817s] -- Symlinking: /home/euntaek/ws_mobile/install/interfaces_pkg/local/lib/python3.10/dist-packages/interfaces_pkg/libinterfaces_pkg__rosidl_generator_py.so
[5.823s] -- Symlinking: /home/euntaek/ws_mobile/install/interfaces_pkg/local/lib/python3.10/dist-packages/interfaces_pkg/msg/__init__.py
[5.828s] -- Symlinking: /home/euntaek/ws_mobile/install/interfaces_pkg/local/lib/python3.10/dist-packages/interfaces_pkg/msg/_bounding_box2_d.py
[5.833s] -- Symlinking: /home/euntaek/ws_mobile/install/interfaces_pkg/local/lib/python3.10/dist-packages/interfaces_pkg/msg/_bounding_box2_d_s.c
[5.839s] -- Symlinking: /home/euntaek/ws_mobile/install/interfaces_pkg/local/lib/python3.10/dist-packages/interfaces_pkg/msg/_bounding_box3_d.py
[5.845s] -- Symlinking: /home/euntaek/ws_mobile/install/interfaces_pkg/local/lib/python3.10/dist-packages/interfaces_pkg/msg/_bounding_box3_d_s.c
[5.851s] -- Symlinking: /home/euntaek/ws_mobile/install/interfaces_pkg/local/lib/python3.10/dist-packages/interfaces_pkg/msg/_detection.py
[5.856s] -- Symlinking: /home/euntaek/ws_mobile/install/interfaces_pkg/local/lib/python3.10/dist-packages/interfaces_pkg/msg/_detection_array.py
[5.862s] -- Symlinking: /home/euntaek/ws_mobile/install/interfaces_pkg/local/lib/python3.10/dist-packages/interfaces_pkg/msg/_detection_array_s.c
[5.868s] -- Symlinking: /home/euntaek/ws_mobile/install/interfaces_pkg/local/lib/python3.10/dist-packages/interfaces_pkg/msg/_detection_s.c
[5.874s] -- Symlinking: /home/euntaek/ws_mobile/install/interfaces_pkg/local/lib/python3.10/dist-packages/interfaces_pkg/msg/_key_point2_d.py
[5.880s] -- Symlinking: /home/euntaek/ws_mobile/install/interfaces_pkg/local/lib/python3.10/dist-packages/interfaces_pkg/msg/_key_point2_d_array.py
[5.885s] -- Symlinking: /home/euntaek/ws_mobile/install/interfaces_pkg/local/lib/python3.10/dist-packages/interfaces_pkg/msg/_key_point2_d_array_s.c
[5.891s] -- Symlinking: /home/euntaek/ws_mobile/install/interfaces_pkg/local/lib/python3.10/dist-packages/interfaces_pkg/msg/_key_point2_d_s.c
[5.897s] -- Symlinking: /home/euntaek/ws_mobile/install/interfaces_pkg/local/lib/python3.10/dist-packages/interfaces_pkg/msg/_key_point3_d.py
[5.902s] -- Symlinking: /home/euntaek/ws_mobile/install/interfaces_pkg/local/lib/python3.10/dist-packages/interfaces_pkg/msg/_key_point3_d_array.py
[5.909s] -- Symlinking: /home/euntaek/ws_mobile/install/interfaces_pkg/local/lib/python3.10/dist-packages/interfaces_pkg/msg/_key_point3_d_array_s.c
[5.914s] -- Symlinking: /home/euntaek/ws_mobile/install/interfaces_pkg/local/lib/python3.10/dist-packages/interfaces_pkg/msg/_key_point3_d_s.c
[5.920s] -- Symlinking: /home/euntaek/ws_mobile/install/interfaces_pkg/local/lib/python3.10/dist-packages/interfaces_pkg/msg/_lane_info.py
[5.925s] -- Symlinking: /home/euntaek/ws_mobile/install/interfaces_pkg/local/lib/python3.10/dist-packages/interfaces_pkg/msg/_lane_info_s.c
[5.930s] -- Symlinking: /home/euntaek/ws_mobile/install/interfaces_pkg/local/lib/python3.10/dist-packages/interfaces_pkg/msg/_mask.py
[5.936s] -- Symlinking: /home/euntaek/ws_mobile/install/interfaces_pkg/local/lib/python3.10/dist-packages/interfaces_pkg/msg/_mask_s.c
[5.942s] -- Symlinking: /home/euntaek/ws_mobile/install/interfaces_pkg/local/lib/python3.10/dist-packages/interfaces_pkg/msg/_motion_command.py
[5.947s] -- Symlinking: /home/euntaek/ws_mobile/install/interfaces_pkg/local/lib/python3.10/dist-packages/interfaces_pkg/msg/_motion_command_s.c
[5.952s] -- Symlinking: /home/euntaek/ws_mobile/install/interfaces_pkg/local/lib/python3.10/dist-packages/interfaces_pkg/msg/_path_planning_result.py
[5.958s] -- Symlinking: /home/euntaek/ws_mobile/install/interfaces_pkg/local/lib/python3.10/dist-packages/interfaces_pkg/msg/_path_planning_result_s.c
[5.963s] -- Symlinking: /home/euntaek/ws_mobile/install/interfaces_pkg/local/lib/python3.10/dist-packages/interfaces_pkg/msg/_point2_d.py
[5.968s] -- Symlinking: /home/euntaek/ws_mobile/install/interfaces_pkg/local/lib/python3.10/dist-packages/interfaces_pkg/msg/_point2_d_s.c
[5.973s] -- Symlinking: /home/euntaek/ws_mobile/install/interfaces_pkg/local/lib/python3.10/dist-packages/interfaces_pkg/msg/_pose2_d.py
[5.979s] -- Symlinking: /home/euntaek/ws_mobile/install/interfaces_pkg/local/lib/python3.10/dist-packages/interfaces_pkg/msg/_pose2_d_s.c
[5.984s] -- Symlinking: /home/euntaek/ws_mobile/install/interfaces_pkg/local/lib/python3.10/dist-packages/interfaces_pkg/msg/_target_point.py
[5.989s] -- Symlinking: /home/euntaek/ws_mobile/install/interfaces_pkg/local/lib/python3.10/dist-packages/interfaces_pkg/msg/_target_point_s.c
[5.994s] -- Symlinking: /home/euntaek/ws_mobile/install/interfaces_pkg/local/lib/python3.10/dist-packages/interfaces_pkg/msg/_vector2.py
[5.999s] -- Symlinking: /home/euntaek/ws_mobile/install/interfaces_pkg/local/lib/python3.10/dist-packages/interfaces_pkg/msg/_vector2_s.c
[6.005s] -- Up-to-date symlink: /home/euntaek/ws_mobile/install/interfaces_pkg/local/lib/python3.10/dist-packages/interfaces_pkg/interfaces_pkg_s__rosidl_typesupport_fastrtps_c.cpython-310-x86_64-linux-gnu.so
[6.005s] -- Up-to-date symlink: /home/euntaek/ws_mobile/install/interfaces_pkg/local/lib/python3.10/dist-packages/interfaces_pkg/interfaces_pkg_s__rosidl_typesupport_introspection_c.cpython-310-x86_64-linux-gnu.so
[6.005s] -- Up-to-date symlink: /home/euntaek/ws_mobile/install/interfaces_pkg/local/lib/python3.10/dist-packages/interfaces_pkg/interfaces_pkg_s__rosidl_typesupport_c.cpython-310-x86_64-linux-gnu.so
[6.006s] -- Symlinking: /home/euntaek/ws_mobile/install/interfaces_pkg/share/interfaces_pkg/msg/Point2D.idl
[6.011s] -- Symlinking: /home/euntaek/ws_mobile/install/interfaces_pkg/share/interfaces_pkg/msg/Vector2.idl
[6.016s] -- Symlinking: /home/euntaek/ws_mobile/install/interfaces_pkg/share/interfaces_pkg/msg/Pose2D.idl
[6.021s] -- Symlinking: /home/euntaek/ws_mobile/install/interfaces_pkg/share/interfaces_pkg/msg/BoundingBox2D.idl
[6.027s] -- Symlinking: /home/euntaek/ws_mobile/install/interfaces_pkg/share/interfaces_pkg/msg/BoundingBox3D.idl
[6.032s] -- Symlinking: /home/euntaek/ws_mobile/install/interfaces_pkg/share/interfaces_pkg/msg/Mask.idl
[6.038s] -- Symlinking: /home/euntaek/ws_mobile/install/interfaces_pkg/share/interfaces_pkg/msg/KeyPoint2D.idl
[6.044s] -- Symlinking: /home/euntaek/ws_mobile/install/interfaces_pkg/share/interfaces_pkg/msg/KeyPoint2DArray.idl
[6.050s] -- Symlinking: /home/euntaek/ws_mobile/install/interfaces_pkg/share/interfaces_pkg/msg/KeyPoint3D.idl
[6.056s] -- Symlinking: /home/euntaek/ws_mobile/install/interfaces_pkg/share/interfaces_pkg/msg/KeyPoint3DArray.idl
[6.062s] -- Symlinking: /home/euntaek/ws_mobile/install/interfaces_pkg/share/interfaces_pkg/msg/Detection.idl
[6.068s] -- Symlinking: /home/euntaek/ws_mobile/install/interfaces_pkg/share/interfaces_pkg/msg/DetectionArray.idl
[6.073s] -- Symlinking: /home/euntaek/ws_mobile/install/interfaces_pkg/share/interfaces_pkg/msg/LaneInfo.idl
[6.079s] -- Symlinking: /home/euntaek/ws_mobile/install/interfaces_pkg/share/interfaces_pkg/msg/MotionCommand.idl
[6.084s] -- Symlinking: /home/euntaek/ws_mobile/install/interfaces_pkg/share/interfaces_pkg/msg/TargetPoint.idl
[6.090s] -- Symlinking: /home/euntaek/ws_mobile/install/interfaces_pkg/share/interfaces_pkg/msg/PathPlanningResult.idl
[6.095s] -- Symlinking: /home/euntaek/ws_mobile/install/interfaces_pkg/share/interfaces_pkg/msg/Point2D.msg
[6.101s] -- Symlinking: /home/euntaek/ws_mobile/install/interfaces_pkg/share/interfaces_pkg/msg/Vector2.msg
[6.106s] -- Symlinking: /home/euntaek/ws_mobile/install/interfaces_pkg/share/interfaces_pkg/msg/Pose2D.msg
[6.111s] -- Symlinking: /home/euntaek/ws_mobile/install/interfaces_pkg/share/interfaces_pkg/msg/BoundingBox2D.msg
[6.116s] -- Symlinking: /home/euntaek/ws_mobile/install/interfaces_pkg/share/interfaces_pkg/msg/BoundingBox3D.msg
[6.122s] -- Symlinking: /home/euntaek/ws_mobile/install/interfaces_pkg/share/interfaces_pkg/msg/Mask.msg
[6.126s] -- Symlinking: /home/euntaek/ws_mobile/install/interfaces_pkg/share/interfaces_pkg/msg/KeyPoint2D.msg
[6.132s] -- Symlinking: /home/euntaek/ws_mobile/install/interfaces_pkg/share/interfaces_pkg/msg/KeyPoint2DArray.msg
[6.138s] -- Symlinking: /home/euntaek/ws_mobile/install/interfaces_pkg/share/interfaces_pkg/msg/KeyPoint3D.msg
[6.143s] -- Symlinking: /home/euntaek/ws_mobile/install/interfaces_pkg/share/interfaces_pkg/msg/KeyPoint3DArray.msg
[6.148s] -- Symlinking: /home/euntaek/ws_mobile/install/interfaces_pkg/share/interfaces_pkg/msg/Detection.msg
[6.153s] -- Symlinking: /home/euntaek/ws_mobile/install/interfaces_pkg/share/interfaces_pkg/msg/DetectionArray.msg
[6.158s] -- Symlinking: /home/euntaek/ws_mobile/install/interfaces_pkg/share/interfaces_pkg/msg/LaneInfo.msg
[6.164s] -- Symlinking: /home/euntaek/ws_mobile/install/interfaces_pkg/share/interfaces_pkg/msg/MotionCommand.msg
[6.169s] -- Symlinking: /home/euntaek/ws_mobile/install/interfaces_pkg/share/interfaces_pkg/msg/TargetPoint.msg
[6.174s] -- Symlinking: /home/euntaek/ws_mobile/install/interfaces_pkg/share/interfaces_pkg/msg/PathPlanningResult.msg
[6.180s] -- Symlinking: /home/euntaek/ws_mobile/install/interfaces_pkg/share/ament_index/resource_index/package_run_dependencies/interfaces_pkg
[6.186s] -- Symlinking: /home/euntaek/ws_mobile/install/interfaces_pkg/share/ament_index/resource_index/parent_prefix_path/interfaces_pkg
[6.191s] -- Symlinking: /home/euntaek/ws_mobile/install/interfaces_pkg/share/interfaces_pkg/environment/ament_prefix_path.sh
[6.196s] -- Symlinking: /home/euntaek/ws_mobile/install/interfaces_pkg/share/interfaces_pkg/environment/ament_prefix_path.dsv
[6.201s] -- Symlinking: /home/euntaek/ws_mobile/install/interfaces_pkg/share/interfaces_pkg/environment/path.sh
[6.207s] -- Symlinking: /home/euntaek/ws_mobile/install/interfaces_pkg/share/interfaces_pkg/environment/path.dsv
[6.212s] -- Symlinking: /home/euntaek/ws_mobile/install/interfaces_pkg/share/interfaces_pkg/local_setup.bash
[6.217s] -- Symlinking: /home/euntaek/ws_mobile/install/interfaces_pkg/share/interfaces_pkg/local_setup.sh
[6.223s] -- Symlinking: /home/euntaek/ws_mobile/install/interfaces_pkg/share/interfaces_pkg/local_setup.zsh
[6.228s] -- Symlinking: /home/euntaek/ws_mobile/install/interfaces_pkg/share/interfaces_pkg/local_setup.dsv
[6.233s] -- Symlinking: /home/euntaek/ws_mobile/install/interfaces_pkg/share/interfaces_pkg/package.dsv
[6.239s] -- Symlinking: /home/euntaek/ws_mobile/install/interfaces_pkg/share/ament_index/resource_index/packages/interfaces_pkg
[6.244s] -- Symlinking: /home/euntaek/ws_mobile/install/interfaces_pkg/share/interfaces_pkg/cmake/rosidl_cmake-extras.cmake
[6.249s] -- Symlinking: /home/euntaek/ws_mobile/install/interfaces_pkg/share/interfaces_pkg/cmake/ament_cmake_export_dependencies-extras.cmake
[6.255s] -- Symlinking: /home/euntaek/ws_mobile/install/interfaces_pkg/share/interfaces_pkg/cmake/ament_cmake_export_include_directories-extras.cmake
[6.260s] -- Symlinking: /home/euntaek/ws_mobile/install/interfaces_pkg/share/interfaces_pkg/cmake/ament_cmake_export_libraries-extras.cmake
[6.265s] -- Symlinking: /home/euntaek/ws_mobile/install/interfaces_pkg/share/interfaces_pkg/cmake/ament_cmake_export_targets-extras.cmake
[6.270s] -- Symlinking: /home/euntaek/ws_mobile/install/interfaces_pkg/share/interfaces_pkg/cmake/rosidl_cmake_export_typesupport_targets-extras.cmake
[6.275s] -- Symlinking: /home/euntaek/ws_mobile/install/interfaces_pkg/share/interfaces_pkg/cmake/rosidl_cmake_export_typesupport_libraries-extras.cmake
[6.280s] -- Symlinking: /home/euntaek/ws_mobile/install/interfaces_pkg/share/interfaces_pkg/cmake/interfaces_pkgConfig.cmake
[6.285s] -- Symlinking: /home/euntaek/ws_mobile/install/interfaces_pkg/share/interfaces_pkg/cmake/interfaces_pkgConfig-version.cmake
[6.291s] -- Symlinking: /home/euntaek/ws_mobile/install/interfaces_pkg/share/interfaces_pkg/package.xml
[6.296s] -- Installing: /home/euntaek/ws_mobile/install/interfaces_pkg/lib/libinterfaces_pkg__rosidl_generator_c.so
[6.297s] -- Set runtime path of "/home/euntaek/ws_mobile/install/interfaces_pkg/lib/libinterfaces_pkg__rosidl_generator_c.so" to ""
[6.297s] -- Installing: /home/euntaek/ws_mobile/install/interfaces_pkg/lib/libinterfaces_pkg__rosidl_typesupport_fastrtps_c.so
[6.297s] -- Set runtime path of "/home/euntaek/ws_mobile/install/interfaces_pkg/lib/libinterfaces_pkg__rosidl_typesupport_fastrtps_c.so" to ""
[6.297s] -- Installing: /home/euntaek/ws_mobile/install/interfaces_pkg/lib/libinterfaces_pkg__rosidl_typesupport_introspection_c.so
[6.297s] -- Set runtime path of "/home/euntaek/ws_mobile/install/interfaces_pkg/lib/libinterfaces_pkg__rosidl_typesupport_introspection_c.so" to ""
[6.297s] -- Installing: /home/euntaek/ws_mobile/install/interfaces_pkg/lib/libinterfaces_pkg__rosidl_typesupport_c.so
[6.298s] -- Set runtime path of "/home/euntaek/ws_mobile/install/interfaces_pkg/lib/libinterfaces_pkg__rosidl_typesupport_c.so" to ""
[6.298s] -- Installing: /home/euntaek/ws_mobile/install/interfaces_pkg/lib/libinterfaces_pkg__rosidl_typesupport_fastrtps_cpp.so
[6.298s] -- Set runtime path of "/home/euntaek/ws_mobile/install/interfaces_pkg/lib/libinterfaces_pkg__rosidl_typesupport_fastrtps_cpp.so" to ""
[6.298s] -- Installing: /home/euntaek/ws_mobile/install/interfaces_pkg/lib/libinterfaces_pkg__rosidl_typesupport_introspection_cpp.so
[6.299s] -- Set runtime path of "/home/euntaek/ws_mobile/install/interfaces_pkg/lib/libinterfaces_pkg__rosidl_typesupport_introspection_cpp.so" to ""
[6.299s] -- Installing: /home/euntaek/ws_mobile/install/interfaces_pkg/lib/libinterfaces_pkg__rosidl_typesupport_cpp.so
[6.299s] -- Set runtime path of "/home/euntaek/ws_mobile/install/interfaces_pkg/lib/libinterfaces_pkg__rosidl_typesupport_cpp.so" to ""
[6.326s] Listing '/home/euntaek/ws_mobile/install/interfaces_pkg/local/lib/python3.10/dist-packages/interfaces_pkg'...
[6.326s] Compiling '/home/euntaek/ws_mobile/install/interfaces_pkg/local/lib/python3.10/dist-packages/interfaces_pkg/__init__.py'...
[6.326s] Listing '/home/euntaek/ws_mobile/install/interfaces_pkg/local/lib/python3.10/dist-packages/interfaces_pkg/msg'...
[6.326s] Compiling '/home/euntaek/ws_mobile/install/interfaces_pkg/local/lib/python3.10/dist-packages/interfaces_pkg/msg/__init__.py'...
[6.326s] Compiling '/home/euntaek/ws_mobile/install/interfaces_pkg/local/lib/python3.10/dist-packages/interfaces_pkg/msg/_bounding_box2_d.py'...
[6.326s] Compiling '/home/euntaek/ws_mobile/install/interfaces_pkg/local/lib/python3.10/dist-packages/interfaces_pkg/msg/_bounding_box3_d.py'...
[6.326s] Compiling '/home/euntaek/ws_mobile/install/interfaces_pkg/local/lib/python3.10/dist-packages/interfaces_pkg/msg/_detection.py'...
[6.326s] Compiling '/home/euntaek/ws_mobile/install/interfaces_pkg/local/lib/python3.10/dist-packages/interfaces_pkg/msg/_detection_array.py'...
[6.326s] Compiling '/home/euntaek/ws_mobile/install/interfaces_pkg/local/lib/python3.10/dist-packages/interfaces_pkg/msg/_key_point2_d.py'...
[6.326s] Compiling '/home/euntaek/ws_mobile/install/interfaces_pkg/local/lib/python3.10/dist-packages/interfaces_pkg/msg/_key_point2_d_array.py'...
[6.326s] Compiling '/home/euntaek/ws_mobile/install/interfaces_pkg/local/lib/python3.10/dist-packages/interfaces_pkg/msg/_key_point3_d.py'...
[6.326s] Compiling '/home/euntaek/ws_mobile/install/interfaces_pkg/local/lib/python3.10/dist-packages/interfaces_pkg/msg/_key_point3_d_array.py'...
[6.326s] Compiling '/home/euntaek/ws_mobile/install/interfaces_pkg/local/lib/python3.10/dist-packages/interfaces_pkg/msg/_lane_info.py'...
[6.327s] Compiling '/home/euntaek/ws_mobile/install/interfaces_pkg/local/lib/python3.10/dist-packages/interfaces_pkg/msg/_mask.py'...
[6.327s] Compiling '/home/euntaek/ws_mobile/install/interfaces_pkg/local/lib/python3.10/dist-packages/interfaces_pkg/msg/_motion_command.py'...
[6.327s] Compiling '/home/euntaek/ws_mobile/install/interfaces_pkg/local/lib/python3.10/dist-packages/interfaces_pkg/msg/_path_planning_result.py'...
[6.327s] Compiling '/home/euntaek/ws_mobile/install/interfaces_pkg/local/lib/python3.10/dist-packages/interfaces_pkg/msg/_point2_d.py'...
[6.327s] Compiling '/home/euntaek/ws_mobile/install/interfaces_pkg/local/lib/python3.10/dist-packages/interfaces_pkg/msg/_pose2_d.py'...
[6.327s] Compiling '/home/euntaek/ws_mobile/install/interfaces_pkg/local/lib/python3.10/dist-packages/interfaces_pkg/msg/_target_point.py'...
[6.327s] Compiling '/home/euntaek/ws_mobile/install/interfaces_pkg/local/lib/python3.10/dist-packages/interfaces_pkg/msg/_vector2.py'...
[6.329s] -- Installing: /home/euntaek/ws_mobile/install/interfaces_pkg/lib/libinterfaces_pkg__rosidl_generator_py.so
[6.329s] -- Set runtime path of "/home/euntaek/ws_mobile/install/interfaces_pkg/lib/libinterfaces_pkg__rosidl_generator_py.so" to ""
[6.329s] -- Installing: /home/euntaek/ws_mobile/install/interfaces_pkg/share/interfaces_pkg/cmake/export_interfaces_pkg__rosidl_generator_cExport.cmake
[6.329s] -- Installing: /home/euntaek/ws_mobile/install/interfaces_pkg/share/interfaces_pkg/cmake/export_interfaces_pkg__rosidl_generator_cExport-noconfig.cmake
[6.329s] -- Installing: /home/euntaek/ws_mobile/install/interfaces_pkg/share/interfaces_pkg/cmake/export_interfaces_pkg__rosidl_typesupport_fastrtps_cExport.cmake
[6.329s] -- Installing: /home/euntaek/ws_mobile/install/interfaces_pkg/share/interfaces_pkg/cmake/export_interfaces_pkg__rosidl_typesupport_fastrtps_cExport-noconfig.cmake
[6.329s] -- Installing: /home/euntaek/ws_mobile/install/interfaces_pkg/share/interfaces_pkg/cmake/interfaces_pkg__rosidl_typesupport_introspection_cExport.cmake
[6.329s] -- Installing: /home/euntaek/ws_mobile/install/interfaces_pkg/share/interfaces_pkg/cmake/interfaces_pkg__rosidl_typesupport_introspection_cExport-noconfig.cmake
[6.330s] -- Installing: /home/euntaek/ws_mobile/install/interfaces_pkg/share/interfaces_pkg/cmake/interfaces_pkg__rosidl_typesupport_cExport.cmake
[6.330s] -- Installing: /home/euntaek/ws_mobile/install/interfaces_pkg/share/interfaces_pkg/cmake/interfaces_pkg__rosidl_typesupport_cExport-noconfig.cmake
[6.330s] -- Installing: /home/euntaek/ws_mobile/install/interfaces_pkg/share/interfaces_pkg/cmake/export_interfaces_pkg__rosidl_generator_cppExport.cmake
[6.330s] -- Installing: /home/euntaek/ws_mobile/install/interfaces_pkg/share/interfaces_pkg/cmake/export_interfaces_pkg__rosidl_typesupport_fastrtps_cppExport.cmake
[6.330s] -- Installing: /home/euntaek/ws_mobile/install/interfaces_pkg/share/interfaces_pkg/cmake/export_interfaces_pkg__rosidl_typesupport_fastrtps_cppExport-noconfig.cmake
[6.330s] -- Installing: /home/euntaek/ws_mobile/install/interfaces_pkg/share/interfaces_pkg/cmake/interfaces_pkg__rosidl_typesupport_introspection_cppExport.cmake
[6.330s] -- Installing: /home/euntaek/ws_mobile/install/interfaces_pkg/share/interfaces_pkg/cmake/interfaces_pkg__rosidl_typesupport_introspection_cppExport-noconfig.cmake
[6.330s] -- Installing: /home/euntaek/ws_mobile/install/interfaces_pkg/share/interfaces_pkg/cmake/interfaces_pkg__rosidl_typesupport_cppExport.cmake
[6.330s] -- Installing: /home/euntaek/ws_mobile/install/interfaces_pkg/share/interfaces_pkg/cmake/interfaces_pkg__rosidl_typesupport_cppExport-noconfig.cmake
[6.330s] -- Installing: /home/euntaek/ws_mobile/install/interfaces_pkg/share/interfaces_pkg/cmake/export_interfaces_pkg__rosidl_generator_pyExport.cmake
[6.330s] -- Installing: /home/euntaek/ws_mobile/install/interfaces_pkg/share/interfaces_pkg/cmake/export_interfaces_pkg__rosidl_generator_pyExport-noconfig.cmake
[6.333s] Invoked command in '/home/euntaek/ws_mobile/build/interfaces_pkg' returned '0': CMAKE_PREFIX_PATH=${CMAKE_PREFIX_PATH}:/home/euntaek/ws_mobile/install/serial_communication_pkg:/home/euntaek/ws_mobile/install/lidar_perception_pkg:/home/euntaek/ws_mobile/install/decision_making_pkg:/home/euntaek/ws_mobile/install/debug_pkg:/home/euntaek/ws_mobile/install/gps_path:/home/euntaek/ws_mobile/install/camera_perception_pkg:/opt/ros/humble /usr/bin/cmake --install /home/euntaek/ws_mobile/build/interfaces_pkg
